#
# There is insufficient memory for the Java Runtime Environment to continue.
# Native memory allocation (mmap) failed to map 65536 bytes for Failed to commit metaspace.
# Possible reasons:
#   The system is out of physical RAM or swap space
#   The process is running with CompressedOops enabled, and the Java Heap may be blocking the growth of the native heap
# Possible solutions:
#   Reduce memory load on the system
#   Increase physical memory or swap space
#   Check if swap backing store is full
#   Decrease Java heap size (-Xmx/-Xms)
#   Decrease number of Java threads
#   Decrease Java thread stack sizes (-Xss)
#   Set larger code cache with -XX:ReservedCodeCacheSize=
#   JVM is running with Zero Based Compressed Oops mode in which the Java heap is
#     placed in the first 32GB address space. The Java Heap base address is the
#     maximum limit for the native heap growth. Please use -XX:HeapBaseMinAddress
#     to set the Java Heap base and to place the Java Heap above 32GB virtual address.
# This output file may be truncated or incomplete.
#
#  Out of Memory Error (virtualSpaceNode.cpp:110), pid=16052, tid=18252
#
# JRE version: Java(TM) SE Runtime Environment (17.0.9+11) (build 17.0.9+11-LTS-201)
# Java VM: Java HotSpot(TM) 64-Bit Server VM (17.0.9+11-LTS-201, mixed mode, emulated-client, sharing, tiered, compressed oops, compressed class ptrs, g1 gc, windows-amd64)
# No core dump will be written. Minidumps are not enabled by default on client versions of Windows
#

---------------  S U M M A R Y ------------

Command Line: -agentlib:jdwp=transport=dt_socket,address=127.0.0.1:57202,suspend=y,server=n -XX:TieredStopAtLevel=1 -Dspring.output.ansi.enabled=always -Dcom.sun.management.jmxremote -Dspring.jmx.enabled=true -Dspring.liveBeansView.mbeanDomain -Dspring.application.admin.enabled=true -Dmanagement.endpoints.jmx.exposure.include=* -javaagent:C:\Users\Asus\AppData\Local\JetBrains\IntelliJIdea2024.1\captureAgent\debugger-agent.jar -Dfile.encoding=UTF-8 vn.edu.fpt.SmartHealthC.SmartHealthCApplication

Host: 12th Gen Intel(R) Core(TM) i5-1240P, 16 cores, 15G,  Windows 11 , 64 bit Build 22621 (10.0.22621.3672)
Time: Wed Jun 26 21:59:06 2024 SE Asia Standard Time elapsed time: 1.444576 seconds (0d 0h 0m 1s)

---------------  T H R E A D  ---------------

Current thread (0x0000018bc64c22b0):  JavaThread "background-preinit" [_thread_in_vm, id=18252, stack(0x00000056e5600000,0x00000056e5700000)]

Stack: [0x00000056e5600000,0x00000056e5700000]
Native frames: (J=compiled Java code, j=interpreted, Vv=VM code, C=native code)
V  [jvm.dll+0x678a4a]
V  [jvm.dll+0x7d9cfd]
V  [jvm.dll+0x7db60e]
V  [jvm.dll+0x7dbc73]
V  [jvm.dll+0x245e1f]
V  [jvm.dll+0x7d5a0b]
V  [jvm.dll+0x61ebc6]
V  [jvm.dll+0x1c01f7]
V  [jvm.dll+0x621530]
V  [jvm.dll+0x61f586]
V  [jvm.dll+0x23a45f]
V  [jvm.dll+0x629325]
V  [jvm.dll+0x1e9c7d]
V  [jvm.dll+0x1ea245]
V  [jvm.dll+0x1eab8b]
V  [jvm.dll+0x1e0391]
V  [jvm.dll+0x53eaec]
V  [jvm.dll+0x754538]
V  [jvm.dll+0x754624]
V  [jvm.dll+0x40c73f]
V  [jvm.dll+0x412759]
C  [java.dll+0x17ec]

Java frames: (J=compiled Java code, j=interpreted, Vv=VM code)
J 1179  java.lang.ClassLoader.defineClass1(Ljava/lang/ClassLoader;Ljava/lang/String;[BIILjava/security/ProtectionDomain;Ljava/lang/String;)Ljava/lang/Class; java.base@17.0.9 (0 bytes) @ 0x0000018bf079e063 [0x0000018bf079dfa0+0x00000000000000c3]
J 1210 c1 java.lang.ClassLoader.defineClass(Ljava/lang/String;[BIILjava/security/ProtectionDomain;)Ljava/lang/Class; java.base@17.0.9 (43 bytes) @ 0x0000018bf07b0124 [0x0000018bf07affe0+0x0000000000000144]
J 1194 c1 jdk.internal.loader.BuiltinClassLoader.defineClass(Ljava/lang/String;Ljdk/internal/loader/Resource;)Ljava/lang/Class; java.base@17.0.9 (121 bytes) @ 0x0000018bf07a91ac [0x0000018bf07a8ca0+0x000000000000050c]
J 1181 c1 jdk.internal.loader.BuiltinClassLoader.findClassOnClassPathOrNull(Ljava/lang/String;)Ljava/lang/Class; java.base@17.0.9 (64 bytes) @ 0x0000018bf07a141c [0x0000018bf07a1120+0x00000000000002fc]
J 970 c1 jdk.internal.loader.BuiltinClassLoader.loadClassOrNull(Ljava/lang/String;Z)Ljava/lang/Class; java.base@17.0.9 (143 bytes) @ 0x0000018bf073db5c [0x0000018bf073d680+0x00000000000004dc]
J 1105 c1 jdk.internal.loader.ClassLoaders$AppClassLoader.loadClass(Ljava/lang/String;Z)Ljava/lang/Class; java.base@17.0.9 (40 bytes) @ 0x0000018bf077da3c [0x0000018bf077d900+0x000000000000013c]
J 1104 c1 java.lang.ClassLoader.loadClass(Ljava/lang/String;)Ljava/lang/Class; java.base@17.0.9 (7 bytes) @ 0x0000018bf077b87c [0x0000018bf077b820+0x000000000000005c]
v  ~StubRoutines::call_stub
J 1179  java.lang.ClassLoader.defineClass1(Ljava/lang/ClassLoader;Ljava/lang/String;[BIILjava/security/ProtectionDomain;Ljava/lang/String;)Ljava/lang/Class; java.base@17.0.9 (0 bytes) @ 0x0000018bf079e063 [0x0000018bf079dfa0+0x00000000000000c3]
J 1210 c1 java.lang.ClassLoader.defineClass(Ljava/lang/String;[BIILjava/security/ProtectionDomain;)Ljava/lang/Class; java.base@17.0.9 (43 bytes) @ 0x0000018bf07b0124 [0x0000018bf07affe0+0x0000000000000144]
J 1194 c1 jdk.internal.loader.BuiltinClassLoader.defineClass(Ljava/lang/String;Ljdk/internal/loader/Resource;)Ljava/lang/Class; java.base@17.0.9 (121 bytes) @ 0x0000018bf07a91ac [0x0000018bf07a8ca0+0x000000000000050c]
J 1181 c1 jdk.internal.loader.BuiltinClassLoader.findClassOnClassPathOrNull(Ljava/lang/String;)Ljava/lang/Class; java.base@17.0.9 (64 bytes) @ 0x0000018bf07a141c [0x0000018bf07a1120+0x00000000000002fc]
J 970 c1 jdk.internal.loader.BuiltinClassLoader.loadClassOrNull(Ljava/lang/String;Z)Ljava/lang/Class; java.base@17.0.9 (143 bytes) @ 0x0000018bf073db5c [0x0000018bf073d680+0x00000000000004dc]
J 1105 c1 jdk.internal.loader.ClassLoaders$AppClassLoader.loadClass(Ljava/lang/String;Z)Ljava/lang/Class; java.base@17.0.9 (40 bytes) @ 0x0000018bf077da3c [0x0000018bf077d900+0x000000000000013c]
J 1104 c1 java.lang.ClassLoader.loadClass(Ljava/lang/String;)Ljava/lang/Class; java.base@17.0.9 (7 bytes) @ 0x0000018bf077b87c [0x0000018bf077b820+0x000000000000005c]
v  ~StubRoutines::call_stub
j  org.springframework.http.converter.json.Jackson2ObjectMapperBuilder.build()Lcom/fasterxml/jackson/databind/ObjectMapper;+77
j  org.springframework.http.converter.json.MappingJackson2HttpMessageConverter.<init>()V+4
j  org.springframework.http.converter.support.AllEncompassingFormHttpMessageConverter.<init>()V+55
j  org.springframework.boot.autoconfigure.BackgroundPreinitializer$MessageConverterInitializer.run()V+4
j  org.springframework.boot.autoconfigure.BackgroundPreinitializer$1.runSafely(Ljava/lang/Runnable;)Z+1
j  org.springframework.boot.autoconfigure.BackgroundPreinitializer$1.run()V+32
j  java.lang.Thread.run()V+11 java.base@17.0.9
v  ~StubRoutines::call_stub

---------------  P R O C E S S  ---------------

Threads class SMR info:
_java_thread_list=0x0000018bc19fb7f0, length=22, elements={
0x0000018be89f6bb0, 0x0000018bffcf60d0, 0x0000018bffcf6f50, 0x0000018bffd07a60,
0x0000018bffd088e0, 0x0000018bffd0c2c0, 0x0000018bffd0cc80, 0x0000018bffd0d6f0,
0x0000018bffd0f510, 0x0000018bc10be610, 0x0000018bffce20c0, 0x0000018bc1151880,
0x0000018bc11524a0, 0x0000018bc1152a70, 0x0000018bc11ca860, 0x0000018bc11cbae0,
0x0000018bc11d0400, 0x0000018bc1209c00, 0x0000018bc19af490, 0x0000018bc64c22b0,
0x0000018bc675ec10, 0x0000018bc67a8570
}

Java Threads: ( => current thread )
  0x0000018be89f6bb0 JavaThread "main" [_thread_in_vm, id=17612, stack(0x00000056e3000000,0x00000056e3100000)]
  0x0000018bffcf60d0 JavaThread "Reference Handler" daemon [_thread_blocked, id=17524, stack(0x00000056e3700000,0x00000056e3800000)]
  0x0000018bffcf6f50 JavaThread "Finalizer" daemon [_thread_blocked, id=1664, stack(0x00000056e3800000,0x00000056e3900000)]
  0x0000018bffd07a60 JavaThread "Signal Dispatcher" daemon [_thread_blocked, id=17596, stack(0x00000056e3900000,0x00000056e3a00000)]
  0x0000018bffd088e0 JavaThread "Attach Listener" daemon [_thread_blocked, id=2176, stack(0x00000056e3a00000,0x00000056e3b00000)]
  0x0000018bffd0c2c0 JavaThread "Service Thread" daemon [_thread_blocked, id=11560, stack(0x00000056e3b00000,0x00000056e3c00000)]
  0x0000018bffd0cc80 JavaThread "Monitor Deflation Thread" daemon [_thread_blocked, id=13112, stack(0x00000056e3c00000,0x00000056e3d00000)]
  0x0000018bffd0d6f0 JavaThread "C1 CompilerThread0" daemon [_thread_blocked, id=16872, stack(0x00000056e3d00000,0x00000056e3e00000)]
  0x0000018bffd0f510 JavaThread "Sweeper thread" daemon [_thread_blocked, id=13476, stack(0x00000056e3e00000,0x00000056e3f00000)]
  0x0000018bc10be610 JavaThread "Common-Cleaner" daemon [_thread_blocked, id=12180, stack(0x00000056e3f00000,0x00000056e4000000)]
  0x0000018bffce20c0 JavaThread "C1 CompilerThread1" daemon [_thread_blocked, id=18220, stack(0x00000056e4000000,0x00000056e4100000)]
  0x0000018bc1151880 JavaThread "C1 CompilerThread2" daemon [_thread_blocked, id=14144, stack(0x00000056e4100000,0x00000056e4200000)]
  0x0000018bc11524a0 JavaThread "C1 CompilerThread3" daemon [_thread_blocked, id=16696, stack(0x00000056e4200000,0x00000056e4300000)]
  0x0000018bc1152a70 JavaThread "C1 CompilerThread4" daemon [_thread_blocked, id=16700, stack(0x00000056e4300000,0x00000056e4400000)]
  0x0000018bc11ca860 JavaThread "JDWP Transport Listener: dt_socket" daemon [_thread_blocked, id=17372, stack(0x00000056e4400000,0x00000056e4500000)]
  0x0000018bc11cbae0 JavaThread "JDWP Event Helper Thread" daemon [_thread_blocked, id=12024, stack(0x00000056e4500000,0x00000056e4600000)]
  0x0000018bc11d0400 JavaThread "JDWP Command Reader" daemon [_thread_in_native, id=17164, stack(0x00000056e4600000,0x00000056e4700000)]
  0x0000018bc1209c00 JavaThread "Notification Thread" daemon [_thread_blocked, id=6564, stack(0x00000056e4700000,0x00000056e4800000)]
  0x0000018bc19af490 JavaThread "RMI TCP Accept-0" daemon [_thread_in_native, id=12964, stack(0x00000056e4800000,0x00000056e4900000)]
=>0x0000018bc64c22b0 JavaThread "background-preinit" [_thread_in_vm, id=18252, stack(0x00000056e5600000,0x00000056e5700000)]
  0x0000018bc675ec10 JavaThread "RMI TCP Connection(1)-192.168.0.106" daemon [_thread_in_native, id=16404, stack(0x00000056e5700000,0x00000056e5800000)]
  0x0000018bc67a8570 JavaThread "RMI Scheduler(0)" daemon [_thread_blocked, id=2104, stack(0x00000056e5800000,0x00000056e5900000)]

Other Threads:
  0x0000018bffcf0c80 VMThread "VM Thread" [stack: 0x00000056e3600000,0x00000056e3700000] [id=14600]
  0x0000018be89f7840 WatcherThread [stack: 0x00000056e4900000,0x00000056e4a00000] [id=17040]
  0x0000018be8a642c0 GCTaskThread "GC Thread#0" [stack: 0x00000056e3100000,0x00000056e3200000] [id=12888]
  0x0000018bc1baf0f0 GCTaskThread "GC Thread#1" [stack: 0x00000056e4a00000,0x00000056e4b00000] [id=3396]
  0x0000018bc1baf3b0 GCTaskThread "GC Thread#2" [stack: 0x00000056e4b00000,0x00000056e4c00000] [id=3616]
  0x0000018bc1bb1c90 GCTaskThread "GC Thread#3" [stack: 0x00000056e4c00000,0x00000056e4d00000] [id=6512]
  0x0000018bc1bb4b80 GCTaskThread "GC Thread#4" [stack: 0x00000056e4d00000,0x00000056e4e00000] [id=9844]
  0x0000018bc1bb5250 GCTaskThread "GC Thread#5" [stack: 0x00000056e4e00000,0x00000056e4f00000] [id=9328]
  0x0000018bc1be4670 GCTaskThread "GC Thread#6" [stack: 0x00000056e4f00000,0x00000056e5000000] [id=17776]
  0x0000018bc1be4d40 GCTaskThread "GC Thread#7" [stack: 0x00000056e5000000,0x00000056e5100000] [id=6708]
  0x0000018bc1be5000 GCTaskThread "GC Thread#8" [stack: 0x00000056e5100000,0x00000056e5200000] [id=3784]
  0x0000018bc1be5ae0 GCTaskThread "GC Thread#9" [stack: 0x00000056e5200000,0x00000056e5300000] [id=18244]
  0x0000018bc1be5eb0 GCTaskThread "GC Thread#10" [stack: 0x00000056e5300000,0x00000056e5400000] [id=1956]
  0x0000018bc1be6580 GCTaskThread "GC Thread#11" [stack: 0x00000056e5400000,0x00000056e5500000] [id=9920]
  0x0000018bc1be6a50 GCTaskThread "GC Thread#12" [stack: 0x00000056e5500000,0x00000056e5600000] [id=17972]
  0x0000018be8a74c50 ConcurrentGCThread "G1 Main Marker" [stack: 0x00000056e3200000,0x00000056e3300000] [id=11572]
  0x0000018be8a75660 ConcurrentGCThread "G1 Conc#0" [stack: 0x00000056e3300000,0x00000056e3400000] [id=15324]
  0x0000018bffc30940 ConcurrentGCThread "G1 Refine#0" [stack: 0x00000056e3400000,0x00000056e3500000] [id=17504]
  0x0000018bffc31370 ConcurrentGCThread "G1 Service" [stack: 0x00000056e3500000,0x00000056e3600000] [id=5416]

Threads with active compile tasks:

VM state: not at safepoint (normal execution)

VM Mutex/Monitor currently owned by a thread:  ([mutex/lock_event])
[0x0000018be89f0f20] Metaspace_lock - owner thread: 0x0000018bc64c22b0

Heap address: 0x0000000705c00000, size: 4004 MB, Compressed Oops mode: Zero based, Oop shift amount: 3

CDS archive(s) mapped at: [0x0000018b80000000-0x0000018b80bd0000-0x0000018b80bd0000), size 12386304, SharedBaseAddress: 0x0000018b80000000, ArchiveRelocationMode: 1.
Compressed class space mapped at: 0x0000018b81000000-0x0000018bc1000000, reserved size: 1073741824
Narrow klass base: 0x0000018b80000000, Narrow klass shift: 0, Narrow klass range: 0x100000000

GC Precious Log:
 CPUs: 16 total, 16 available
 Memory: 16008M
 Large Page Support: Disabled
 NUMA Support: Disabled
 Compressed Oops: Enabled (Zero based)
 Heap Region Size: 2M
 Heap Min Capacity: 8M
 Heap Initial Capacity: 252M
 Heap Max Capacity: 4004M
 Pre-touch: Disabled
 Parallel Workers: 13
 Concurrent Workers: 3
 Concurrent Refinement Workers: 13
 Periodic GC: Disabled

Heap:
 garbage-first heap   total 258048K, used 47847K [0x0000000705c00000, 0x0000000800000000)
  region size 2048K, 23 young (47104K), 2 survivors (4096K)
 Metaspace       used 17364K, committed 17600K, reserved 1114112K
  class space    used 2376K, committed 2496K, reserved 1048576K

Heap Regions: E=young(eden), S=young(survivor), O=old, HS=humongous(starts), HC=humongous(continues), CS=collection set, F=free, OA=open archive, CA=closed archive, TAMS=top-at-mark-start (previous, next)
|   0|0x0000000705c00000, 0x0000000705e00000, 0x0000000705e00000|100%| O|  |TAMS 0x0000000705c00000, 0x0000000705c00000| Untracked 
|   1|0x0000000705e00000, 0x0000000706000000, 0x0000000706000000|100%| O|  |TAMS 0x0000000705e00000, 0x0000000705e00000| Untracked 
|   2|0x0000000706000000, 0x0000000706200000, 0x0000000706200000|100%| O|  |TAMS 0x0000000706000000, 0x0000000706000000| Untracked 
|   3|0x0000000706200000, 0x0000000706283400, 0x0000000706400000| 25%| O|  |TAMS 0x0000000706200000, 0x0000000706200000| Untracked 
|   4|0x0000000706400000, 0x0000000706400000, 0x0000000706600000|  0%| F|  |TAMS 0x0000000706400000, 0x0000000706400000| Untracked 
|   5|0x0000000706600000, 0x0000000706600000, 0x0000000706800000|  0%| F|  |TAMS 0x0000000706600000, 0x0000000706600000| Untracked 
|   6|0x0000000706800000, 0x0000000706800000, 0x0000000706a00000|  0%| F|  |TAMS 0x0000000706800000, 0x0000000706800000| Untracked 
|   7|0x0000000706a00000, 0x0000000706a00000, 0x0000000706c00000|  0%| F|  |TAMS 0x0000000706a00000, 0x0000000706a00000| Untracked 
|   8|0x0000000706c00000, 0x0000000706c00000, 0x0000000706e00000|  0%| F|  |TAMS 0x0000000706c00000, 0x0000000706c00000| Untracked 
|   9|0x0000000706e00000, 0x0000000706e00000, 0x0000000707000000|  0%| F|  |TAMS 0x0000000706e00000, 0x0000000706e00000| Untracked 
|  10|0x0000000707000000, 0x0000000707000000, 0x0000000707200000|  0%| F|  |TAMS 0x0000000707000000, 0x0000000707000000| Untracked 
|  11|0x0000000707200000, 0x0000000707200000, 0x0000000707400000|  0%| F|  |TAMS 0x0000000707200000, 0x0000000707200000| Untracked 
|  12|0x0000000707400000, 0x0000000707400000, 0x0000000707600000|  0%| F|  |TAMS 0x0000000707400000, 0x0000000707400000| Untracked 
|  13|0x0000000707600000, 0x0000000707600000, 0x0000000707800000|  0%| F|  |TAMS 0x0000000707600000, 0x0000000707600000| Untracked 
|  14|0x0000000707800000, 0x0000000707800000, 0x0000000707a00000|  0%| F|  |TAMS 0x0000000707800000, 0x0000000707800000| Untracked 
|  15|0x0000000707a00000, 0x0000000707a00000, 0x0000000707c00000|  0%| F|  |TAMS 0x0000000707a00000, 0x0000000707a00000| Untracked 
|  16|0x0000000707c00000, 0x0000000707c00000, 0x0000000707e00000|  0%| F|  |TAMS 0x0000000707c00000, 0x0000000707c00000| Untracked 
|  17|0x0000000707e00000, 0x0000000707e00000, 0x0000000708000000|  0%| F|  |TAMS 0x0000000707e00000, 0x0000000707e00000| Untracked 
|  18|0x0000000708000000, 0x0000000708000000, 0x0000000708200000|  0%| F|  |TAMS 0x0000000708000000, 0x0000000708000000| Untracked 
|  19|0x0000000708200000, 0x0000000708200000, 0x0000000708400000|  0%| F|  |TAMS 0x0000000708200000, 0x0000000708200000| Untracked 
|  20|0x0000000708400000, 0x0000000708400000, 0x0000000708600000|  0%| F|  |TAMS 0x0000000708400000, 0x0000000708400000| Untracked 
|  21|0x0000000708600000, 0x0000000708600000, 0x0000000708800000|  0%| F|  |TAMS 0x0000000708600000, 0x0000000708600000| Untracked 
|  22|0x0000000708800000, 0x0000000708800000, 0x0000000708a00000|  0%| F|  |TAMS 0x0000000708800000, 0x0000000708800000| Untracked 
|  23|0x0000000708a00000, 0x0000000708a00000, 0x0000000708c00000|  0%| F|  |TAMS 0x0000000708a00000, 0x0000000708a00000| Untracked 
|  24|0x0000000708c00000, 0x0000000708c00000, 0x0000000708e00000|  0%| F|  |TAMS 0x0000000708c00000, 0x0000000708c00000| Untracked 
|  25|0x0000000708e00000, 0x0000000708e00000, 0x0000000709000000|  0%| F|  |TAMS 0x0000000708e00000, 0x0000000708e00000| Untracked 
|  26|0x0000000709000000, 0x0000000709000000, 0x0000000709200000|  0%| F|  |TAMS 0x0000000709000000, 0x0000000709000000| Untracked 
|  27|0x0000000709200000, 0x0000000709200000, 0x0000000709400000|  0%| F|  |TAMS 0x0000000709200000, 0x0000000709200000| Untracked 
|  28|0x0000000709400000, 0x0000000709400000, 0x0000000709600000|  0%| F|  |TAMS 0x0000000709400000, 0x0000000709400000| Untracked 
|  29|0x0000000709600000, 0x0000000709600000, 0x0000000709800000|  0%| F|  |TAMS 0x0000000709600000, 0x0000000709600000| Untracked 
|  30|0x0000000709800000, 0x0000000709800000, 0x0000000709a00000|  0%| F|  |TAMS 0x0000000709800000, 0x0000000709800000| Untracked 
|  31|0x0000000709a00000, 0x0000000709a00000, 0x0000000709c00000|  0%| F|  |TAMS 0x0000000709a00000, 0x0000000709a00000| Untracked 
|  32|0x0000000709c00000, 0x0000000709c00000, 0x0000000709e00000|  0%| F|  |TAMS 0x0000000709c00000, 0x0000000709c00000| Untracked 
|  33|0x0000000709e00000, 0x0000000709e00000, 0x000000070a000000|  0%| F|  |TAMS 0x0000000709e00000, 0x0000000709e00000| Untracked 
|  34|0x000000070a000000, 0x000000070a000000, 0x000000070a200000|  0%| F|  |TAMS 0x000000070a000000, 0x000000070a000000| Untracked 
|  35|0x000000070a200000, 0x000000070a200000, 0x000000070a400000|  0%| F|  |TAMS 0x000000070a200000, 0x000000070a200000| Untracked 
|  36|0x000000070a400000, 0x000000070a400000, 0x000000070a600000|  0%| F|  |TAMS 0x000000070a400000, 0x000000070a400000| Untracked 
|  37|0x000000070a600000, 0x000000070a600000, 0x000000070a800000|  0%| F|  |TAMS 0x000000070a600000, 0x000000070a600000| Untracked 
|  38|0x000000070a800000, 0x000000070a800000, 0x000000070aa00000|  0%| F|  |TAMS 0x000000070a800000, 0x000000070a800000| Untracked 
|  39|0x000000070aa00000, 0x000000070aa00000, 0x000000070ac00000|  0%| F|  |TAMS 0x000000070aa00000, 0x000000070aa00000| Untracked 
|  40|0x000000070ac00000, 0x000000070ac00000, 0x000000070ae00000|  0%| F|  |TAMS 0x000000070ac00000, 0x000000070ac00000| Untracked 
|  41|0x000000070ae00000, 0x000000070ae00000, 0x000000070b000000|  0%| F|  |TAMS 0x000000070ae00000, 0x000000070ae00000| Untracked 
|  42|0x000000070b000000, 0x000000070b000000, 0x000000070b200000|  0%| F|  |TAMS 0x000000070b000000, 0x000000070b000000| Untracked 
|  43|0x000000070b200000, 0x000000070b200000, 0x000000070b400000|  0%| F|  |TAMS 0x000000070b200000, 0x000000070b200000| Untracked 
|  44|0x000000070b400000, 0x000000070b400000, 0x000000070b600000|  0%| F|  |TAMS 0x000000070b400000, 0x000000070b400000| Untracked 
|  45|0x000000070b600000, 0x000000070b600000, 0x000000070b800000|  0%| F|  |TAMS 0x000000070b600000, 0x000000070b600000| Untracked 
|  46|0x000000070b800000, 0x000000070b800000, 0x000000070ba00000|  0%| F|  |TAMS 0x000000070b800000, 0x000000070b800000| Untracked 
|  47|0x000000070ba00000, 0x000000070ba00000, 0x000000070bc00000|  0%| F|  |TAMS 0x000000070ba00000, 0x000000070ba00000| Untracked 
|  48|0x000000070bc00000, 0x000000070bc00000, 0x000000070be00000|  0%| F|  |TAMS 0x000000070bc00000, 0x000000070bc00000| Untracked 
|  49|0x000000070be00000, 0x000000070be00000, 0x000000070c000000|  0%| F|  |TAMS 0x000000070be00000, 0x000000070be00000| Untracked 
|  50|0x000000070c000000, 0x000000070c000000, 0x000000070c200000|  0%| F|  |TAMS 0x000000070c000000, 0x000000070c000000| Untracked 
|  51|0x000000070c200000, 0x000000070c200000, 0x000000070c400000|  0%| F|  |TAMS 0x000000070c200000, 0x000000070c200000| Untracked 
|  52|0x000000070c400000, 0x000000070c400000, 0x000000070c600000|  0%| F|  |TAMS 0x000000070c400000, 0x000000070c400000| Untracked 
|  53|0x000000070c600000, 0x000000070c600000, 0x000000070c800000|  0%| F|  |TAMS 0x000000070c600000, 0x000000070c600000| Untracked 
|  54|0x000000070c800000, 0x000000070c800000, 0x000000070ca00000|  0%| F|  |TAMS 0x000000070c800000, 0x000000070c800000| Untracked 
|  55|0x000000070ca00000, 0x000000070ca00000, 0x000000070cc00000|  0%| F|  |TAMS 0x000000070ca00000, 0x000000070ca00000| Untracked 
|  56|0x000000070cc00000, 0x000000070cc00000, 0x000000070ce00000|  0%| F|  |TAMS 0x000000070cc00000, 0x000000070cc00000| Untracked 
|  57|0x000000070ce00000, 0x000000070ce00000, 0x000000070d000000|  0%| F|  |TAMS 0x000000070ce00000, 0x000000070ce00000| Untracked 
|  58|0x000000070d000000, 0x000000070d000000, 0x000000070d200000|  0%| F|  |TAMS 0x000000070d000000, 0x000000070d000000| Untracked 
|  59|0x000000070d200000, 0x000000070d200000, 0x000000070d400000|  0%| F|  |TAMS 0x000000070d200000, 0x000000070d200000| Untracked 
|  60|0x000000070d400000, 0x000000070d400000, 0x000000070d600000|  0%| F|  |TAMS 0x000000070d400000, 0x000000070d400000| Untracked 
|  61|0x000000070d600000, 0x000000070d600000, 0x000000070d800000|  0%| F|  |TAMS 0x000000070d600000, 0x000000070d600000| Untracked 
|  62|0x000000070d800000, 0x000000070d800000, 0x000000070da00000|  0%| F|  |TAMS 0x000000070d800000, 0x000000070d800000| Untracked 
|  63|0x000000070da00000, 0x000000070da00000, 0x000000070dc00000|  0%| F|  |TAMS 0x000000070da00000, 0x000000070da00000| Untracked 
|  64|0x000000070dc00000, 0x000000070dc00000, 0x000000070de00000|  0%| F|  |TAMS 0x000000070dc00000, 0x000000070dc00000| Untracked 
|  65|0x000000070de00000, 0x000000070de00000, 0x000000070e000000|  0%| F|  |TAMS 0x000000070de00000, 0x000000070de00000| Untracked 
|  66|0x000000070e000000, 0x000000070e000000, 0x000000070e200000|  0%| F|  |TAMS 0x000000070e000000, 0x000000070e000000| Untracked 
|  67|0x000000070e200000, 0x000000070e200000, 0x000000070e400000|  0%| F|  |TAMS 0x000000070e200000, 0x000000070e200000| Untracked 
|  68|0x000000070e400000, 0x000000070e400000, 0x000000070e600000|  0%| F|  |TAMS 0x000000070e400000, 0x000000070e400000| Untracked 
|  69|0x000000070e600000, 0x000000070e600000, 0x000000070e800000|  0%| F|  |TAMS 0x000000070e600000, 0x000000070e600000| Untracked 
|  70|0x000000070e800000, 0x000000070e800000, 0x000000070ea00000|  0%| F|  |TAMS 0x000000070e800000, 0x000000070e800000| Untracked 
|  71|0x000000070ea00000, 0x000000070ea00000, 0x000000070ec00000|  0%| F|  |TAMS 0x000000070ea00000, 0x000000070ea00000| Untracked 
|  72|0x000000070ec00000, 0x000000070ec00000, 0x000000070ee00000|  0%| F|  |TAMS 0x000000070ec00000, 0x000000070ec00000| Untracked 
|  73|0x000000070ee00000, 0x000000070ee00000, 0x000000070f000000|  0%| F|  |TAMS 0x000000070ee00000, 0x000000070ee00000| Untracked 
|  74|0x000000070f000000, 0x000000070f000000, 0x000000070f200000|  0%| F|  |TAMS 0x000000070f000000, 0x000000070f000000| Untracked 
|  75|0x000000070f200000, 0x000000070f200000, 0x000000070f400000|  0%| F|  |TAMS 0x000000070f200000, 0x000000070f200000| Untracked 
|  76|0x000000070f400000, 0x000000070f400000, 0x000000070f600000|  0%| F|  |TAMS 0x000000070f400000, 0x000000070f400000| Untracked 
|  77|0x000000070f600000, 0x000000070f600000, 0x000000070f800000|  0%| F|  |TAMS 0x000000070f600000, 0x000000070f600000| Untracked 
|  78|0x000000070f800000, 0x000000070f800000, 0x000000070fa00000|  0%| F|  |TAMS 0x000000070f800000, 0x000000070f800000| Untracked 
|  79|0x000000070fa00000, 0x000000070fa00000, 0x000000070fc00000|  0%| F|  |TAMS 0x000000070fa00000, 0x000000070fa00000| Untracked 
|  80|0x000000070fc00000, 0x000000070fc00000, 0x000000070fe00000|  0%| F|  |TAMS 0x000000070fc00000, 0x000000070fc00000| Untracked 
|  81|0x000000070fe00000, 0x000000070fe00000, 0x0000000710000000|  0%| F|  |TAMS 0x000000070fe00000, 0x000000070fe00000| Untracked 
|  82|0x0000000710000000, 0x0000000710000000, 0x0000000710200000|  0%| F|  |TAMS 0x0000000710000000, 0x0000000710000000| Untracked 
|  83|0x0000000710200000, 0x0000000710200000, 0x0000000710400000|  0%| F|  |TAMS 0x0000000710200000, 0x0000000710200000| Untracked 
|  84|0x0000000710400000, 0x0000000710400000, 0x0000000710600000|  0%| F|  |TAMS 0x0000000710400000, 0x0000000710400000| Untracked 
|  85|0x0000000710600000, 0x0000000710600000, 0x0000000710800000|  0%| F|  |TAMS 0x0000000710600000, 0x0000000710600000| Untracked 
|  86|0x0000000710800000, 0x0000000710800000, 0x0000000710a00000|  0%| F|  |TAMS 0x0000000710800000, 0x0000000710800000| Untracked 
|  87|0x0000000710a00000, 0x0000000710a00000, 0x0000000710c00000|  0%| F|  |TAMS 0x0000000710a00000, 0x0000000710a00000| Untracked 
|  88|0x0000000710c00000, 0x0000000710c00000, 0x0000000710e00000|  0%| F|  |TAMS 0x0000000710c00000, 0x0000000710c00000| Untracked 
|  89|0x0000000710e00000, 0x0000000710e00000, 0x0000000711000000|  0%| F|  |TAMS 0x0000000710e00000, 0x0000000710e00000| Untracked 
|  90|0x0000000711000000, 0x0000000711000000, 0x0000000711200000|  0%| F|  |TAMS 0x0000000711000000, 0x0000000711000000| Untracked 
|  91|0x0000000711200000, 0x0000000711200000, 0x0000000711400000|  0%| F|  |TAMS 0x0000000711200000, 0x0000000711200000| Untracked 
|  92|0x0000000711400000, 0x0000000711400000, 0x0000000711600000|  0%| F|  |TAMS 0x0000000711400000, 0x0000000711400000| Untracked 
|  93|0x0000000711600000, 0x0000000711600000, 0x0000000711800000|  0%| F|  |TAMS 0x0000000711600000, 0x0000000711600000| Untracked 
|  94|0x0000000711800000, 0x0000000711800000, 0x0000000711a00000|  0%| F|  |TAMS 0x0000000711800000, 0x0000000711800000| Untracked 
|  95|0x0000000711a00000, 0x0000000711a00000, 0x0000000711c00000|  0%| F|  |TAMS 0x0000000711a00000, 0x0000000711a00000| Untracked 
|  96|0x0000000711c00000, 0x0000000711c00000, 0x0000000711e00000|  0%| F|  |TAMS 0x0000000711c00000, 0x0000000711c00000| Untracked 
|  97|0x0000000711e00000, 0x0000000711e00000, 0x0000000712000000|  0%| F|  |TAMS 0x0000000711e00000, 0x0000000711e00000| Untracked 
|  98|0x0000000712000000, 0x0000000712000000, 0x0000000712200000|  0%| F|  |TAMS 0x0000000712000000, 0x0000000712000000| Untracked 
|  99|0x0000000712200000, 0x0000000712200000, 0x0000000712400000|  0%| F|  |TAMS 0x0000000712200000, 0x0000000712200000| Untracked 
| 100|0x0000000712400000, 0x0000000712400000, 0x0000000712600000|  0%| F|  |TAMS 0x0000000712400000, 0x0000000712400000| Untracked 
| 101|0x0000000712600000, 0x0000000712600000, 0x0000000712800000|  0%| F|  |TAMS 0x0000000712600000, 0x0000000712600000| Untracked 
| 102|0x0000000712800000, 0x0000000712800000, 0x0000000712a00000|  0%| F|  |TAMS 0x0000000712800000, 0x0000000712800000| Untracked 
| 103|0x0000000712a00000, 0x0000000712a25b20, 0x0000000712c00000|  7%| E|  |TAMS 0x0000000712a00000, 0x0000000712a00000| Complete 
| 104|0x0000000712c00000, 0x0000000712e00000, 0x0000000712e00000|100%| E|CS|TAMS 0x0000000712c00000, 0x0000000712c00000| Complete 
| 105|0x0000000712e00000, 0x0000000713000000, 0x0000000713000000|100%| E|CS|TAMS 0x0000000712e00000, 0x0000000712e00000| Complete 
| 106|0x0000000713000000, 0x0000000713200000, 0x0000000713200000|100%| E|CS|TAMS 0x0000000713000000, 0x0000000713000000| Complete 
| 107|0x0000000713200000, 0x0000000713400000, 0x0000000713400000|100%| E|  |TAMS 0x0000000713200000, 0x0000000713200000| Complete 
| 108|0x0000000713400000, 0x0000000713600000, 0x0000000713600000|100%| E|CS|TAMS 0x0000000713400000, 0x0000000713400000| Complete 
| 109|0x0000000713600000, 0x0000000713636980, 0x0000000713800000| 10%| S|CS|TAMS 0x0000000713600000, 0x0000000713600000| Complete 
| 110|0x0000000713800000, 0x0000000713a00000, 0x0000000713a00000|100%| S|CS|TAMS 0x0000000713800000, 0x0000000713800000| Complete 
| 111|0x0000000713a00000, 0x0000000713c00000, 0x0000000713c00000|100%| E|CS|TAMS 0x0000000713a00000, 0x0000000713a00000| Complete 
| 112|0x0000000713c00000, 0x0000000713e00000, 0x0000000713e00000|100%| E|CS|TAMS 0x0000000713c00000, 0x0000000713c00000| Complete 
| 113|0x0000000713e00000, 0x0000000714000000, 0x0000000714000000|100%| E|CS|TAMS 0x0000000713e00000, 0x0000000713e00000| Complete 
| 114|0x0000000714000000, 0x0000000714200000, 0x0000000714200000|100%| E|CS|TAMS 0x0000000714000000, 0x0000000714000000| Complete 
| 115|0x0000000714200000, 0x0000000714400000, 0x0000000714400000|100%| E|CS|TAMS 0x0000000714200000, 0x0000000714200000| Complete 
| 116|0x0000000714400000, 0x0000000714600000, 0x0000000714600000|100%| E|CS|TAMS 0x0000000714400000, 0x0000000714400000| Complete 
| 117|0x0000000714600000, 0x0000000714800000, 0x0000000714800000|100%| E|CS|TAMS 0x0000000714600000, 0x0000000714600000| Complete 
| 118|0x0000000714800000, 0x0000000714a00000, 0x0000000714a00000|100%| E|CS|TAMS 0x0000000714800000, 0x0000000714800000| Complete 
| 119|0x0000000714a00000, 0x0000000714c00000, 0x0000000714c00000|100%| E|CS|TAMS 0x0000000714a00000, 0x0000000714a00000| Complete 
| 120|0x0000000714c00000, 0x0000000714e00000, 0x0000000714e00000|100%| E|CS|TAMS 0x0000000714c00000, 0x0000000714c00000| Complete 
| 121|0x0000000714e00000, 0x0000000715000000, 0x0000000715000000|100%| E|CS|TAMS 0x0000000714e00000, 0x0000000714e00000| Complete 
| 122|0x0000000715000000, 0x0000000715200000, 0x0000000715200000|100%| E|CS|TAMS 0x0000000715000000, 0x0000000715000000| Complete 
| 123|0x0000000715200000, 0x0000000715400000, 0x0000000715400000|100%| E|CS|TAMS 0x0000000715200000, 0x0000000715200000| Complete 
| 124|0x0000000715400000, 0x0000000715600000, 0x0000000715600000|100%| E|CS|TAMS 0x0000000715400000, 0x0000000715400000| Complete 
| 125|0x0000000715600000, 0x0000000715800000, 0x0000000715800000|100%| E|CS|TAMS 0x0000000715600000, 0x0000000715600000| Complete 

Card table byte_map: [0x0000018bf40d0000,0x0000018bf48b0000] _byte_map_base: 0x0000018bf08a2000

Marking Bits (Prev, Next): (CMBitMap*) 0x0000018be8a648e0, (CMBitMap*) 0x0000018be8a64920
 Prev Bits: [0x0000018bf5090000, 0x0000018bf8f20000)
 Next Bits: [0x0000018bf8f20000, 0x0000018bfcdb0000)

Polling page: 0x0000018be81b0000

Metaspace:

Usage:
  Non-class:     14.64 MB used.
      Class:      2.32 MB used.
       Both:     16.96 MB used.

Virtual space:
  Non-class space:       64.00 MB reserved,      14.75 MB ( 23%) committed,  1 nodes.
      Class space:        1.00 GB reserved,       2.44 MB ( <1%) committed,  1 nodes.
             Both:        1.06 GB reserved,      17.19 MB (  2%) committed. 

Chunk freelists:
   Non-Class:  1.23 MB
       Class:  13.47 MB
        Both:  14.70 MB

MaxMetaspaceSize: unlimited
CompressedClassSpaceSize: 1.00 GB
Initial GC threshold: 21.00 MB
Current GC threshold: 21.00 MB
CDS: on
MetaspaceReclaimPolicy: balanced
 - commit_granule_bytes: 65536.
 - commit_granule_words: 8192.
 - virtual_space_node_default_size: 8388608.
 - enlarge_chunks_in_place: 1.
 - new_chunks_are_fully_committed: 0.
 - uncommit_free_chunks: 1.
 - use_allocation_guard: 0.
 - handle_deallocations: 1.


Internal statistics:

num_allocs_failed_limit: 0.
num_arena_births: 300.
num_arena_deaths: 0.
num_vsnodes_births: 2.
num_vsnodes_deaths: 0.
num_space_committed: 275.
num_space_uncommitted: 0.
num_chunks_returned_to_freelist: 0.
num_chunks_taken_from_freelist: 831.
num_chunk_merges: 0.
num_chunk_splits: 542.
num_chunks_enlarged: 383.
num_inconsistent_stats: 0.

CodeCache: size=49152Kb used=7236Kb max_used=7236Kb free=41915Kb
 bounds [0x0000018bf0280000, 0x0000018bf09a0000, 0x0000018bf3280000]
 total_blobs=2827 nmethods=2331 adapters=419
 compilation: enabled
              stopped_count=0, restarted_count=0
 full_count=0

Compilation events (20 events):
Event: 1.440 Thread 0x0000018bffce20c0 2306       1       org.springframework.core.annotation.TypeMappedAnnotation::getAggregateIndex (5 bytes)
Event: 1.440 Thread 0x0000018bc1151880 nmethod 2305 0x0000018bf097fc10 code [0x0000018bf097fdc0, 0x0000018bf097fec8]
Event: 1.440 Thread 0x0000018bffce20c0 nmethod 2306 0x0000018bf097ff90 code [0x0000018bf0980120, 0x0000018bf09801f8]
Event: 1.441 Thread 0x0000018bc1151880 2307       1       org.springframework.asm.Type::<init> (26 bytes)
Event: 1.441 Thread 0x0000018bffd0d6f0 2308       1       org.springframework.asm.Type::getTypeInternal (205 bytes)
Event: 1.441 Thread 0x0000018bc11524a0 2309       1       org.springframework.asm.Type::getClassName (172 bytes)
Event: 1.441 Thread 0x0000018bc1151880 nmethod 2307 0x0000018bf0980290 code [0x0000018bf0980420, 0x0000018bf0980538]
Event: 1.441 Thread 0x0000018bffd0d6f0 nmethod 2308 0x0000018bf0980590 code [0x0000018bf0980800, 0x0000018bf0981078]
Event: 1.441 Thread 0x0000018bffd0d6f0 2310       1       org.springframework.asm.AnnotationVisitor::<init> (7 bytes)
Event: 1.441 Thread 0x0000018bffce20c0 2311       1       org.springframework.asm.AnnotationVisitor::<init> (71 bytes)
Event: 1.441 Thread 0x0000018bc1152a70 2312       1       org.springframework.core.annotation.TypeMappedAnnotation$$Lambda$354/0x0000018b81223b38::extract (6 bytes)
Event: 1.441 Thread 0x0000018bc1151880 2313       1       org.springframework.core.annotation.TypeMappedAnnotation::extractFromMap (22 bytes)
Event: 1.441 Thread 0x0000018bffd0d6f0 nmethod 2310 0x0000018bf0981390 code [0x0000018bf0981520, 0x0000018bf0981628]
Event: 1.442 Thread 0x0000018bc1151880 nmethod 2313 0x0000018bf0981690 code [0x0000018bf0981840, 0x0000018bf09819c8]
Event: 1.442 Thread 0x0000018bc1152a70 nmethod 2312 0x0000018bf0981a90 code [0x0000018bf0981c40, 0x0000018bf0981de8]
Event: 1.442 Thread 0x0000018bffce20c0 nmethod 2311 0x0000018bf0981f10 code [0x0000018bf09820c0, 0x0000018bf0982338]
Event: 1.442 Thread 0x0000018bc11524a0 nmethod 2309 0x0000018bf0982490 code [0x0000018bf0982740, 0x0000018bf09830c8]
Event: 1.443 Thread 0x0000018bc1151880 2314       1       sun.nio.ch.NativeThread::current (2 bytes)
Event: 1.443 Thread 0x0000018bc1151880 nmethod 2314 0x0000018bf0983610 code [0x0000018bf09837a0, 0x0000018bf0983858]
Event: 1.443 Thread 0x0000018bc1151880 2315       1       org.springframework.asm.ClassReader::readElementValue (1237 bytes)

GC Heap History (4 events):
Event: 0.558 GC heap before
{Heap before GC invocations=0 (full 0):
 garbage-first heap   total 258048K, used 20480K [0x0000000705c00000, 0x0000000800000000)
  region size 2048K, 11 young (22528K), 0 survivors (0K)
 Metaspace       used 5473K, committed 5696K, reserved 1114112K
  class space    used 649K, committed 768K, reserved 1048576K
}
Event: 0.563 GC heap after
{Heap after GC invocations=1 (full 0):
 garbage-first heap   total 258048K, used 6858K [0x0000000705c00000, 0x0000000800000000)
  region size 2048K, 2 young (4096K), 2 survivors (4096K)
 Metaspace       used 5473K, committed 5696K, reserved 1114112K
  class space    used 649K, committed 768K, reserved 1048576K
}
Event: 1.150 GC heap before
{Heap before GC invocations=1 (full 0):
 garbage-first heap   total 258048K, used 31434K [0x0000000705c00000, 0x0000000800000000)
  region size 2048K, 15 young (30720K), 2 survivors (4096K)
 Metaspace       used 10154K, committed 10432K, reserved 1114112K
  class space    used 1390K, committed 1536K, reserved 1048576K
}
Event: 1.153 GC heap after
{Heap after GC invocations=2 (full 0):
 garbage-first heap   total 258048K, used 8935K [0x0000000705c00000, 0x0000000800000000)
  region size 2048K, 2 young (4096K), 2 survivors (4096K)
 Metaspace       used 10154K, committed 10432K, reserved 1114112K
  class space    used 1390K, committed 1536K, reserved 1048576K
}

Deoptimization events (20 events):
Event: 1.397 Thread 0x0000018bc64c22b0 DEOPT PACKING pc=0x0000018bf077b87c sp=0x00000056e56fdf90
Event: 1.397 Thread 0x0000018bc64c22b0 DEOPT UNPACKING pc=0x0000018bf02d2b43 sp=0x00000056e56fd448 mode 1
Event: 1.397 Thread 0x0000018bc64c22b0 DEOPT PACKING pc=0x0000018bf073ab5c sp=0x00000056e56fe920
Event: 1.397 Thread 0x0000018bc64c22b0 DEOPT UNPACKING pc=0x0000018bf02d2b43 sp=0x00000056e56fde10 mode 1
Event: 1.406 Thread 0x0000018bc675ec10 DEOPT PACKING pc=0x0000018bf073ab5c sp=0x00000056e57fdb00
Event: 1.406 Thread 0x0000018bc675ec10 DEOPT UNPACKING pc=0x0000018bf02d2b43 sp=0x00000056e57fcff0 mode 1
Event: 1.416 Thread 0x0000018bc64c22b0 DEOPT PACKING pc=0x0000018bf077dae4 sp=0x00000056e56fd9f0
Event: 1.416 Thread 0x0000018bc64c22b0 DEOPT UNPACKING pc=0x0000018bf02d2b43 sp=0x00000056e56fce88 mode 1
Event: 1.416 Thread 0x0000018bc64c22b0 DEOPT PACKING pc=0x0000018bf077b87c sp=0x00000056e56fdac0
Event: 1.416 Thread 0x0000018bc64c22b0 DEOPT UNPACKING pc=0x0000018bf02d2b43 sp=0x00000056e56fcf78 mode 1
Event: 1.416 Thread 0x0000018bc64c22b0 DEOPT PACKING pc=0x0000018bf073ab5c sp=0x00000056e56fe450
Event: 1.416 Thread 0x0000018bc64c22b0 DEOPT UNPACKING pc=0x0000018bf02d2b43 sp=0x00000056e56fd940 mode 1
Event: 1.417 Thread 0x0000018bc64c22b0 DEOPT PACKING pc=0x0000018bf077dae4 sp=0x00000056e56fd9f0
Event: 1.417 Thread 0x0000018bc64c22b0 DEOPT UNPACKING pc=0x0000018bf02d2b43 sp=0x00000056e56fce88 mode 1
Event: 1.417 Thread 0x0000018bc64c22b0 DEOPT PACKING pc=0x0000018bf077b87c sp=0x00000056e56fdac0
Event: 1.417 Thread 0x0000018bc64c22b0 DEOPT UNPACKING pc=0x0000018bf02d2b43 sp=0x00000056e56fcf78 mode 1
Event: 1.417 Thread 0x0000018bc64c22b0 DEOPT PACKING pc=0x0000018bf073ab5c sp=0x00000056e56fe450
Event: 1.417 Thread 0x0000018bc64c22b0 DEOPT UNPACKING pc=0x0000018bf02d2b43 sp=0x00000056e56fd940 mode 1
Event: 1.429 Thread 0x0000018be89f6bb0 DEOPT PACKING pc=0x0000018bf0970755 sp=0x00000056e30fdb40
Event: 1.429 Thread 0x0000018be89f6bb0 DEOPT UNPACKING pc=0x0000018bf02d2b43 sp=0x00000056e30fcfe8 mode 3

Classes unloaded (0 events):
No events

Classes redefined (0 events):
No events

Internal exceptions (20 events):
Event: 1.044 Thread 0x0000018be89f6bb0 Exception <a 'java/lang/NoSuchMethodError'{0x00000007142dcb70}: 'void java.lang.invoke.DirectMethodHandle$Holder.invokeInterface(java.lang.Object, java.lang.Object, java.lang.Object)'> (0x00000007142dcb70) 
thrown [s\open\src\hotspot\share\interpreter\linkResolver.cpp, line 759]
Event: 1.056 Thread 0x0000018be89f6bb0 Exception <a 'java/lang/NoSuchMethodError'{0x000000071435bc58}: 'java.lang.Object java.lang.invoke.DirectMethodHandle$Holder.invokeVirtual(java.lang.Object, java.lang.Object, java.lang.Object)'> (0x000000071435bc58) 
thrown [s\open\src\hotspot\share\interpreter\linkResolver.cpp, line 759]
Event: 1.078 Thread 0x0000018be89f6bb0 Exception <a 'java/lang/NoSuchMethodError'{0x0000000713c77c98}: 'void java.lang.invoke.DirectMethodHandle$Holder.invokeStatic(java.lang.Object, java.lang.Object, int)'> (0x0000000713c77c98) 
thrown [s\open\src\hotspot\share\interpreter\linkResolver.cpp, line 759]
Event: 1.080 Thread 0x0000018be89f6bb0 Exception <a 'java/lang/NoSuchMethodError'{0x0000000713c81cd0}: 'void java.lang.invoke.DirectMethodHandle$Holder.invokeStaticInit(java.lang.Object, java.lang.Object)'> (0x0000000713c81cd0) 
thrown [s\open\src\hotspot\share\interpreter\linkResolver.cpp, line 759]
Event: 1.082 Thread 0x0000018be89f6bb0 Exception <a 'java/lang/NoSuchMethodError'{0x0000000713c94668}: 'void java.lang.invoke.DirectMethodHandle$Holder.invokeStaticInit(java.lang.Object, java.lang.Object, java.lang.Object)'> (0x0000000713c94668) 
thrown [s\open\src\hotspot\share\interpreter\linkResolver.cpp, line 759]
Event: 1.086 Thread 0x0000018be89f6bb0 Exception <a 'java/lang/NoSuchMethodError'{0x0000000713ce00b8}: 'java.lang.Object java.lang.invoke.DirectMethodHandle$Holder.invokeStatic(java.lang.Object, java.lang.Object, long, java.lang.Object)'> (0x0000000713ce00b8) 
thrown [s\open\src\hotspot\share\interpreter\linkResolver.cpp, line 759]
Event: 1.086 Thread 0x0000018be89f6bb0 Exception <a 'java/lang/NoSuchMethodError'{0x0000000713ce3b50}: 'java.lang.Object java.lang.invoke.DirectMethodHandle$Holder.invokeStaticInit(java.lang.Object, java.lang.Object, long, java.lang.Object)'> (0x0000000713ce3b50) 
thrown [s\open\src\hotspot\share\interpreter\linkResolver.cpp, line 759]
Event: 1.087 Thread 0x0000018be89f6bb0 Exception <a 'java/lang/NoSuchMethodError'{0x0000000713cea0d0}: 'java.lang.Object java.lang.invoke.DirectMethodHandle$Holder.newInvokeSpecial(java.lang.Object, java.lang.Object, long)'> (0x0000000713cea0d0) 
thrown [s\open\src\hotspot\share\interpreter\linkResolver.cpp, line 759]
Event: 1.087 Thread 0x0000018be89f6bb0 Exception <a 'java/lang/NoSuchMethodError'{0x0000000713cedc40}: 'java.lang.Object java.lang.invoke.Invokers$Holder.linkToTargetMethod(java.lang.Object, long, java.lang.Object)'> (0x0000000713cedc40) 
thrown [s\open\src\hotspot\share\interpreter\linkResolver.cpp, line 759]
Event: 1.097 Thread 0x0000018be89f6bb0 Exception <a 'java/lang/NoSuchMethodError'{0x0000000713d4c438}: 'void java.lang.invoke.DirectMethodHandle$Holder.invokeVirtual(java.lang.Object, java.lang.Object, java.lang.Object, java.lang.Object)'> (0x0000000713d4c438) 
thrown [s\open\src\hotspot\share\interpreter\linkResolver.cpp, line 759]
Event: 1.135 Thread 0x0000018be89f6bb0 Exception <a 'java/lang/NoSuchMethodError'{0x0000000713ae4a38}: 'void java.lang.invoke.DirectMethodHandle$Holder.invokeSpecial(java.lang.Object, java.lang.Object, java.lang.Object)'> (0x0000000713ae4a38) 
thrown [s\open\src\hotspot\share\interpreter\linkResolver.cpp, line 759]
Event: 1.136 Thread 0x0000018be89f6bb0 Exception <a 'java/lang/NoSuchMethodError'{0x0000000713aeb010}: 'void java.lang.invoke.DirectMethodHandle$Holder.invokeSpecial(java.lang.Object, java.lang.Object, java.lang.Object, java.lang.Object, java.lang.Object)'> (0x0000000713aeb010) 
thrown [s\open\src\hotspot\share\interpreter\linkResolver.cpp, line 759]
Event: 1.144 Thread 0x0000018be89f6bb0 Exception <a 'java/lang/IncompatibleClassChangeError'{0x0000000713b1ab00}: Found class java.lang.Object, but interface was expected> (0x0000000713b1ab00) 
thrown [s\open\src\hotspot\share\interpreter\linkResolver.cpp, line 826]
Event: 1.373 Thread 0x0000018be89f6bb0 Exception <a 'sun/nio/fs/WindowsException'{0x0000000713f27d90}> (0x0000000713f27d90) 
thrown [s\open\src\hotspot\share\prims\jni.cpp, line 516]
Event: 1.373 Thread 0x0000018be89f6bb0 Exception <a 'java/lang/NoSuchMethodError'{0x0000000713f29318}: 'int java.lang.invoke.DirectMethodHandle$Holder.invokeSpecial(java.lang.Object, java.lang.Object, java.lang.Object, java.lang.Object, java.lang.Object)'> (0x0000000713f29318) 
thrown [s\open\src\hotspot\share\interpreter\linkResolver.cpp, line 759]
Event: 1.375 Thread 0x0000018be89f6bb0 Exception <a 'java/lang/NoSuchMethodError'{0x0000000713f35e78}: 'void java.lang.invoke.DirectMethodHandle$Holder.invokeVirtual(java.lang.Object, java.lang.Object)'> (0x0000000713f35e78) 
thrown [s\open\src\hotspot\share\interpreter\linkResolver.cpp, line 759]
Event: 1.400 Thread 0x0000018bc675ec10 Exception <a 'java/lang/NoSuchMethodError'{0x0000000713543b98}: static [B.<clinit>()V> (0x0000000713543b98) 
thrown [s\open\src\hotspot\share\prims\jni.cpp, line 1107]
Event: 1.406 Thread 0x0000018bc675ec10 Exception <a 'java/lang/ClassNotFoundException'{0x000000071333cec8}: javax/management/remote/rmi/RMIConnectionImpl_Skel> (0x000000071333cec8) 
thrown [s\open\src\hotspot\share\classfile\systemDictionary.cpp, line 256]
Event: 1.413 Thread 0x0000018bc675ec10 Exception <a 'java/lang/reflect/InvocationTargetException'{0x00000007133c5ea0}> (0x00000007133c5ea0) 
thrown [s\open\src\hotspot\share\runtime\reflection.cpp, line 1121]
Event: 1.416 Thread 0x0000018bc675ec10 Exception <a 'java/lang/NoSuchMethodError'{0x000000071306df88}: static [Ljava/lang/StackTraceElement;.<clinit>()V> (0x000000071306df88) 
thrown [s\open\src\hotspot\share\prims\jni.cpp, line 1107]

VM Operations (20 events):
Event: 0.757 Executing VM operation: HandshakeAllThreads
Event: 0.757 Executing VM operation: HandshakeAllThreads done
Event: 1.009 Executing VM operation: HandshakeAllThreads
Event: 1.009 Executing VM operation: HandshakeAllThreads done
Event: 1.089 Executing VM operation: ICBufferFull
Event: 1.089 Executing VM operation: ICBufferFull done
Event: 1.128 Executing VM operation: HandshakeAllThreads
Event: 1.128 Executing VM operation: HandshakeAllThreads done
Event: 1.133 Executing VM operation: HandshakeAllThreads
Event: 1.133 Executing VM operation: HandshakeAllThreads done
Event: 1.150 Executing VM operation: G1CollectForAllocation
Event: 1.153 Executing VM operation: G1CollectForAllocation done
Event: 1.240 Executing VM operation: HandshakeAllThreads
Event: 1.240 Executing VM operation: HandshakeAllThreads done
Event: 1.332 Executing VM operation: HandshakeAllThreads
Event: 1.333 Executing VM operation: HandshakeAllThreads done
Event: 1.363 Executing VM operation: HandshakeAllThreads
Event: 1.364 Executing VM operation: HandshakeAllThreads done
Event: 1.406 Executing VM operation: HandshakeAllThreads
Event: 1.406 Executing VM operation: HandshakeAllThreads done

Events (20 events):
Event: 1.439 loading class com/fasterxml/jackson/core/util/ByteArrayBuilder
Event: 1.439 loading class com/fasterxml/jackson/core/util/ByteArrayBuilder done
Event: 1.439 loading class com/fasterxml/jackson/core/io/SegmentedStringWriter
Event: 1.439 loading class com/fasterxml/jackson/core/io/SegmentedStringWriter done
Event: 1.439 loading class com/fasterxml/jackson/databind/JavaType
Event: 1.439 loading class com/fasterxml/jackson/databind/JavaType done
Event: 1.440 loading class com/fasterxml/jackson/core/type/ResolvedType
Event: 1.440 loading class com/fasterxml/jackson/core/type/ResolvedType done
Event: 1.440 loading class com/fasterxml/jackson/databind/type/CollectionType
Event: 1.440 loading class com/fasterxml/jackson/databind/type/CollectionType done
Event: 1.440 loading class com/fasterxml/jackson/databind/type/CollectionLikeType
Event: 1.440 loading class com/fasterxml/jackson/databind/type/CollectionLikeType done
Event: 1.441 loading class com/fasterxml/jackson/databind/type/TypeBase
Event: 1.441 loading class com/fasterxml/jackson/databind/type/TypeBase done
Event: 1.441 loading class com/fasterxml/jackson/databind/type/ArrayType
Event: 1.441 loading class com/fasterxml/jackson/databind/type/ArrayType done
Event: 1.442 loading class com/fasterxml/jackson/databind/type/MapType
Event: 1.442 loading class com/fasterxml/jackson/databind/type/MapType done
Event: 1.442 loading class com/fasterxml/jackson/databind/type/MapLikeType
Event: 1.442 loading class com/fasterxml/jackson/databind/type/MapLikeType done


Dynamic libraries:
0x00007ff632580000 - 0x00007ff632590000 	C:\Program Files\Java\jdk-17\bin\java.exe
0x00007ff8ce4f0000 - 0x00007ff8ce707000 	C:\WINDOWS\SYSTEM32\ntdll.dll
0x00007ff8cc230000 - 0x00007ff8cc2f4000 	C:\WINDOWS\System32\KERNEL32.DLL
0x00007ff8cbab0000 - 0x00007ff8cbe5c000 	C:\WINDOWS\System32\KERNELBASE.dll
0x00007ff8cb960000 - 0x00007ff8cba71000 	C:\WINDOWS\System32\ucrtbase.dll
0x00007ff8c3ac0000 - 0x00007ff8c3adb000 	C:\Program Files\Java\jdk-17\bin\VCRUNTIME140.dll
0x00007ff8c4d00000 - 0x00007ff8c4d19000 	C:\Program Files\Java\jdk-17\bin\jli.dll
0x00007ff8cd6d0000 - 0x00007ff8cd782000 	C:\WINDOWS\System32\ADVAPI32.dll
0x00007ff8cc990000 - 0x00007ff8cca37000 	C:\WINDOWS\System32\msvcrt.dll
0x00007ff8cde30000 - 0x00007ff8cdeda000 	C:\WINDOWS\System32\sechost.dll
0x00007ff8cba80000 - 0x00007ff8cbaa8000 	C:\WINDOWS\System32\bcrypt.dll
0x00007ff8cc360000 - 0x00007ff8cc475000 	C:\WINDOWS\System32\RPCRT4.dll
0x00007ff8cdc80000 - 0x00007ff8cde2e000 	C:\WINDOWS\System32\USER32.dll
0x00007ff8baae0000 - 0x00007ff8bad73000 	C:\WINDOWS\WinSxS\amd64_microsoft.windows.common-controls_6595b64144ccf1df_6.0.22621.3672_none_2713b9d173822955\COMCTL32.dll
0x00007ff8cc160000 - 0x00007ff8cc186000 	C:\WINDOWS\System32\win32u.dll
0x00007ff8cc910000 - 0x00007ff8cc939000 	C:\WINDOWS\System32\GDI32.dll
0x00007ff8cbe60000 - 0x00007ff8cbf79000 	C:\WINDOWS\System32\gdi32full.dll
0x00007ff8cc190000 - 0x00007ff8cc22a000 	C:\WINDOWS\System32\msvcp_win.dll
0x00007ff8b1000000 - 0x00007ff8b100a000 	C:\WINDOWS\SYSTEM32\VERSION.dll
0x00007ff8cdfe0000 - 0x00007ff8ce011000 	C:\WINDOWS\System32\IMM32.DLL
0x00007ff8c3ab0000 - 0x00007ff8c3abc000 	C:\Program Files\Java\jdk-17\bin\vcruntime140_1.dll
0x00007ff8bd190000 - 0x00007ff8bd21e000 	C:\Program Files\Java\jdk-17\bin\msvcp140.dll
0x00007ff88ce90000 - 0x00007ff88da71000 	C:\Program Files\Java\jdk-17\bin\server\jvm.dll
0x00007ff8cd330000 - 0x00007ff8cd338000 	C:\WINDOWS\System32\PSAPI.DLL
0x00007ff8c39d0000 - 0x00007ff8c39d9000 	C:\WINDOWS\SYSTEM32\WSOCK32.dll
0x00007ff8c4160000 - 0x00007ff8c4194000 	C:\WINDOWS\SYSTEM32\WINMM.dll
0x00007ff8ce390000 - 0x00007ff8ce401000 	C:\WINDOWS\System32\WS2_32.dll
0x00007ff8ca940000 - 0x00007ff8ca958000 	C:\WINDOWS\SYSTEM32\kernel.appcore.dll
0x00007ff8c3aa0000 - 0x00007ff8c3aaa000 	C:\Program Files\Java\jdk-17\bin\jimage.dll
0x00007ff8c9310000 - 0x00007ff8c9542000 	C:\WINDOWS\SYSTEM32\DBGHELP.DLL
0x00007ff8cc580000 - 0x00007ff8cc908000 	C:\WINDOWS\System32\combase.dll
0x00007ff8cdee0000 - 0x00007ff8cdfb7000 	C:\WINDOWS\System32\OLEAUT32.dll
0x00007ff8ac3f0000 - 0x00007ff8ac422000 	C:\WINDOWS\SYSTEM32\dbgcore.DLL
0x00007ff8cb820000 - 0x00007ff8cb89b000 	C:\WINDOWS\System32\bcryptPrimitives.dll
0x00007ff8bcf30000 - 0x00007ff8bcf6b000 	C:\Program Files\Java\jdk-17\bin\jdwp.dll
0x00007ff8bd0f0000 - 0x00007ff8bd0fe000 	C:\Program Files\Java\jdk-17\bin\instrument.dll
0x00007ff8bd160000 - 0x00007ff8bd185000 	C:\Program Files\Java\jdk-17\bin\java.dll
0x00007ff8bd100000 - 0x00007ff8bd118000 	C:\Program Files\Java\jdk-17\bin\zip.dll
0x00007ff894460000 - 0x00007ff894537000 	C:\Program Files\Java\jdk-17\bin\jsvml.dll
0x00007ff8cca50000 - 0x00007ff8cd2ac000 	C:\WINDOWS\System32\SHELL32.dll
0x00007ff8c9740000 - 0x00007ff8ca037000 	C:\WINDOWS\SYSTEM32\windows.storage.dll
0x00007ff8c95f0000 - 0x00007ff8c972f000 	C:\WINDOWS\SYSTEM32\wintypes.dll
0x00007ff8ce290000 - 0x00007ff8ce384000 	C:\WINDOWS\System32\SHCORE.dll
0x00007ff8cdc20000 - 0x00007ff8cdc7e000 	C:\WINDOWS\System32\shlwapi.dll
0x00007ff8cb750000 - 0x00007ff8cb771000 	C:\WINDOWS\SYSTEM32\profapi.dll
0x00007ff8bd0e0000 - 0x00007ff8bd0ec000 	C:\Program Files\Java\jdk-17\bin\dt_socket.dll
0x00007ff8ca310000 - 0x00007ff8ca33d000 	C:\WINDOWS\SYSTEM32\IPHLPAPI.DLL
0x00007ff8cadb0000 - 0x00007ff8cae19000 	C:\WINDOWS\system32\mswsock.dll
0x00007ff8bd140000 - 0x00007ff8bd159000 	C:\Program Files\Java\jdk-17\bin\net.dll
0x00007ff8c5360000 - 0x00007ff8c5496000 	C:\WINDOWS\SYSTEM32\WINHTTP.dll
0x00007ff8bd120000 - 0x00007ff8bd136000 	C:\Program Files\Java\jdk-17\bin\nio.dll
0x00007ff8ca380000 - 0x00007ff8ca478000 	C:\WINDOWS\SYSTEM32\DNSAPI.dll
0x00007ff8cd790000 - 0x00007ff8cd799000 	C:\WINDOWS\System32\NSI.dll
0x00007ff8c4130000 - 0x00007ff8c413a000 	C:\Windows\System32\rasadhlp.dll
0x00007ff8c4390000 - 0x00007ff8c4413000 	C:\WINDOWS\System32\fwpuclnt.dll
0x00007ff8bd0d0000 - 0x00007ff8bd0da000 	C:\Program Files\Java\jdk-17\bin\management.dll
0x00007ff8bcf20000 - 0x00007ff8bcf2b000 	C:\Program Files\Java\jdk-17\bin\management_ext.dll
0x00007ff8cb010000 - 0x00007ff8cb02b000 	C:\WINDOWS\SYSTEM32\CRYPTSP.dll
0x00007ff8ca8a0000 - 0x00007ff8ca8d5000 	C:\WINDOWS\system32\rsaenh.dll
0x00007ff8caeb0000 - 0x00007ff8caed8000 	C:\WINDOWS\SYSTEM32\USERENV.dll
0x00007ff8cb030000 - 0x00007ff8cb03c000 	C:\WINDOWS\SYSTEM32\CRYPTBASE.dll
0x00007ff8c5270000 - 0x00007ff8c5289000 	C:\WINDOWS\SYSTEM32\dhcpcsvc6.DLL
0x00007ff8c5250000 - 0x00007ff8c526f000 	C:\WINDOWS\SYSTEM32\dhcpcsvc.DLL
0x00007ff89b820000 - 0x00007ff89b837000 	C:\WINDOWS\system32\napinsp.dll
0x00007ff89b4a0000 - 0x00007ff89b4bb000 	C:\WINDOWS\system32\pnrpnsp.dll
0x00007ff89b480000 - 0x00007ff89b491000 	C:\WINDOWS\System32\winrnr.dll
0x00007ff89b460000 - 0x00007ff89b475000 	C:\WINDOWS\system32\wshbth.dll
0x00007ff89b430000 - 0x00007ff89b457000 	C:\WINDOWS\system32\nlansp_c.dll

dbghelp: loaded successfully - version: 4.0.5 - missing functions: none
symbol engine: initialized successfully - sym options: 0x614 - pdb path: .;C:\Program Files\Java\jdk-17\bin;C:\WINDOWS\SYSTEM32;C:\WINDOWS\WinSxS\amd64_microsoft.windows.common-controls_6595b64144ccf1df_6.0.22621.3672_none_2713b9d173822955;C:\Program Files\Java\jdk-17\bin\server

VM Arguments:
jvm_args: -agentlib:jdwp=transport=dt_socket,address=127.0.0.1:57202,suspend=y,server=n -XX:TieredStopAtLevel=1 -Dspring.output.ansi.enabled=always -Dcom.sun.management.jmxremote -Dspring.jmx.enabled=true -Dspring.liveBeansView.mbeanDomain -Dspring.application.admin.enabled=true -Dmanagement.endpoints.jmx.exposure.include=* -javaagent:C:\Users\Asus\AppData\Local\JetBrains\IntelliJIdea2024.1\captureAgent\debugger-agent.jar -Dfile.encoding=UTF-8 
java_command: vn.edu.fpt.SmartHealthC.SmartHealthCApplication
java_class_path (initial): D:\SEP490_BE\SEP490_G54_BE\target\classes;C:\Users\Asus\.m2\repository\org\springframework\boot\spring-boot-starter-data-jpa\3.1.11\spring-boot-starter-data-jpa-3.1.11.jar;C:\Users\Asus\.m2\repository\org\springframework\boot\spring-boot-starter-aop\3.1.11\spring-boot-starter-aop-3.1.11.jar;C:\Users\Asus\.m2\repository\org\aspectj\aspectjweaver\1.9.22\aspectjweaver-1.9.22.jar;C:\Users\Asus\.m2\repository\org\springframework\boot\spring-boot-starter-jdbc\3.1.11\spring-boot-starter-jdbc-3.1.11.jar;C:\Users\Asus\.m2\repository\com\zaxxer\HikariCP\5.0.1\HikariCP-5.0.1.jar;C:\Users\Asus\.m2\repository\org\hibernate\orm\hibernate-core\6.2.24.Final\hibernate-core-6.2.24.Final.jar;C:\Users\Asus\.m2\repository\jakarta\persistence\jakarta.persistence-api\3.1.0\jakarta.persistence-api-3.1.0.jar;C:\Users\Asus\.m2\repository\jakarta\transaction\jakarta.transaction-api\2.0.1\jakarta.transaction-api-2.0.1.jar;C:\Users\Asus\.m2\repository\org\jboss\logging\jboss-logging\3.5.3.Final\jboss-logging-3.5.3.Final.jar;C:\Users\Asus\.m2\repository\org\hibernate\common\hibernate-commons-annotations\6.0.6.Final\hibernate-commons-annotations-6.0.6.Final.jar;C:\Users\Asus\.m2\repository\io\smallrye\jandex\3.0.5\jandex-3.0.5.jar;C:\Users\Asus\.m2\repository\com\fasterxml\classmate\1.5.1\classmate-1.5.1.jar;C:\Users\Asus\.m2\repository\net\bytebuddy\byte-buddy\1.14.13\byte-buddy-1.14.13.jar;C:\Users\Asus\.m2\repository\org\glassfish\jaxb\jaxb-runtime\4.0.5\jaxb-runtime-4.0.5.jar;C:\Users\Asus\.m2\repository\org\glassfish\jaxb\jaxb-core\4.0.5\jaxb-core-4.0.5.jar;C:\Users\Asus\.m2\repository\org\glassfish\jaxb\txw2\4.0.5\txw2-4.0.5.jar;C:\Users\Asus\.m2\repository\com\sun\istack\istack-commons-runtime\4.1.2\istack-commons-runtime-4.1.2.jar;C:\Users\Asus\.m2\repository\jakarta\inject\jakarta.inject-api\2.0.1\jakarta.inject-api-2.0.1.jar;C:\Users\Asus\.m2\repository\org\antlr\antlr4-runtime\4.10.1\antlr4-runtime-4.10.1.jar;C:\Users\Asus\.m2\repository\org\springframework
Launcher Type: SUN_STANDARD

[Global flags]
     intx CICompilerCount                          = 12                                        {product} {ergonomic}
     uint ConcGCThreads                            = 3                                         {product} {ergonomic}
     uint G1ConcRefinementThreads                  = 13                                        {product} {ergonomic}
   size_t G1HeapRegionSize                         = 2097152                                   {product} {ergonomic}
    uintx GCDrainStackTargetSize                   = 64                                        {product} {ergonomic}
   size_t InitialHeapSize                          = 264241152                                 {product} {ergonomic}
     bool ManagementServer                         = true                                      {product} {command line}
   size_t MarkStackSize                            = 4194304                                   {product} {ergonomic}
   size_t MaxHeapSize                              = 4198498304                                {product} {ergonomic}
   size_t MaxNewSize                               = 2518679552                                {product} {ergonomic}
   size_t MinHeapDeltaBytes                        = 2097152                                   {product} {ergonomic}
   size_t MinHeapSize                              = 8388608                                   {product} {ergonomic}
    uintx NonProfiledCodeHeapSize                  = 0                                      {pd product} {ergonomic}
     bool ProfileInterpreter                       = false                                  {pd product} {command line}
    uintx ProfiledCodeHeapSize                     = 0                                      {pd product} {ergonomic}
   size_t SoftMaxHeapSize                          = 4198498304                             {manageable} {ergonomic}
     intx TieredStopAtLevel                        = 1                                         {product} {command line}
     bool UseCompressedClassPointers               = true                           {product lp64_product} {ergonomic}
     bool UseCompressedOops                        = true                           {product lp64_product} {ergonomic}
     bool UseG1GC                                  = true                                      {product} {ergonomic}
     bool UseLargePagesIndividualAllocation        = false                                  {pd product} {ergonomic}

Logging:
Log output configuration:
 #0: stdout all=warning uptime,level,tags
 #1: stderr all=off uptime,level,tags

Environment Variables:
JAVA_HOME=C:\Program Files\Java\jdk-17
PATH=C:\Python312\Scripts\;C:\Python312\;C:\Program Files\Java\jdk-17\bin;C:\Python311\Scripts\;C:\Python311\;C:\WINDOWS\system32;C:\WINDOWS;C:\WINDOWS\System32\Wbem;C:\WINDOWS\System32\WindowsPowerShell\v1.0\;C:\WINDOWS\System32\OpenSSH\;C:\ProgramData\chocolatey\bin;C:\Program Files (x86)\Microsoft SQL Server\160\Tools\Binn\;C:\Program Files\Microsoft SQL Server\160\Tools\Binn\;C:\Program Files\Microsoft SQL Server\Client SDK\ODBC\170\Tools\Binn\;C:\Program Files\Microsoft SQL Server\160\DTS\Binn\;z\C:\Program Files\Common Files\Oracle\Java\javapath;C:\Program Files (x86)\Microsoft SQL Server\160\DTS\Binn\;C:\Program Files\Azure Data Studio\bin;C:\Program Files\dotnet\;C:\Program Files\Microsoft SQL Server\150\Tools\Binn\;C:\Program Files\Git LFS;C:\Program Files\Go\bin;C:\protoc-25.1-win64\bin;C:\Program Files\apache-maven-3.9.6-bin\apache-maven-3.9.6\bin;C:\minikube;C:\kubectl;C:\Program Files\Git\cmd;C:\Program Files\Amazon\AWSCLIV2\;C:\Program Files\Amazon Corretto\jdk11.0.19_7\bin;C:\Users\Asus\AppData\Roaming\nvm;C:\Program Files\nodejs;C:\Program Files\Docker\Docker\resources\bin;C:\Program Files\PuTTY\;C:\Program Files\nodejs\;C:\Users\Asus\AppData\Local\Microsoft\WindowsApps;C:\Users\Asus\AppData\Local\Programs\Microsoft VS Code\bin;C:\Program Files\Java\jdk-17\bin;C:\Program Files\Azure Data Studio\bin;C:\Program Files\Oracle\VirtualBox;C:\Users\Asus\.dotnet\tools;C:\Program Files\JetBrains\GoLand 2023.2.5\bin;;C:\Users\Asus\go\bin;C:\Users\Asus\AppData\Roaming\nvm;C:\Program Files\nodejs;C:\Program Files\JetBrains\IntelliJ IDEA Community Edition 2024.1\bin;;C:\Users\Asus\AppData\Roaming\npm;C:\Users\Asus\AppData\Local\Android\sdk\platform-tools;;C:\Program Files\JetBrains\IntelliJ IDEA 2024.1.2\bin;
USERNAME=Asus
OS=Windows_NT
PROCESSOR_IDENTIFIER=Intel64 Family 6 Model 154 Stepping 3, GenuineIntel



---------------  S Y S T E M  ---------------

OS:
 Windows 11 , 64 bit Build 22621 (10.0.22621.3672)
OS uptime: 0 days 2:23 hours
Hyper-V role detected

CPU: total 16 (initial active 16) (8 cores per cpu, 2 threads per core) family 6 model 154 stepping 3 microcode 0x421, cx8, cmov, fxsr, ht, mmx, 3dnowpref, sse, sse2, sse3, ssse3, sse4.1, sse4.2, popcnt, lzcnt, tsc, tscinvbit, avx, avx2, aes, erms, clmul, bmi1, bmi2, adx, sha, fma, vzeroupper, clflush, clflushopt, clwb, hv

Memory: 4k page, system-wide physical 16008M (2626M free)
TotalPageFile size 18056M (AvailPageFile size 3M)
current process WorkingSet (physical memory assigned to process): 120M, peak: 120M
current process commit charge ("private bytes"): 383M, peak: 383M

vm_info: Java HotSpot(TM) 64-Bit Server VM (17.0.9+11-LTS-201) for windows-amd64 JRE (17.0.9+11-LTS-201), built on Oct 10 2023 23:16:06 by "mach5one" with MS VC++ 17.1 (VS2022)

END.
