#
# There is insufficient memory for the Java Runtime Environment to continue.
# Native memory allocation (malloc) failed to allocate 586896 bytes for Chunk::new
# Possible reasons:
#   The system is out of physical RAM or swap space
#   The process is running with CompressedOops enabled, and the Java Heap may be blocking the growth of the native heap
# Possible solutions:
#   Reduce memory load on the system
#   Increase physical memory or swap space
#   Check if swap backing store is full
#   Decrease Java heap size (-Xmx/-Xms)
#   Decrease number of Java threads
#   Decrease Java thread stack sizes (-Xss)
#   Set larger code cache with -XX:ReservedCodeCacheSize=
#   JVM is running with Zero Based Compressed Oops mode in which the Java heap is
#     placed in the first 32GB address space. The Java Heap base address is the
#     maximum limit for the native heap growth. Please use -XX:HeapBaseMinAddress
#     to set the Java Heap base and to place the Java Heap above 32GB virtual address.
# This output file may be truncated or incomplete.
#
#  Out of Memory Error (arena.cpp:189), pid=7284, tid=476
#
# JRE version: Java(TM) SE Runtime Environment (17.0.9+11) (build 17.0.9+11-LTS-201)
# Java VM: Java HotSpot(TM) 64-Bit Server VM (17.0.9+11-LTS-201, mixed mode, sharing, tiered, compressed oops, compressed class ptrs, g1 gc, windows-amd64)
# No core dump will be written. Minidumps are not enabled by default on client versions of Windows
#

---------------  S U M M A R Y ------------

Command Line: C:\Users\Asus\AppData\Local\Temp\surefire3798561641122505036\surefirebooter-20240817235539623_3.jar C:\Users\Asus\AppData\Local\Temp\surefire3798561641122505036 2024-08-17T23-55-39_415-jvmRun1 surefire-20240817235539623_1tmp surefire_0-20240817235539623_2tmp

Host: 12th Gen Intel(R) Core(TM) i5-1240P, 16 cores, 15G,  Windows 11 , 64 bit Build 22621 (10.0.22621.3958)
Time: Sat Aug 17 23:55:42 2024 SE Asia Standard Time elapsed time: 2.274610 seconds (0d 0h 0m 2s)

---------------  T H R E A D  ---------------

Current thread (0x000001e9e5c21eb0):  JavaThread "C2 CompilerThread2" daemon [_thread_in_native, id=476, stack(0x0000000505500000,0x0000000505600000)]


Current CompileTask:
C2:   2274 3145   !   4       jdk.internal.loader.BuiltinClassLoader::loadClassOrNull (143 bytes)

Stack: [0x0000000505500000,0x0000000505600000]
Native frames: (J=compiled Java code, j=interpreted, Vv=VM code, C=native code)
V  [jvm.dll+0x678a4a]
V  [jvm.dll+0x7d9cfd]
V  [jvm.dll+0x7db60e]
V  [jvm.dll+0x7dbc73]
V  [jvm.dll+0x245e1f]
V  [jvm.dll+0xaaafb]
V  [jvm.dll+0xab09c]
V  [jvm.dll+0x2ab7ef]
V  [jvm.dll+0x5812e5]
V  [jvm.dll+0x220c52]
V  [jvm.dll+0x219850]
V  [jvm.dll+0x217459]
V  [jvm.dll+0x1a3bc0]
V  [jvm.dll+0x2272de]
V  [jvm.dll+0x22548b]
V  [jvm.dll+0x78f58c]
V  [jvm.dll+0x78998a]
V  [jvm.dll+0x677875]
C  [ucrtbase.dll+0x29333]
C  [KERNEL32.DLL+0x1257d]
C  [ntdll.dll+0x5af28]


---------------  P R O C E S S  ---------------

Threads class SMR info:
_java_thread_list=0x000001ea2d0b6170, length=22, elements={
0x000001e9c008b2a0, 0x000001e9e572e350, 0x000001e9e572f1d0, 0x000001e9e5847f20,
0x000001e9e584b900, 0x000001e9e584c2c0, 0x000001e9e584cc80, 0x000001e9e584da20,
0x000001e9e584e4d0, 0x000001e9e585a420, 0x000001e9e5915f10, 0x000001e9e59d0470,
0x000001e9e59de270, 0x000001e9e59e59e0, 0x000001ea2b2d7cc0, 0x000001ea2b51f010,
0x000001ea2b571f80, 0x000001ea2b90e250, 0x000001e9e5c21eb0, 0x000001ea2b7d7bd0,
0x000001ea2c9cc830, 0x000001ea2c6913e0
}

Java Threads: ( => current thread )
  0x000001e9c008b2a0 JavaThread "main" [_thread_in_vm, id=1740, stack(0x0000000503c00000,0x0000000503d00000)]
  0x000001e9e572e350 JavaThread "Reference Handler" daemon [_thread_blocked, id=10672, stack(0x0000000504300000,0x0000000504400000)]
  0x000001e9e572f1d0 JavaThread "Finalizer" daemon [_thread_blocked, id=17932, stack(0x0000000504400000,0x0000000504500000)]
  0x000001e9e5847f20 JavaThread "Signal Dispatcher" daemon [_thread_blocked, id=820, stack(0x0000000504500000,0x0000000504600000)]
  0x000001e9e584b900 JavaThread "Attach Listener" daemon [_thread_blocked, id=18120, stack(0x0000000504600000,0x0000000504700000)]
  0x000001e9e584c2c0 JavaThread "Service Thread" daemon [_thread_blocked, id=1316, stack(0x0000000504700000,0x0000000504800000)]
  0x000001e9e584cc80 JavaThread "Monitor Deflation Thread" daemon [_thread_blocked, id=4024, stack(0x0000000504800000,0x0000000504900000)]
  0x000001e9e584da20 JavaThread "C2 CompilerThread0" daemon [_thread_in_native, id=18752, stack(0x0000000504900000,0x0000000504a00000)]
  0x000001e9e584e4d0 JavaThread "C1 CompilerThread0" daemon [_thread_blocked, id=18148, stack(0x0000000504a00000,0x0000000504b00000)]
  0x000001e9e585a420 JavaThread "Sweeper thread" daemon [_thread_blocked, id=18080, stack(0x0000000504b00000,0x0000000504c00000)]
  0x000001e9e5915f10 JavaThread "C1 CompilerThread1" daemon [_thread_blocked, id=11212, stack(0x0000000504c00000,0x0000000504d00000)]
  0x000001e9e59d0470 JavaThread "C1 CompilerThread2" daemon [_thread_in_native, id=16060, stack(0x0000000504d00000,0x0000000504e00000)]
  0x000001e9e59de270 JavaThread "Notification Thread" daemon [_thread_blocked, id=9368, stack(0x0000000504e00000,0x0000000504f00000)]
  0x000001e9e59e59e0 JavaThread "Common-Cleaner" daemon [_thread_blocked, id=9980, stack(0x0000000505000000,0x0000000505100000)]
  0x000001ea2b2d7cc0 JavaThread "surefire-forkedjvm-stream-flusher" daemon [_thread_blocked, id=18140, stack(0x0000000505100000,0x0000000505200000)]
  0x000001ea2b51f010 JavaThread "surefire-forkedjvm-command-thread" daemon [_thread_in_native, id=15112, stack(0x0000000505200000,0x0000000505300000)]
  0x000001ea2b571f80 JavaThread "C1 CompilerThread3" daemon [_thread_blocked, id=12416, stack(0x0000000505300000,0x0000000505400000)]
  0x000001ea2b90e250 JavaThread "C2 CompilerThread1" daemon [_thread_in_native, id=16856, stack(0x0000000505400000,0x0000000505500000)]
=>0x000001e9e5c21eb0 JavaThread "C2 CompilerThread2" daemon [_thread_in_native, id=476, stack(0x0000000505500000,0x0000000505600000)]
  0x000001ea2b7d7bd0 JavaThread "C2 CompilerThread3" daemon [_thread_in_native, id=16016, stack(0x0000000505c00000,0x0000000505d00000)]
  0x000001ea2c9cc830 JavaThread "C2 CompilerThread4" daemon [_thread_in_native, id=12664, stack(0x0000000505d00000,0x0000000505e00000)]
  0x000001ea2c6913e0 JavaThread "background-preinit" [_thread_in_vm, id=17288, stack(0x0000000505e00000,0x0000000505f00000)]

Other Threads:
  0x000001e9e572a750 VMThread "VM Thread" [stack: 0x0000000504200000,0x0000000504300000] [id=19452]
  0x000001e9e59e3180 WatcherThread [stack: 0x0000000504f00000,0x0000000505000000] [id=9024]
  0x000001e9c01f13f0 GCTaskThread "GC Thread#0" [stack: 0x0000000503d00000,0x0000000503e00000] [id=7296]
  0x000001ea2b7eb8c0 GCTaskThread "GC Thread#1" [stack: 0x0000000505600000,0x0000000505700000] [id=8692]
  0x000001ea2bad74e0 GCTaskThread "GC Thread#2" [stack: 0x0000000505700000,0x0000000505800000] [id=16100]
  0x000001ea2bfd7730 GCTaskThread "GC Thread#3" [stack: 0x0000000505800000,0x0000000505900000] [id=13800]
  0x000001ea2c0865e0 GCTaskThread "GC Thread#4" [stack: 0x0000000505900000,0x0000000505a00000] [id=16240]
  0x000001ea2c0868a0 GCTaskThread "GC Thread#5" [stack: 0x0000000505a00000,0x0000000505b00000] [id=12160]
  0x000001ea2c64f640 GCTaskThread "GC Thread#6" [stack: 0x0000000505b00000,0x0000000505c00000] [id=6424]
  0x000001ea2c650140 GCTaskThread "GC Thread#7" [stack: 0x0000000505f00000,0x0000000506000000] [id=12012]
  0x000001ea2c64fe80 GCTaskThread "GC Thread#8" [stack: 0x0000000506000000,0x0000000506100000] [id=11360]
  0x000001ea2c64f380 GCTaskThread "GC Thread#9" [stack: 0x0000000506100000,0x0000000506200000] [id=19012]
  0x000001ea2c650400 GCTaskThread "GC Thread#10" [stack: 0x0000000506200000,0x0000000506300000] [id=6528]
  0x000001ea2c64f900 GCTaskThread "GC Thread#11" [stack: 0x0000000506300000,0x0000000506400000] [id=10864]
  0x000001e9c0202d90 ConcurrentGCThread "G1 Main Marker" [stack: 0x0000000503e00000,0x0000000503f00000] [id=1204]
  0x000001e9c02037a0 ConcurrentGCThread "G1 Conc#0" [stack: 0x0000000503f00000,0x0000000504000000] [id=12728]
  0x000001e9c024ec30 ConcurrentGCThread "G1 Refine#0" [stack: 0x0000000504000000,0x0000000504100000] [id=8448]
  0x000001e9e55e68f0 ConcurrentGCThread "G1 Service" [stack: 0x0000000504100000,0x0000000504200000] [id=16892]

Threads with active compile tasks:
C2 CompilerThread0     2294 3186       4       org.springframework.util.AntPathMatcher::skipSeparator (30 bytes)
C1 CompilerThread2     2294 3178       3       org.springframework.util.StringUtils::cleanPath (322 bytes)
C2 CompilerThread1     2294 3152   !   4       java.net.URL::<init> (543 bytes)
C2 CompilerThread2     2294 3145   !   4       jdk.internal.loader.BuiltinClassLoader::loadClassOrNull (143 bytes)
C2 CompilerThread3     2294 3192       4       java.util.regex.Matcher::reset (128 bytes)
C2 CompilerThread4     2294 3175 %     4       sun.nio.fs.WindowsPath::compareTo @ 49 (118 bytes)

VM state: not at safepoint (normal execution)

VM Mutex/Monitor currently owned by a thread: None

Heap address: 0x0000000705c00000, size: 4004 MB, Compressed Oops mode: Zero based, Oop shift amount: 3

CDS archive(s) mapped at: [0x000001e9e6000000-0x000001e9e6bd0000-0x000001e9e6bd0000), size 12386304, SharedBaseAddress: 0x000001e9e6000000, ArchiveRelocationMode: 1.
Compressed class space mapped at: 0x000001e9e7000000-0x000001ea27000000, reserved size: 1073741824
Narrow klass base: 0x000001e9e6000000, Narrow klass shift: 0, Narrow klass range: 0x100000000

GC Precious Log:
 CPUs: 16 total, 16 available
 Memory: 16008M
 Large Page Support: Disabled
 NUMA Support: Disabled
 Compressed Oops: Enabled (Zero based)
 Heap Region Size: 2M
 Heap Min Capacity: 8M
 Heap Initial Capacity: 252M
 Heap Max Capacity: 4004M
 Pre-touch: Disabled
 Parallel Workers: 13
 Concurrent Workers: 3
 Concurrent Refinement Workers: 13
 Periodic GC: Disabled

Heap:
 garbage-first heap   total 258048K, used 33902K [0x0000000705c00000, 0x0000000800000000)
  region size 2048K, 12 young (24576K), 2 survivors (4096K)
 Metaspace       used 18521K, committed 18752K, reserved 1114112K
  class space    used 2447K, committed 2560K, reserved 1048576K

Heap Regions: E=young(eden), S=young(survivor), O=old, HS=humongous(starts), HC=humongous(continues), CS=collection set, F=free, OA=open archive, CA=closed archive, TAMS=top-at-mark-start (previous, next)
|   0|0x0000000705c00000, 0x0000000705e00000, 0x0000000705e00000|100%| O|  |TAMS 0x0000000705c00000, 0x0000000705c00000| Untracked 
|   1|0x0000000705e00000, 0x0000000706000000, 0x0000000706000000|100%| O|  |TAMS 0x0000000705e00000, 0x0000000705e00000| Untracked 
|   2|0x0000000706000000, 0x0000000706200000, 0x0000000706200000|100%| O|  |TAMS 0x0000000706000000, 0x0000000706000000| Untracked 
|   3|0x0000000706200000, 0x0000000706400000, 0x0000000706400000|100%| O|  |TAMS 0x0000000706200000, 0x0000000706200000| Untracked 
|   4|0x0000000706400000, 0x0000000706600000, 0x0000000706600000|100%| O|  |TAMS 0x0000000706400000, 0x0000000706400000| Untracked 
|   5|0x0000000706600000, 0x0000000706729400, 0x0000000706800000| 58%| O|  |TAMS 0x0000000706600000, 0x0000000706600000| Untracked 
|   6|0x0000000706800000, 0x0000000706800000, 0x0000000706a00000|  0%| F|  |TAMS 0x0000000706800000, 0x0000000706800000| Untracked 
|   7|0x0000000706a00000, 0x0000000706a00000, 0x0000000706c00000|  0%| F|  |TAMS 0x0000000706a00000, 0x0000000706a00000| Untracked 
|   8|0x0000000706c00000, 0x0000000706c00000, 0x0000000706e00000|  0%| F|  |TAMS 0x0000000706c00000, 0x0000000706c00000| Untracked 
|   9|0x0000000706e00000, 0x0000000706e00000, 0x0000000707000000|  0%| F|  |TAMS 0x0000000706e00000, 0x0000000706e00000| Untracked 
|  10|0x0000000707000000, 0x0000000707000000, 0x0000000707200000|  0%| F|  |TAMS 0x0000000707000000, 0x0000000707000000| Untracked 
|  11|0x0000000707200000, 0x0000000707200000, 0x0000000707400000|  0%| F|  |TAMS 0x0000000707200000, 0x0000000707200000| Untracked 
|  12|0x0000000707400000, 0x0000000707400000, 0x0000000707600000|  0%| F|  |TAMS 0x0000000707400000, 0x0000000707400000| Untracked 
|  13|0x0000000707600000, 0x0000000707600000, 0x0000000707800000|  0%| F|  |TAMS 0x0000000707600000, 0x0000000707600000| Untracked 
|  14|0x0000000707800000, 0x0000000707800000, 0x0000000707a00000|  0%| F|  |TAMS 0x0000000707800000, 0x0000000707800000| Untracked 
|  15|0x0000000707a00000, 0x0000000707a00000, 0x0000000707c00000|  0%| F|  |TAMS 0x0000000707a00000, 0x0000000707a00000| Untracked 
|  16|0x0000000707c00000, 0x0000000707c00000, 0x0000000707e00000|  0%| F|  |TAMS 0x0000000707c00000, 0x0000000707c00000| Untracked 
|  17|0x0000000707e00000, 0x0000000707e00000, 0x0000000708000000|  0%| F|  |TAMS 0x0000000707e00000, 0x0000000707e00000| Untracked 
|  18|0x0000000708000000, 0x0000000708000000, 0x0000000708200000|  0%| F|  |TAMS 0x0000000708000000, 0x0000000708000000| Untracked 
|  19|0x0000000708200000, 0x0000000708200000, 0x0000000708400000|  0%| F|  |TAMS 0x0000000708200000, 0x0000000708200000| Untracked 
|  20|0x0000000708400000, 0x0000000708400000, 0x0000000708600000|  0%| F|  |TAMS 0x0000000708400000, 0x0000000708400000| Untracked 
|  21|0x0000000708600000, 0x0000000708600000, 0x0000000708800000|  0%| F|  |TAMS 0x0000000708600000, 0x0000000708600000| Untracked 
|  22|0x0000000708800000, 0x0000000708800000, 0x0000000708a00000|  0%| F|  |TAMS 0x0000000708800000, 0x0000000708800000| Untracked 
|  23|0x0000000708a00000, 0x0000000708a00000, 0x0000000708c00000|  0%| F|  |TAMS 0x0000000708a00000, 0x0000000708a00000| Untracked 
|  24|0x0000000708c00000, 0x0000000708c00000, 0x0000000708e00000|  0%| F|  |TAMS 0x0000000708c00000, 0x0000000708c00000| Untracked 
|  25|0x0000000708e00000, 0x0000000708e00000, 0x0000000709000000|  0%| F|  |TAMS 0x0000000708e00000, 0x0000000708e00000| Untracked 
|  26|0x0000000709000000, 0x0000000709000000, 0x0000000709200000|  0%| F|  |TAMS 0x0000000709000000, 0x0000000709000000| Untracked 
|  27|0x0000000709200000, 0x0000000709200000, 0x0000000709400000|  0%| F|  |TAMS 0x0000000709200000, 0x0000000709200000| Untracked 
|  28|0x0000000709400000, 0x0000000709400000, 0x0000000709600000|  0%| F|  |TAMS 0x0000000709400000, 0x0000000709400000| Untracked 
|  29|0x0000000709600000, 0x0000000709600000, 0x0000000709800000|  0%| F|  |TAMS 0x0000000709600000, 0x0000000709600000| Untracked 
|  30|0x0000000709800000, 0x0000000709800000, 0x0000000709a00000|  0%| F|  |TAMS 0x0000000709800000, 0x0000000709800000| Untracked 
|  31|0x0000000709a00000, 0x0000000709a00000, 0x0000000709c00000|  0%| F|  |TAMS 0x0000000709a00000, 0x0000000709a00000| Untracked 
|  32|0x0000000709c00000, 0x0000000709c00000, 0x0000000709e00000|  0%| F|  |TAMS 0x0000000709c00000, 0x0000000709c00000| Untracked 
|  33|0x0000000709e00000, 0x0000000709e00000, 0x000000070a000000|  0%| F|  |TAMS 0x0000000709e00000, 0x0000000709e00000| Untracked 
|  34|0x000000070a000000, 0x000000070a000000, 0x000000070a200000|  0%| F|  |TAMS 0x000000070a000000, 0x000000070a000000| Untracked 
|  35|0x000000070a200000, 0x000000070a200000, 0x000000070a400000|  0%| F|  |TAMS 0x000000070a200000, 0x000000070a200000| Untracked 
|  36|0x000000070a400000, 0x000000070a400000, 0x000000070a600000|  0%| F|  |TAMS 0x000000070a400000, 0x000000070a400000| Untracked 
|  37|0x000000070a600000, 0x000000070a600000, 0x000000070a800000|  0%| F|  |TAMS 0x000000070a600000, 0x000000070a600000| Untracked 
|  38|0x000000070a800000, 0x000000070a800000, 0x000000070aa00000|  0%| F|  |TAMS 0x000000070a800000, 0x000000070a800000| Untracked 
|  39|0x000000070aa00000, 0x000000070aa00000, 0x000000070ac00000|  0%| F|  |TAMS 0x000000070aa00000, 0x000000070aa00000| Untracked 
|  40|0x000000070ac00000, 0x000000070ac00000, 0x000000070ae00000|  0%| F|  |TAMS 0x000000070ac00000, 0x000000070ac00000| Untracked 
|  41|0x000000070ae00000, 0x000000070ae00000, 0x000000070b000000|  0%| F|  |TAMS 0x000000070ae00000, 0x000000070ae00000| Untracked 
|  42|0x000000070b000000, 0x000000070b000000, 0x000000070b200000|  0%| F|  |TAMS 0x000000070b000000, 0x000000070b000000| Untracked 
|  43|0x000000070b200000, 0x000000070b200000, 0x000000070b400000|  0%| F|  |TAMS 0x000000070b200000, 0x000000070b200000| Untracked 
|  44|0x000000070b400000, 0x000000070b400000, 0x000000070b600000|  0%| F|  |TAMS 0x000000070b400000, 0x000000070b400000| Untracked 
|  45|0x000000070b600000, 0x000000070b600000, 0x000000070b800000|  0%| F|  |TAMS 0x000000070b600000, 0x000000070b600000| Untracked 
|  46|0x000000070b800000, 0x000000070b800000, 0x000000070ba00000|  0%| F|  |TAMS 0x000000070b800000, 0x000000070b800000| Untracked 
|  47|0x000000070ba00000, 0x000000070ba00000, 0x000000070bc00000|  0%| F|  |TAMS 0x000000070ba00000, 0x000000070ba00000| Untracked 
|  48|0x000000070bc00000, 0x000000070bc00000, 0x000000070be00000|  0%| F|  |TAMS 0x000000070bc00000, 0x000000070bc00000| Untracked 
|  49|0x000000070be00000, 0x000000070be00000, 0x000000070c000000|  0%| F|  |TAMS 0x000000070be00000, 0x000000070be00000| Untracked 
|  50|0x000000070c000000, 0x000000070c000000, 0x000000070c200000|  0%| F|  |TAMS 0x000000070c000000, 0x000000070c000000| Untracked 
|  51|0x000000070c200000, 0x000000070c200000, 0x000000070c400000|  0%| F|  |TAMS 0x000000070c200000, 0x000000070c200000| Untracked 
|  52|0x000000070c400000, 0x000000070c400000, 0x000000070c600000|  0%| F|  |TAMS 0x000000070c400000, 0x000000070c400000| Untracked 
|  53|0x000000070c600000, 0x000000070c600000, 0x000000070c800000|  0%| F|  |TAMS 0x000000070c600000, 0x000000070c600000| Untracked 
|  54|0x000000070c800000, 0x000000070c800000, 0x000000070ca00000|  0%| F|  |TAMS 0x000000070c800000, 0x000000070c800000| Untracked 
|  55|0x000000070ca00000, 0x000000070ca00000, 0x000000070cc00000|  0%| F|  |TAMS 0x000000070ca00000, 0x000000070ca00000| Untracked 
|  56|0x000000070cc00000, 0x000000070cc00000, 0x000000070ce00000|  0%| F|  |TAMS 0x000000070cc00000, 0x000000070cc00000| Untracked 
|  57|0x000000070ce00000, 0x000000070ce00000, 0x000000070d000000|  0%| F|  |TAMS 0x000000070ce00000, 0x000000070ce00000| Untracked 
|  58|0x000000070d000000, 0x000000070d000000, 0x000000070d200000|  0%| F|  |TAMS 0x000000070d000000, 0x000000070d000000| Untracked 
|  59|0x000000070d200000, 0x000000070d200000, 0x000000070d400000|  0%| F|  |TAMS 0x000000070d200000, 0x000000070d200000| Untracked 
|  60|0x000000070d400000, 0x000000070d400000, 0x000000070d600000|  0%| F|  |TAMS 0x000000070d400000, 0x000000070d400000| Untracked 
|  61|0x000000070d600000, 0x000000070d600000, 0x000000070d800000|  0%| F|  |TAMS 0x000000070d600000, 0x000000070d600000| Untracked 
|  62|0x000000070d800000, 0x000000070d800000, 0x000000070da00000|  0%| F|  |TAMS 0x000000070d800000, 0x000000070d800000| Untracked 
|  63|0x000000070da00000, 0x000000070da00000, 0x000000070dc00000|  0%| F|  |TAMS 0x000000070da00000, 0x000000070da00000| Untracked 
|  64|0x000000070dc00000, 0x000000070dc00000, 0x000000070de00000|  0%| F|  |TAMS 0x000000070dc00000, 0x000000070dc00000| Untracked 
|  65|0x000000070de00000, 0x000000070de00000, 0x000000070e000000|  0%| F|  |TAMS 0x000000070de00000, 0x000000070de00000| Untracked 
|  66|0x000000070e000000, 0x000000070e000000, 0x000000070e200000|  0%| F|  |TAMS 0x000000070e000000, 0x000000070e000000| Untracked 
|  67|0x000000070e200000, 0x000000070e200000, 0x000000070e400000|  0%| F|  |TAMS 0x000000070e200000, 0x000000070e200000| Untracked 
|  68|0x000000070e400000, 0x000000070e400000, 0x000000070e600000|  0%| F|  |TAMS 0x000000070e400000, 0x000000070e400000| Untracked 
|  69|0x000000070e600000, 0x000000070e600000, 0x000000070e800000|  0%| F|  |TAMS 0x000000070e600000, 0x000000070e600000| Untracked 
|  70|0x000000070e800000, 0x000000070e800000, 0x000000070ea00000|  0%| F|  |TAMS 0x000000070e800000, 0x000000070e800000| Untracked 
|  71|0x000000070ea00000, 0x000000070ea00000, 0x000000070ec00000|  0%| F|  |TAMS 0x000000070ea00000, 0x000000070ea00000| Untracked 
|  72|0x000000070ec00000, 0x000000070ec00000, 0x000000070ee00000|  0%| F|  |TAMS 0x000000070ec00000, 0x000000070ec00000| Untracked 
|  73|0x000000070ee00000, 0x000000070ee00000, 0x000000070f000000|  0%| F|  |TAMS 0x000000070ee00000, 0x000000070ee00000| Untracked 
|  74|0x000000070f000000, 0x000000070f000000, 0x000000070f200000|  0%| F|  |TAMS 0x000000070f000000, 0x000000070f000000| Untracked 
|  75|0x000000070f200000, 0x000000070f200000, 0x000000070f400000|  0%| F|  |TAMS 0x000000070f200000, 0x000000070f200000| Untracked 
|  76|0x000000070f400000, 0x000000070f400000, 0x000000070f600000|  0%| F|  |TAMS 0x000000070f400000, 0x000000070f400000| Untracked 
|  77|0x000000070f600000, 0x000000070f600000, 0x000000070f800000|  0%| F|  |TAMS 0x000000070f600000, 0x000000070f600000| Untracked 
|  78|0x000000070f800000, 0x000000070f800000, 0x000000070fa00000|  0%| F|  |TAMS 0x000000070f800000, 0x000000070f800000| Untracked 
|  79|0x000000070fa00000, 0x000000070fa00000, 0x000000070fc00000|  0%| F|  |TAMS 0x000000070fa00000, 0x000000070fa00000| Untracked 
|  80|0x000000070fc00000, 0x000000070fc00000, 0x000000070fe00000|  0%| F|  |TAMS 0x000000070fc00000, 0x000000070fc00000| Untracked 
|  81|0x000000070fe00000, 0x000000070fe00000, 0x0000000710000000|  0%| F|  |TAMS 0x000000070fe00000, 0x000000070fe00000| Untracked 
|  82|0x0000000710000000, 0x0000000710000000, 0x0000000710200000|  0%| F|  |TAMS 0x0000000710000000, 0x0000000710000000| Untracked 
|  83|0x0000000710200000, 0x0000000710200000, 0x0000000710400000|  0%| F|  |TAMS 0x0000000710200000, 0x0000000710200000| Untracked 
|  84|0x0000000710400000, 0x0000000710400000, 0x0000000710600000|  0%| F|  |TAMS 0x0000000710400000, 0x0000000710400000| Untracked 
|  85|0x0000000710600000, 0x0000000710600000, 0x0000000710800000|  0%| F|  |TAMS 0x0000000710600000, 0x0000000710600000| Untracked 
|  86|0x0000000710800000, 0x0000000710800000, 0x0000000710a00000|  0%| F|  |TAMS 0x0000000710800000, 0x0000000710800000| Untracked 
|  87|0x0000000710a00000, 0x0000000710a00000, 0x0000000710c00000|  0%| F|  |TAMS 0x0000000710a00000, 0x0000000710a00000| Untracked 
|  88|0x0000000710c00000, 0x0000000710c00000, 0x0000000710e00000|  0%| F|  |TAMS 0x0000000710c00000, 0x0000000710c00000| Untracked 
|  89|0x0000000710e00000, 0x0000000710e00000, 0x0000000711000000|  0%| F|  |TAMS 0x0000000710e00000, 0x0000000710e00000| Untracked 
|  90|0x0000000711000000, 0x0000000711000000, 0x0000000711200000|  0%| F|  |TAMS 0x0000000711000000, 0x0000000711000000| Untracked 
|  91|0x0000000711200000, 0x0000000711200000, 0x0000000711400000|  0%| F|  |TAMS 0x0000000711200000, 0x0000000711200000| Untracked 
|  92|0x0000000711400000, 0x0000000711400000, 0x0000000711600000|  0%| F|  |TAMS 0x0000000711400000, 0x0000000711400000| Untracked 
|  93|0x0000000711600000, 0x0000000711600000, 0x0000000711800000|  0%| F|  |TAMS 0x0000000711600000, 0x0000000711600000| Untracked 
|  94|0x0000000711800000, 0x0000000711800000, 0x0000000711a00000|  0%| F|  |TAMS 0x0000000711800000, 0x0000000711800000| Untracked 
|  95|0x0000000711a00000, 0x0000000711a00000, 0x0000000711c00000|  0%| F|  |TAMS 0x0000000711a00000, 0x0000000711a00000| Untracked 
|  96|0x0000000711c00000, 0x0000000711df2548, 0x0000000711e00000| 97%| S|CS|TAMS 0x0000000711c00000, 0x0000000711c00000| Complete 
|  97|0x0000000711e00000, 0x0000000712000000, 0x0000000712000000|100%| S|CS|TAMS 0x0000000711e00000, 0x0000000711e00000| Complete 
|  98|0x0000000712000000, 0x0000000712000000, 0x0000000712200000|  0%| F|  |TAMS 0x0000000712000000, 0x0000000712000000| Untracked 
|  99|0x0000000712200000, 0x0000000712200000, 0x0000000712400000|  0%| F|  |TAMS 0x0000000712200000, 0x0000000712200000| Untracked 
| 100|0x0000000712400000, 0x0000000712400000, 0x0000000712600000|  0%| F|  |TAMS 0x0000000712400000, 0x0000000712400000| Untracked 
| 101|0x0000000712600000, 0x0000000712600000, 0x0000000712800000|  0%| F|  |TAMS 0x0000000712600000, 0x0000000712600000| Untracked 
| 102|0x0000000712800000, 0x0000000712800000, 0x0000000712a00000|  0%| F|  |TAMS 0x0000000712800000, 0x0000000712800000| Untracked 
| 103|0x0000000712a00000, 0x0000000712a00000, 0x0000000712c00000|  0%| F|  |TAMS 0x0000000712a00000, 0x0000000712a00000| Untracked 
| 104|0x0000000712c00000, 0x0000000712c00000, 0x0000000712e00000|  0%| F|  |TAMS 0x0000000712c00000, 0x0000000712c00000| Untracked 
| 105|0x0000000712e00000, 0x0000000712e00000, 0x0000000713000000|  0%| F|  |TAMS 0x0000000712e00000, 0x0000000712e00000| Untracked 
| 106|0x0000000713000000, 0x0000000713000000, 0x0000000713200000|  0%| F|  |TAMS 0x0000000713000000, 0x0000000713000000| Untracked 
| 107|0x0000000713200000, 0x0000000713200000, 0x0000000713400000|  0%| F|  |TAMS 0x0000000713200000, 0x0000000713200000| Untracked 
| 108|0x0000000713400000, 0x0000000713400000, 0x0000000713600000|  0%| F|  |TAMS 0x0000000713400000, 0x0000000713400000| Untracked 
| 109|0x0000000713600000, 0x0000000713600000, 0x0000000713800000|  0%| F|  |TAMS 0x0000000713600000, 0x0000000713600000| Untracked 
| 110|0x0000000713800000, 0x0000000713800000, 0x0000000713a00000|  0%| F|  |TAMS 0x0000000713800000, 0x0000000713800000| Untracked 
| 111|0x0000000713a00000, 0x0000000713a00000, 0x0000000713c00000|  0%| F|  |TAMS 0x0000000713a00000, 0x0000000713a00000| Untracked 
| 112|0x0000000713c00000, 0x0000000713c00000, 0x0000000713e00000|  0%| F|  |TAMS 0x0000000713c00000, 0x0000000713c00000| Untracked 
| 113|0x0000000713e00000, 0x0000000713e00000, 0x0000000714000000|  0%| F|  |TAMS 0x0000000713e00000, 0x0000000713e00000| Untracked 
| 114|0x0000000714000000, 0x0000000714000000, 0x0000000714200000|  0%| F|  |TAMS 0x0000000714000000, 0x0000000714000000| Untracked 
| 115|0x0000000714200000, 0x0000000714200000, 0x0000000714400000|  0%| F|  |TAMS 0x0000000714200000, 0x0000000714200000| Untracked 
| 116|0x0000000714400000, 0x0000000714600000, 0x0000000714600000|100%| E|  |TAMS 0x0000000714400000, 0x0000000714400000| Complete 
| 117|0x0000000714600000, 0x0000000714800000, 0x0000000714800000|100%| E|CS|TAMS 0x0000000714600000, 0x0000000714600000| Complete 
| 118|0x0000000714800000, 0x0000000714a00000, 0x0000000714a00000|100%| E|CS|TAMS 0x0000000714800000, 0x0000000714800000| Complete 
| 119|0x0000000714a00000, 0x0000000714c00000, 0x0000000714c00000|100%| E|CS|TAMS 0x0000000714a00000, 0x0000000714a00000| Complete 
| 120|0x0000000714c00000, 0x0000000714e00000, 0x0000000714e00000|100%| E|CS|TAMS 0x0000000714c00000, 0x0000000714c00000| Complete 
| 121|0x0000000714e00000, 0x0000000715000000, 0x0000000715000000|100%| E|CS|TAMS 0x0000000714e00000, 0x0000000714e00000| Complete 
| 122|0x0000000715000000, 0x0000000715200000, 0x0000000715200000|100%| E|CS|TAMS 0x0000000715000000, 0x0000000715000000| Complete 
| 123|0x0000000715200000, 0x0000000715400000, 0x0000000715400000|100%| E|CS|TAMS 0x0000000715200000, 0x0000000715200000| Complete 
| 124|0x0000000715400000, 0x0000000715600000, 0x0000000715600000|100%| E|CS|TAMS 0x0000000715400000, 0x0000000715400000| Complete 
| 125|0x0000000715600000, 0x0000000715800000, 0x0000000715800000|100%| E|CS|TAMS 0x0000000715600000, 0x0000000715600000| Complete 

Card table byte_map: [0x000001e9d99d0000,0x000001e9da1b0000] _byte_map_base: 0x000001e9d61a2000

Marking Bits (Prev, Next): (CMBitMap*) 0x000001e9c01f1a10, (CMBitMap*) 0x000001e9c01f1a50
 Prev Bits: [0x000001e9da990000, 0x000001e9de820000)
 Next Bits: [0x000001e9de820000, 0x000001e9e26b0000)

Polling page: 0x000001e9c0250000

Metaspace:

Usage:
  Non-class:     15.71 MB used.
      Class:      2.39 MB used.
       Both:     18.10 MB used.

Virtual space:
  Non-class space:       64.00 MB reserved,      15.81 MB ( 25%) committed,  1 nodes.
      Class space:        1.00 GB reserved,       2.50 MB ( <1%) committed,  1 nodes.
             Both:        1.06 GB reserved,      18.31 MB (  2%) committed. 

Chunk freelists:
   Non-Class:  15.81 MB
       Class:  13.38 MB
        Both:  29.19 MB

MaxMetaspaceSize: unlimited
CompressedClassSpaceSize: 1.00 GB
Initial GC threshold: 21.00 MB
Current GC threshold: 21.00 MB
CDS: on
MetaspaceReclaimPolicy: balanced
 - commit_granule_bytes: 65536.
 - commit_granule_words: 8192.
 - virtual_space_node_default_size: 8388608.
 - enlarge_chunks_in_place: 1.
 - new_chunks_are_fully_committed: 0.
 - uncommit_free_chunks: 1.
 - use_allocation_guard: 0.
 - handle_deallocations: 1.


Internal statistics:

num_allocs_failed_limit: 0.
num_arena_births: 228.
num_arena_deaths: 0.
num_vsnodes_births: 2.
num_vsnodes_deaths: 0.
num_space_committed: 293.
num_space_uncommitted: 0.
num_chunks_returned_to_freelist: 0.
num_chunks_taken_from_freelist: 847.
num_chunk_merges: 0.
num_chunk_splits: 581.
num_chunks_enlarged: 445.
num_inconsistent_stats: 0.

CodeHeap 'non-profiled nmethods': size=119168Kb used=1649Kb max_used=1649Kb free=117518Kb
 bounds [0x000001e9d0dc0000, 0x000001e9d1030000, 0x000001e9d8220000]
CodeHeap 'profiled nmethods': size=119104Kb used=6652Kb max_used=6652Kb free=112451Kb
 bounds [0x000001e9c9220000, 0x000001e9c98a0000, 0x000001e9d0670000]
CodeHeap 'non-nmethods': size=7488Kb used=2890Kb max_used=2924Kb free=4597Kb
 bounds [0x000001e9d0670000, 0x000001e9d0960000, 0x000001e9d0dc0000]
 total_blobs=3693 nmethods=3194 adapters=408
 compilation: enabled
              stopped_count=0, restarted_count=0
 full_count=0

Compilation events (20 events):
Event: 2.264 Thread 0x000001e9e59d0470 3159       3       java.lang.StringLatin1::compareTo (52 bytes)
Event: 2.264 Thread 0x000001e9e584e4d0 3158       3       java.lang.StringLatin1::compareTo (14 bytes)
Event: 2.264 Thread 0x000001e9e5915f10 nmethod 3156 0x000001e9c9887910 code [0x000001e9c9887b00, 0x000001e9c9888058]
Event: 2.265 Thread 0x000001e9e584e4d0 nmethod 3158 0x000001e9c9889810 code [0x000001e9c98899c0, 0x000001e9c9889ae8]
Event: 2.265 Thread 0x000001ea2b571f80 nmethod 3155 0x000001e9c9888290 code [0x000001e9c9888500, 0x000001e9c98893a8]
Event: 2.265 Thread 0x000001e9e59d0470 nmethod 3159 0x000001e9c9889c10 code [0x000001e9c9889de0, 0x000001e9c988a1b8]
Event: 2.265 Thread 0x000001ea2b7d7bd0 nmethod 3160 0x000001e9d0f57710 code [0x000001e9d0f578a0, 0x000001e9d0f57948]
Event: 2.267 Thread 0x000001e9e584e4d0 3161       3       org.springframework.util.ConcurrentReferenceHashMap$Segment$$Lambda$366/0x000001e9e710ac48::add (25 bytes)
Event: 2.267 Thread 0x000001e9e584e4d0 nmethod 3161 0x000001e9c988a390 code [0x000001e9c988a540, 0x000001e9c988a6a8]
Event: 2.267 Thread 0x000001e9e584e4d0 3162       3       java.util.StringJoiner::<init> (63 bytes)
Event: 2.267 Thread 0x000001ea2b571f80 3163       3       java.util.StringJoiner::toString (53 bytes)
Event: 2.267 Thread 0x000001e9e59d0470 3164       3       java.lang.System$2::join (11 bytes)
Event: 2.268 Thread 0x000001ea2b571f80 nmethod 3163 0x000001e9c988a790 code [0x000001e9c988a940, 0x000001e9c988ab68]
Event: 2.268 Thread 0x000001e9e584e4d0 nmethod 3162 0x000001e9c988ac10 code [0x000001e9c988ae60, 0x000001e9c988b7e8]
Event: 2.268 Thread 0x000001e9e584da20 3165       4       java.lang.ref.SoftReference::get (29 bytes)
Event: 2.269 Thread 0x000001ea2b7d7bd0 3166       4       org.springframework.util.ObjectUtils::nullSafeEquals (55 bytes)
Event: 2.270 Thread 0x000001e9e59d0470 nmethod 3164 0x000001e9c988bb10 code [0x000001e9c988be60, 0x000001e9c988d3c8]
Event: 2.270 Thread 0x000001e9e584da20 nmethod 3165 0x000001e9d0f57a10 code [0x000001e9d0f57b80, 0x000001e9d0f57c78]
Event: 2.271 Thread 0x000001ea2b7d7bd0 nmethod 3166 0x000001e9d0f57d10 code [0x000001e9d0f57ea0, 0x000001e9d0f57fe8]
Event: 2.272 Thread 0x000001ea2c9cc830 nmethod 3150 0x000001e9d0f58110 code [0x000001e9d0f582e0, 0x000001e9d0f58e98]

GC Heap History (6 events):
Event: 0.422 GC heap before
{Heap before GC invocations=0 (full 0):
 garbage-first heap   total 258048K, used 20480K [0x0000000705c00000, 0x0000000800000000)
  region size 2048K, 11 young (22528K), 0 survivors (0K)
 Metaspace       used 2596K, committed 2752K, reserved 1114112K
  class space    used 266K, committed 320K, reserved 1048576K
}
Event: 0.427 GC heap after
{Heap after GC invocations=1 (full 0):
 garbage-first heap   total 258048K, used 11433K [0x0000000705c00000, 0x0000000800000000)
  region size 2048K, 2 young (4096K), 2 survivors (4096K)
 Metaspace       used 2596K, committed 2752K, reserved 1114112K
  class space    used 266K, committed 320K, reserved 1048576K
}
Event: 0.794 GC heap before
{Heap before GC invocations=1 (full 0):
 garbage-first heap   total 258048K, used 25769K [0x0000000705c00000, 0x0000000800000000)
  region size 2048K, 9 young (18432K), 2 survivors (4096K)
 Metaspace       used 5485K, committed 5696K, reserved 1114112K
  class space    used 587K, committed 704K, reserved 1048576K
}
Event: 0.797 GC heap after
{Heap after GC invocations=2 (full 0):
 garbage-first heap   total 258048K, used 12376K [0x0000000705c00000, 0x0000000800000000)
  region size 2048K, 1 young (2048K), 1 survivors (2048K)
 Metaspace       used 5485K, committed 5696K, reserved 1114112K
  class space    used 587K, committed 704K, reserved 1048576K
}
Event: 2.124 GC heap before
{Heap before GC invocations=2 (full 0):
 garbage-first heap   total 258048K, used 67672K [0x0000000705c00000, 0x0000000800000000)
  region size 2048K, 28 young (57344K), 1 survivors (2048K)
 Metaspace       used 15622K, committed 15808K, reserved 1114112K
  class space    used 1969K, committed 2048K, reserved 1048576K
}
Event: 2.128 GC heap after
{Heap after GC invocations=3 (full 0):
 garbage-first heap   total 258048K, used 15470K [0x0000000705c00000, 0x0000000800000000)
  region size 2048K, 2 young (4096K), 2 survivors (4096K)
 Metaspace       used 15622K, committed 15808K, reserved 1114112K
  class space    used 1969K, committed 2048K, reserved 1048576K
}

Deoptimization events (20 events):
Event: 2.222 Thread 0x000001e9c008b2a0 Uncommon trap: trap_request=0xffffff45 fr.pc=0x000001e9d0f04cec relative=0x000000000000156c
Event: 2.222 Thread 0x000001e9c008b2a0 Uncommon trap: reason=unstable_if action=reinterpret pc=0x000001e9d0f04cec method=jdk.internal.org.objectweb.asm.ByteVector.enlarge(I)V @ 17 c2
Event: 2.222 Thread 0x000001e9c008b2a0 DEOPT PACKING pc=0x000001e9d0f04cec sp=0x0000000503cfb2d0
Event: 2.222 Thread 0x000001e9c008b2a0 DEOPT UNPACKING pc=0x000001e9d06c23a3 sp=0x0000000503cfb1b8 mode 2
Event: 2.227 Thread 0x000001ea2c6913e0 Uncommon trap: trap_request=0xffffffde fr.pc=0x000001e9d0ea3870 relative=0x00000000000001d0
Event: 2.227 Thread 0x000001ea2c6913e0 Uncommon trap: reason=class_check action=maybe_recompile pc=0x000001e9d0ea3870 method=java.lang.reflect.Array.newInstance(Ljava/lang/Class;I)Ljava/lang/Object; @ 2 c2
Event: 2.227 Thread 0x000001ea2c6913e0 DEOPT PACKING pc=0x000001e9d0ea3870 sp=0x0000000505efe790
Event: 2.227 Thread 0x000001ea2c6913e0 DEOPT UNPACKING pc=0x000001e9d06c23a3 sp=0x0000000505efe748 mode 2
Event: 2.227 Thread 0x000001ea2c6913e0 Uncommon trap: trap_request=0xffffffde fr.pc=0x000001e9d0ea3870 relative=0x00000000000001d0
Event: 2.227 Thread 0x000001ea2c6913e0 Uncommon trap: reason=class_check action=maybe_recompile pc=0x000001e9d0ea3870 method=java.lang.reflect.Array.newInstance(Ljava/lang/Class;I)Ljava/lang/Object; @ 2 c2
Event: 2.227 Thread 0x000001ea2c6913e0 DEOPT PACKING pc=0x000001e9d0ea3870 sp=0x0000000505efe790
Event: 2.227 Thread 0x000001ea2c6913e0 DEOPT UNPACKING pc=0x000001e9d06c23a3 sp=0x0000000505efe748 mode 2
Event: 2.228 Thread 0x000001e9c008b2a0 Uncommon trap: trap_request=0xffffff45 fr.pc=0x000001e9d0e84500 relative=0x0000000000001060
Event: 2.228 Thread 0x000001e9c008b2a0 Uncommon trap: reason=unstable_if action=reinterpret pc=0x000001e9d0e84500 method=java.util.concurrent.ConcurrentHashMap.putVal(Ljava/lang/Object;Ljava/lang/Object;Z)Ljava/lang/Object; @ 231 c2
Event: 2.228 Thread 0x000001e9c008b2a0 DEOPT PACKING pc=0x000001e9d0e84500 sp=0x0000000503cfc3b0
Event: 2.228 Thread 0x000001e9c008b2a0 DEOPT UNPACKING pc=0x000001e9d06c23a3 sp=0x0000000503cfc320 mode 2
Event: 2.258 Thread 0x000001e9c008b2a0 Uncommon trap: trap_request=0xffffffde fr.pc=0x000001e9d0e4bc14 relative=0x00000000000002d4
Event: 2.258 Thread 0x000001e9c008b2a0 Uncommon trap: reason=class_check action=maybe_recompile pc=0x000001e9d0e4bc14 method=java.util.HashMap.getNode(Ljava/lang/Object;)Ljava/util/HashMap$Node; @ 128 c2
Event: 2.258 Thread 0x000001e9c008b2a0 DEOPT PACKING pc=0x000001e9d0e4bc14 sp=0x0000000503cfba40
Event: 2.258 Thread 0x000001e9c008b2a0 DEOPT UNPACKING pc=0x000001e9d06c23a3 sp=0x0000000503cfb948 mode 2

Classes unloaded (0 events):
No events

Classes redefined (0 events):
No events

Internal exceptions (20 events):
Event: 1.780 Thread 0x000001e9c008b2a0 Exception <a 'java/lang/NoSuchMethodError'{0x0000000712e66950}: 'java.lang.Object java.lang.invoke.DirectMethodHandle$Holder.invokeInterface(java.lang.Object, java.lang.Object, java.lang.Object, java.lang.Object, java.lang.Object)'> (0x0000000712e66950) 
thrown [s\open\src\hotspot\share\interpreter\linkResolver.cpp, line 759]
Event: 1.780 Thread 0x000001e9c008b2a0 Exception <a 'java/lang/IncompatibleClassChangeError'{0x0000000712e6a748}: Found class java.lang.Object, but interface was expected> (0x0000000712e6a748) 
thrown [s\open\src\hotspot\share\interpreter\linkResolver.cpp, line 826]
Event: 1.897 Thread 0x000001e9c008b2a0 Exception <a 'java/lang/IncompatibleClassChangeError'{0x0000000712da89a0}: Found class java.lang.Object, but interface was expected> (0x0000000712da89a0) 
thrown [s\open\src\hotspot\share\interpreter\linkResolver.cpp, line 826]
Event: 1.906 Thread 0x000001e9c008b2a0 Exception <a 'sun/nio/fs/WindowsException'{0x0000000712def738}> (0x0000000712def738) 
thrown [s\open\src\hotspot\share\prims\jni.cpp, line 516]
Event: 1.939 Thread 0x000001e9c008b2a0 Implicit null exception at 0x000001e9d0df6e0d to 0x000001e9d0df7028
Event: 1.947 Thread 0x000001e9c008b2a0 Exception <a 'java/lang/NoSuchMethodError'{0x0000000712ba0388}: 'java.lang.Object java.lang.invoke.DirectMethodHandle$Holder.invokeSpecial(java.lang.Object, java.lang.Object, java.lang.Object, java.lang.Object, java.lang.Object, java.lang.Object, int)'> (0x0000000712ba0388) 
thrown [s\open\src\hotspot\share\interpreter\linkResolver.cpp, line 759]
Event: 1.948 Thread 0x000001e9c008b2a0 Exception <a 'java/lang/NoSuchMethodError'{0x0000000712baae40}: 'java.lang.Object java.lang.invoke.DirectMethodHandle$Holder.newInvokeSpecial(java.lang.Object, java.lang.Object, java.lang.Object, java.lang.Object, java.lang.Object, java.lang.Object, int)'> (0x0000000712baae40) 
thrown [s\open\src\hotspot\share\interpreter\linkResolver.cpp, line 759]
Event: 1.948 Thread 0x000001e9c008b2a0 Exception <a 'java/lang/NoSuchMethodError'{0x0000000712bb03d0}: 'java.lang.Object java.lang.invoke.DirectMethodHandle$Holder.invokeSpecial(java.lang.Object, java.lang.Object, java.lang.Object, java.lang.Object, java.lang.Object, java.lang.Object, java.lang.Object, int)'> (0x0000000712bb03d0) 
thrown [s\open\src\hotspot\share\interpreter\linkResolver.cpp, line 759]
Event: 1.970 Thread 0x000001e9c008b2a0 Implicit null exception at 0x000001e9d0f194cc to 0x000001e9d0f1c594
Event: 1.975 Thread 0x000001e9c008b2a0 Exception <a 'java/lang/NoSuchMethodError'{0x0000000712900b60}: 'void java.lang.invoke.DirectMethodHandle$Holder.invokeStatic(java.lang.Object, java.lang.Object, java.lang.Object, java.lang.Object, java.lang.Object, java.lang.Object)'> (0x0000000712900b60) 
thrown [s\open\src\hotspot\share\interpreter\linkResolver.cpp, line 759]
Event: 1.994 Thread 0x000001e9c008b2a0 Exception <a 'java/lang/NoSuchMethodError'{0x00000007129e8ee0}: 'java.lang.Object java.lang.invoke.DirectMethodHandle$Holder.invokeSpecial(java.lang.Object, java.lang.Object, java.lang.Object, int, java.lang.Object)'> (0x00000007129e8ee0) 
thrown [s\open\src\hotspot\share\interpreter\linkResolver.cpp, line 759]
Event: 1.995 Thread 0x000001e9c008b2a0 Exception <a 'java/lang/NoSuchMethodError'{0x00000007129f1a90}: 'java.lang.Object java.lang.invoke.DirectMethodHandle$Holder.newInvokeSpecial(java.lang.Object, java.lang.Object, java.lang.Object, int, java.lang.Object)'> (0x00000007129f1a90) 
thrown [s\open\src\hotspot\share\interpreter\linkResolver.cpp, line 759]
Event: 1.995 Thread 0x000001e9c008b2a0 Exception <a 'java/lang/NoSuchMethodError'{0x00000007129f99b0}: 'java.lang.Object java.lang.invoke.Invokers$Holder.linkToTargetMethod(java.lang.Object, java.lang.Object, int, java.lang.Object, java.lang.Object)'> (0x00000007129f99b0) 
thrown [s\open\src\hotspot\share\interpreter\linkResolver.cpp, line 759]
Event: 1.996 Thread 0x000001e9c008b2a0 Exception <a 'java/lang/NoSuchMethodError'{0x00000007126092a8}: 'java.lang.Object java.lang.invoke.DirectMethodHandle$Holder.newInvokeSpecial(java.lang.Object, int, java.lang.Object)'> (0x00000007126092a8) 
thrown [s\open\src\hotspot\share\interpreter\linkResolver.cpp, line 759]
Event: 2.031 Thread 0x000001e9c008b2a0 Exception <a 'java/lang/NoSuchMethodError'{0x00000007127d3cf0}: 'java.lang.Object java.lang.invoke.DirectMethodHandle$Holder.invokeStatic(java.lang.Object, java.lang.Object, long, java.lang.Object)'> (0x00000007127d3cf0) 
thrown [s\open\src\hotspot\share\interpreter\linkResolver.cpp, line 759]
Event: 2.031 Thread 0x000001e9c008b2a0 Exception <a 'java/lang/NoSuchMethodError'{0x00000007127d7cd8}: 'java.lang.Object java.lang.invoke.DirectMethodHandle$Holder.invokeStaticInit(java.lang.Object, java.lang.Object, long, java.lang.Object)'> (0x00000007127d7cd8) 
thrown [s\open\src\hotspot\share\interpreter\linkResolver.cpp, line 759]
Event: 2.032 Thread 0x000001e9c008b2a0 Exception <a 'java/lang/NoSuchMethodError'{0x00000007127de968}: 'java.lang.Object java.lang.invoke.DirectMethodHandle$Holder.newInvokeSpecial(java.lang.Object, java.lang.Object, long)'> (0x00000007127de968) 
thrown [s\open\src\hotspot\share\interpreter\linkResolver.cpp, line 759]
Event: 2.032 Thread 0x000001e9c008b2a0 Exception <a 'java/lang/NoSuchMethodError'{0x00000007127e2cd0}: 'java.lang.Object java.lang.invoke.Invokers$Holder.linkToTargetMethod(java.lang.Object, long, java.lang.Object)'> (0x00000007127e2cd0) 
thrown [s\open\src\hotspot\share\interpreter\linkResolver.cpp, line 759]
Event: 2.044 Thread 0x000001e9c008b2a0 Implicit null exception at 0x000001e9d0e57f03 to 0x000001e9d0e5838c
Event: 2.081 Thread 0x000001e9c008b2a0 Exception <a 'java/lang/IncompatibleClassChangeError'{0x00000007125c3648}: Found class java.lang.Object, but interface was expected> (0x00000007125c3648) 
thrown [s\open\src\hotspot\share\interpreter\linkResolver.cpp, line 826]

VM Operations (20 events):
Event: 1.979 Executing VM operation: HandshakeAllThreads
Event: 1.979 Executing VM operation: HandshakeAllThreads done
Event: 1.991 Executing VM operation: HandshakeAllThreads
Event: 1.991 Executing VM operation: HandshakeAllThreads done
Event: 2.011 Executing VM operation: HandshakeAllThreads
Event: 2.011 Executing VM operation: HandshakeAllThreads done
Event: 2.018 Executing VM operation: ICBufferFull
Event: 2.018 Executing VM operation: ICBufferFull done
Event: 2.100 Executing VM operation: HandshakeAllThreads
Event: 2.100 Executing VM operation: HandshakeAllThreads done
Event: 2.101 Executing VM operation: HandshakeAllThreads
Event: 2.101 Executing VM operation: HandshakeAllThreads done
Event: 2.124 Executing VM operation: G1CollectForAllocation
Event: 2.128 Executing VM operation: G1CollectForAllocation done
Event: 2.140 Executing VM operation: HandshakeAllThreads
Event: 2.141 Executing VM operation: HandshakeAllThreads done
Event: 2.177 Executing VM operation: HandshakeAllThreads
Event: 2.177 Executing VM operation: HandshakeAllThreads done
Event: 2.225 Executing VM operation: HandshakeAllThreads
Event: 2.225 Executing VM operation: HandshakeAllThreads done

Events (20 events):
Event: 2.256 loading class java/beans/BeanInfo
Event: 2.256 loading class java/beans/BeanInfo done
Event: 2.259 loading class java/beans/MethodRef
Event: 2.260 loading class java/beans/MethodRef done
Event: 2.260 loading class java/beans/SimpleBeanInfo
Event: 2.260 loading class java/beans/SimpleBeanInfo done
Event: 2.261 loading class com/sun/beans/TypeResolver
Event: 2.261 loading class com/sun/beans/TypeResolver done
Event: 2.262 loading class com/sun/beans/WeakCache
Event: 2.262 loading class com/sun/beans/WeakCache done
Event: 2.262 loading class sun/reflect/generics/scope/MethodScope
Event: 2.262 loading class sun/reflect/generics/scope/MethodScope done
Event: 2.262 loading class sun/reflect/generics/repository/MethodRepository
Event: 2.262 loading class sun/reflect/generics/repository/MethodRepository done
Event: 2.262 loading class com/sun/beans/WildcardTypeImpl
Event: 2.263 loading class com/sun/beans/WildcardTypeImpl done
Event: 2.263 loading class java/util/AbstractList$ListItr
Event: 2.263 loading class java/util/AbstractList$Itr
Event: 2.263 loading class java/util/AbstractList$Itr done
Event: 2.263 loading class java/util/AbstractList$ListItr done


Dynamic libraries:
0x00007ff712cf0000 - 0x00007ff712d00000 	C:\Program Files\Java\jdk-17\bin\java.exe
0x00007ffecf6f0000 - 0x00007ffecf907000 	C:\WINDOWS\SYSTEM32\ntdll.dll
0x00007ffeceba0000 - 0x00007ffecec64000 	C:\WINDOWS\System32\KERNEL32.DLL
0x00007ffeccb60000 - 0x00007ffeccf0d000 	C:\WINDOWS\System32\KERNELBASE.dll
0x00007ffeccf10000 - 0x00007ffecd021000 	C:\WINDOWS\System32\ucrtbase.dll
0x00007ffec44f0000 - 0x00007ffec4509000 	C:\Program Files\Java\jdk-17\bin\jli.dll
0x00007ffece820000 - 0x00007ffece8d2000 	C:\WINDOWS\System32\ADVAPI32.dll
0x00007ffec4650000 - 0x00007ffec466b000 	C:\Program Files\Java\jdk-17\bin\VCRUNTIME140.dll
0x00007ffece4f0000 - 0x00007ffece597000 	C:\WINDOWS\System32\msvcrt.dll
0x00007ffecf2a0000 - 0x00007ffecf349000 	C:\WINDOWS\System32\sechost.dll
0x00007ffecd030000 - 0x00007ffecd058000 	C:\WINDOWS\System32\bcrypt.dll
0x00007ffece3b0000 - 0x00007ffece4c4000 	C:\WINDOWS\System32\RPCRT4.dll
0x00007ffecf350000 - 0x00007ffecf4fe000 	C:\WINDOWS\System32\USER32.dll
0x00007ffecca10000 - 0x00007ffecca36000 	C:\WINDOWS\System32\win32u.dll
0x00007ffecd520000 - 0x00007ffecd549000 	C:\WINDOWS\System32\GDI32.dll
0x00007ffeb6100000 - 0x00007ffeb6393000 	C:\WINDOWS\WinSxS\amd64_microsoft.windows.common-controls_6595b64144ccf1df_6.0.22621.3672_none_2713b9d173822955\COMCTL32.dll
0x00007ffecca40000 - 0x00007ffeccb59000 	C:\WINDOWS\System32\gdi32full.dll
0x00007ffecd380000 - 0x00007ffecd41a000 	C:\WINDOWS\System32\msvcp_win.dll
0x00007ffeb1fe0000 - 0x00007ffeb1fea000 	C:\WINDOWS\SYSTEM32\VERSION.dll
0x00007ffecde90000 - 0x00007ffecdec1000 	C:\WINDOWS\System32\IMM32.DLL
0x00007ffec2500000 - 0x00007ffec250c000 	C:\Program Files\Java\jdk-17\bin\vcruntime140_1.dll
0x00007ffe9fbb0000 - 0x00007ffe9fc3e000 	C:\Program Files\Java\jdk-17\bin\msvcp140.dll
0x00007ffe8ea90000 - 0x00007ffe8f671000 	C:\Program Files\Java\jdk-17\bin\server\jvm.dll
0x00007ffece810000 - 0x00007ffece818000 	C:\WINDOWS\System32\PSAPI.DLL
0x00007ffea1790000 - 0x00007ffea1799000 	C:\WINDOWS\SYSTEM32\WSOCK32.dll
0x00007ffecee00000 - 0x00007ffecee71000 	C:\WINDOWS\System32\WS2_32.dll
0x00007ffec51e0000 - 0x00007ffec5214000 	C:\WINDOWS\SYSTEM32\WINMM.dll
0x00007ffecbb30000 - 0x00007ffecbb48000 	C:\WINDOWS\SYSTEM32\kernel.appcore.dll
0x00007ffec24f0000 - 0x00007ffec24fa000 	C:\Program Files\Java\jdk-17\bin\jimage.dll
0x00007ffeca500000 - 0x00007ffeca732000 	C:\WINDOWS\SYSTEM32\DBGHELP.DLL
0x00007ffecef10000 - 0x00007ffecf29d000 	C:\WINDOWS\System32\combase.dll
0x00007ffece5a0000 - 0x00007ffece677000 	C:\WINDOWS\System32\OLEAUT32.dll
0x00007ffeaf600000 - 0x00007ffeaf632000 	C:\WINDOWS\SYSTEM32\dbgcore.DLL
0x00007ffecd120000 - 0x00007ffecd19b000 	C:\WINDOWS\System32\bcryptPrimitives.dll
0x00007ffebb500000 - 0x00007ffebb525000 	C:\Program Files\Java\jdk-17\bin\java.dll
0x00007ffe9cd60000 - 0x00007ffe9ce37000 	C:\Program Files\Java\jdk-17\bin\jsvml.dll
0x00007ffecd5b0000 - 0x00007ffecde18000 	C:\WINDOWS\System32\SHELL32.dll
0x00007ffeca920000 - 0x00007ffecb21e000 	C:\WINDOWS\SYSTEM32\windows.storage.dll
0x00007ffeca7e0000 - 0x00007ffeca91f000 	C:\WINDOWS\SYSTEM32\wintypes.dll
0x00007ffeceaa0000 - 0x00007ffeceb99000 	C:\WINDOWS\System32\SHCORE.dll
0x00007ffeceda0000 - 0x00007ffecedfe000 	C:\WINDOWS\System32\shlwapi.dll
0x00007ffecc940000 - 0x00007ffecc961000 	C:\WINDOWS\SYSTEM32\profapi.dll
0x00007ffebf4e0000 - 0x00007ffebf4f9000 	C:\Program Files\Java\jdk-17\bin\net.dll
0x00007ffec6590000 - 0x00007ffec66c6000 	C:\WINDOWS\SYSTEM32\WINHTTP.dll
0x00007ffecbfa0000 - 0x00007ffecc009000 	C:\WINDOWS\system32\mswsock.dll
0x00007ffeb36e0000 - 0x00007ffeb36f6000 	C:\Program Files\Java\jdk-17\bin\nio.dll
0x00007ffeb36c0000 - 0x00007ffeb36d8000 	C:\Program Files\Java\jdk-17\bin\zip.dll
0x00007ffebf440000 - 0x00007ffebf44a000 	C:\Program Files\Java\jdk-17\bin\management.dll
0x00007ffeb36b0000 - 0x00007ffeb36bb000 	C:\Program Files\Java\jdk-17\bin\management_ext.dll

dbghelp: loaded successfully - version: 4.0.5 - missing functions: none
symbol engine: initialized successfully - sym options: 0x614 - pdb path: .;C:\Program Files\Java\jdk-17\bin;C:\WINDOWS\SYSTEM32;C:\WINDOWS\WinSxS\amd64_microsoft.windows.common-controls_6595b64144ccf1df_6.0.22621.3672_none_2713b9d173822955;C:\Program Files\Java\jdk-17\bin\server

VM Arguments:
java_command: C:\Users\Asus\AppData\Local\Temp\surefire3798561641122505036\surefirebooter-20240817235539623_3.jar C:\Users\Asus\AppData\Local\Temp\surefire3798561641122505036 2024-08-17T23-55-39_415-jvmRun1 surefire-20240817235539623_1tmp surefire_0-20240817235539623_2tmp
java_class_path (initial): C:\Users\Asus\AppData\Local\Temp\surefire3798561641122505036\surefirebooter-20240817235539623_3.jar
Launcher Type: SUN_STANDARD

[Global flags]
     intx CICompilerCount                          = 12                                        {product} {ergonomic}
     uint ConcGCThreads                            = 3                                         {product} {ergonomic}
     uint G1ConcRefinementThreads                  = 13                                        {product} {ergonomic}
   size_t G1HeapRegionSize                         = 2097152                                   {product} {ergonomic}
    uintx GCDrainStackTargetSize                   = 64                                        {product} {ergonomic}
   size_t InitialHeapSize                          = 264241152                                 {product} {ergonomic}
   size_t MarkStackSize                            = 4194304                                   {product} {ergonomic}
   size_t MaxHeapSize                              = 4198498304                                {product} {ergonomic}
   size_t MaxNewSize                               = 2518679552                                {product} {ergonomic}
   size_t MinHeapDeltaBytes                        = 2097152                                   {product} {ergonomic}
   size_t MinHeapSize                              = 8388608                                   {product} {ergonomic}
    uintx NonNMethodCodeHeapSize                   = 7602480                                {pd product} {ergonomic}
    uintx NonProfiledCodeHeapSize                  = 122027880                              {pd product} {ergonomic}
    uintx ProfiledCodeHeapSize                     = 122027880                              {pd product} {ergonomic}
    uintx ReservedCodeCacheSize                    = 251658240                              {pd product} {ergonomic}
     bool SegmentedCodeCache                       = true                                      {product} {ergonomic}
   size_t SoftMaxHeapSize                          = 4198498304                             {manageable} {ergonomic}
     bool UseCompressedClassPointers               = true                           {product lp64_product} {ergonomic}
     bool UseCompressedOops                        = true                           {product lp64_product} {ergonomic}
     bool UseG1GC                                  = true                                      {product} {ergonomic}
     bool UseLargePagesIndividualAllocation        = false                                  {pd product} {ergonomic}

Logging:
Log output configuration:
 #0: stdout all=warning uptime,level,tags
 #1: stderr all=off uptime,level,tags

Environment Variables:
JAVA_HOME=C:\Program Files\Java\jdk-17
PATH=C:\Python312\Scripts\;C:\Python312\;C:\Program Files\Java\jdk-17\bin;C:\Python311\Scripts\;C:\Python311\;C:\WINDOWS\system32;C:\WINDOWS;C:\WINDOWS\System32\Wbem;C:\WINDOWS\System32\WindowsPowerShell\v1.0\;C:\WINDOWS\System32\OpenSSH\;C:\ProgramData\chocolatey\bin;C:\Program Files (x86)\Microsoft SQL Server\160\Tools\Binn\;C:\Program Files\Microsoft SQL Server\160\Tools\Binn\;C:\Program Files\Microsoft SQL Server\Client SDK\ODBC\170\Tools\Binn\;C:\Program Files\Microsoft SQL Server\160\DTS\Binn\;z\C:\Program Files\Common Files\Oracle\Java\javapath;C:\Program Files\Azure Data Studio\bin;C:\Program Files\dotnet\;C:\Program Files\Microsoft SQL Server\150\Tools\Binn\;C:\Program Files\Git LFS;C:\Program Files\Go\bin;C:\protoc-25.1-win64\bin;C:\Program Files\apache-maven-3.9.6-bin\apache-maven-3.9.6\bin;C:\minikube;C:\kubectl;C:\Program Files\Git\cmd;C:\Program Files\Amazon\AWSCLIV2\;C:\Program Files\Amazon Corretto\jdk11.0.19_7\bin;C:\Users\Asus\AppData\Roaming\nvm;C:\Program Files\nodejs;C:\Program Files\Docker\Docker\resources\bin;C:\Program Files\PuTTY\;C:\Program Files\nodejs\;C:\Users\Asus\AppData\Local\Microsoft\WindowsApps;C:\Program Files\Java\jdk-17\bin;C:\Program Files\Azure Data Studio\bin;C:\Program Files\Oracle\VirtualBox;C:\Users\Asus\.dotnet\tools;C:\Program Files\JetBrains\GoLand 2023.2.5\bin;;C:\Users\Asus\go\bin;C:\Users\Asus\AppData\Roaming\nvm;C:\Program Files\nodejs;C:\Program Files\JetBrains\IntelliJ IDEA Community Edition 2024.1\bin;;C:\Users\Asus\AppData\Roaming\npm;C:\Users\Asus\AppData\Local\Android\sdk\platform-tools;;C:\Program Files\JetBrains\IntelliJ IDEA 2024.1.2\bin;;C:\Users\Asus\AppData\Local\Programs\Microsoft VS Code\bin
USERNAME=Asus
OS=Windows_NT
PROCESSOR_IDENTIFIER=Intel64 Family 6 Model 154 Stepping 3, GenuineIntel



---------------  S Y S T E M  ---------------

OS:
 Windows 11 , 64 bit Build 22621 (10.0.22621.3958)
OS uptime: 0 days 4:21 hours
Hyper-V role detected

CPU: total 16 (initial active 16) (8 cores per cpu, 2 threads per core) family 6 model 154 stepping 3 microcode 0x421, cx8, cmov, fxsr, ht, mmx, 3dnowpref, sse, sse2, sse3, ssse3, sse4.1, sse4.2, popcnt, lzcnt, tsc, tscinvbit, avx, avx2, aes, erms, clmul, bmi1, bmi2, adx, sha, fma, vzeroupper, clflush, clflushopt, clwb, hv

Memory: 4k page, system-wide physical 16008M (1068M free)
TotalPageFile size 18056M (AvailPageFile size 5M)
current process WorkingSet (physical memory assigned to process): 177M, peak: 177M
current process commit charge ("private bytes"): 421M, peak: 421M

vm_info: Java HotSpot(TM) 64-Bit Server VM (17.0.9+11-LTS-201) for windows-amd64 JRE (17.0.9+11-LTS-201), built on Oct 10 2023 23:16:06 by "mach5one" with MS VC++ 17.1 (VS2022)

END.
