#
# There is insufficient memory for the Java Runtime Environment to continue.
# Native memory allocation (malloc) failed to allocate 2098112 bytes for Chunk::new
# Possible reasons:
#   The system is out of physical RAM or swap space
#   The process is running with CompressedOops enabled, and the Java Heap may be blocking the growth of the native heap
# Possible solutions:
#   Reduce memory load on the system
#   Increase physical memory or swap space
#   Check if swap backing store is full
#   Decrease Java heap size (-Xmx/-Xms)
#   Decrease number of Java threads
#   Decrease Java thread stack sizes (-Xss)
#   Set larger code cache with -XX:ReservedCodeCacheSize=
#   JVM is running with Zero Based Compressed Oops mode in which the Java heap is
#     placed in the first 32GB address space. The Java Heap base address is the
#     maximum limit for the native heap growth. Please use -XX:HeapBaseMinAddress
#     to set the Java Heap base and to place the Java Heap above 32GB virtual address.
# This output file may be truncated or incomplete.
#
#  Out of Memory Error (arena.cpp:189), pid=10320, tid=19716
#
# JRE version: Java(TM) SE Runtime Environment (17.0.9+11) (build 17.0.9+11-LTS-201)
# Java VM: Java HotSpot(TM) 64-Bit Server VM (17.0.9+11-LTS-201, mixed mode, sharing, tiered, compressed oops, compressed class ptrs, g1 gc, windows-amd64)
# No core dump will be written. Minidumps are not enabled by default on client versions of Windows
#

---------------  S U M M A R Y ------------

Command Line: -Dclassworlds.conf=C:\Program Files\apache-maven-3.9.6-bin\apache-maven-3.9.6\bin\m2.conf -Dmaven.home=C:\Program Files\apache-maven-3.9.6-bin\apache-maven-3.9.6 -Dlibrary.jansi.path=C:\Program Files\apache-maven-3.9.6-bin\apache-maven-3.9.6\lib\jansi-native -Dmaven.multiModuleProjectDirectory=D:\SEP490_BE\SEP490_G54_BE org.codehaus.plexus.classworlds.launcher.Launcher install -DskipTests=true

Host: 12th Gen Intel(R) Core(TM) i5-1240P, 16 cores, 15G,  Windows 11 , 64 bit Build 22621 (10.0.22621.3672)
Time: Mon Jul 15 13:27:56 2024 SE Asia Standard Time elapsed time: 22.557945 seconds (0d 0h 0m 22s)

---------------  T H R E A D  ---------------

Current thread (0x00000247a600cfa0):  JavaThread "C2 CompilerThread0" daemon [_thread_in_native, id=19716, stack(0x0000008cc8500000,0x0000008cc8600000)]


Current CompileTask:
C2:  22558 13785       4       com.sun.tools.javac.comp.Resolve$4::checkArg (22 bytes)

Stack: [0x0000008cc8500000,0x0000008cc8600000]
Native frames: (J=compiled Java code, j=interpreted, Vv=VM code, C=native code)
V  [jvm.dll+0x678a4a]
V  [jvm.dll+0x7d9cfd]
V  [jvm.dll+0x7db60e]
V  [jvm.dll+0x7dbc73]
V  [jvm.dll+0x245e1f]
V  [jvm.dll+0xaaafb]
V  [jvm.dll+0xab09c]
V  [jvm.dll+0x36237e]
V  [jvm.dll+0x32ca01]
V  [jvm.dll+0x32be9a]
V  [jvm.dll+0x21812f]
V  [jvm.dll+0x217561]
V  [jvm.dll+0x1a3bc0]
V  [jvm.dll+0x2272de]
V  [jvm.dll+0x22548b]
V  [jvm.dll+0x78f58c]
V  [jvm.dll+0x78998a]
V  [jvm.dll+0x677875]
C  [ucrtbase.dll+0x29333]
C  [KERNEL32.DLL+0x1257d]
C  [ntdll.dll+0x5af28]


---------------  P R O C E S S  ---------------

Threads class SMR info:
_java_thread_list=0x00000247ab2d44a0, length=22, elements={
0x000002473d617ca0, 0x0000024760bcf340, 0x0000024760bd00d0, 0x00000247a6006730,
0x00000247a600a120, 0x00000247a600a9f0, 0x00000247a600b2c0, 0x00000247a600cfa0,
0x00000247a6010190, 0x00000247a6012eb0, 0x00000247a60c4ef0, 0x00000247a60d8d10,
0x00000247a6139ee0, 0x00000247a613c810, 0x00000247a620f920, 0x00000247a67c03c0,
0x00000247a6b25170, 0x00000247a8377390, 0x00000247a7072100, 0x00000247a729e400,
0x00000247a729bed0, 0x00000247a729cec0
}

Java Threads: ( => current thread )
  0x000002473d617ca0 JavaThread "main" [_thread_in_native, id=20100, stack(0x0000008cc7800000,0x0000008cc7900000)]
  0x0000024760bcf340 JavaThread "Reference Handler" daemon [_thread_blocked, id=19324, stack(0x0000008cc7f00000,0x0000008cc8000000)]
  0x0000024760bd00d0 JavaThread "Finalizer" daemon [_thread_blocked, id=6972, stack(0x0000008cc8000000,0x0000008cc8100000)]
  0x00000247a6006730 JavaThread "Signal Dispatcher" daemon [_thread_blocked, id=15208, stack(0x0000008cc8100000,0x0000008cc8200000)]
  0x00000247a600a120 JavaThread "Attach Listener" daemon [_thread_blocked, id=7068, stack(0x0000008cc8200000,0x0000008cc8300000)]
  0x00000247a600a9f0 JavaThread "Service Thread" daemon [_thread_blocked, id=4600, stack(0x0000008cc8300000,0x0000008cc8400000)]
  0x00000247a600b2c0 JavaThread "Monitor Deflation Thread" daemon [_thread_blocked, id=424, stack(0x0000008cc8400000,0x0000008cc8500000)]
=>0x00000247a600cfa0 JavaThread "C2 CompilerThread0" daemon [_thread_in_native, id=19716, stack(0x0000008cc8500000,0x0000008cc8600000)]
  0x00000247a6010190 JavaThread "C1 CompilerThread0" daemon [_thread_blocked, id=14592, stack(0x0000008cc8600000,0x0000008cc8700000)]
  0x00000247a6012eb0 JavaThread "Sweeper thread" daemon [_thread_blocked, id=19252, stack(0x0000008cc8700000,0x0000008cc8800000)]
  0x00000247a60c4ef0 JavaThread "C1 CompilerThread1" daemon [_thread_blocked, id=7816, stack(0x0000008cc8800000,0x0000008cc8900000)]
  0x00000247a60d8d10 JavaThread "C1 CompilerThread2" daemon [_thread_blocked, id=6884, stack(0x0000008cc8900000,0x0000008cc8a00000)]
  0x00000247a6139ee0 JavaThread "C1 CompilerThread3" daemon [_thread_blocked, id=15228, stack(0x0000008cc8a00000,0x0000008cc8b00000)]
  0x00000247a613c810 JavaThread "Notification Thread" daemon [_thread_blocked, id=19764, stack(0x0000008cc8b00000,0x0000008cc8c00000)]
  0x00000247a620f920 JavaThread "Common-Cleaner" daemon [_thread_blocked, id=5284, stack(0x0000008cc8d00000,0x0000008cc8e00000)]
  0x00000247a67c03c0 JavaThread "C2 CompilerThread1" daemon [_thread_in_native, id=18088, stack(0x0000008cc8e00000,0x0000008cc8f00000)]
  0x00000247a6b25170 JavaThread "C2 CompilerThread2" daemon [_thread_in_native, id=12304, stack(0x0000008cc8f00000,0x0000008cc9000000)]
  0x00000247a8377390 JavaThread "C2 CompilerThread3" daemon [_thread_in_native, id=16884, stack(0x0000008cc9c00000,0x0000008cc9d00000)]
  0x00000247a7072100 JavaThread "C2 CompilerThread4" daemon [_thread_in_native, id=13644, stack(0x0000008cc9d00000,0x0000008cc9e00000)]
  0x00000247a729e400 JavaThread "C2 CompilerThread5" daemon [_thread_in_native, id=5572, stack(0x0000008cca100000,0x0000008cca200000)]
  0x00000247a729bed0 JavaThread "C2 CompilerThread6" daemon [_thread_in_native, id=20036, stack(0x0000008cca200000,0x0000008cca300000)]
  0x00000247a729cec0 JavaThread "C2 CompilerThread7" daemon [_thread_in_native, id=16788, stack(0x0000008cca800000,0x0000008cca900000)]

Other Threads:
  0x0000024760bc8fe0 VMThread "VM Thread" [stack: 0x0000008cc7e00000,0x0000008cc7f00000] [id=15320]
  0x000002473d6a76a0 WatcherThread [stack: 0x0000008cc8c00000,0x0000008cc8d00000] [id=11596]
  0x000002473d683d80 GCTaskThread "GC Thread#0" [stack: 0x0000008cc7900000,0x0000008cc7a00000] [id=10548]
  0x00000247a6309660 GCTaskThread "GC Thread#1" [stack: 0x0000008cc9500000,0x0000008cc9600000] [id=20280]
  0x00000247a7456410 GCTaskThread "GC Thread#2" [stack: 0x0000008cc9600000,0x0000008cc9700000] [id=18116]
  0x00000247a7249ad0 GCTaskThread "GC Thread#3" [stack: 0x0000008cc9700000,0x0000008cc9800000] [id=19172]
  0x00000247a7249d90 GCTaskThread "GC Thread#4" [stack: 0x0000008cc9800000,0x0000008cc9900000] [id=2948]
  0x00000247a6cbd9c0 GCTaskThread "GC Thread#5" [stack: 0x0000008cc9900000,0x0000008cc9a00000] [id=20204]
  0x00000247a6a5c580 GCTaskThread "GC Thread#6" [stack: 0x0000008cc9a00000,0x0000008cc9b00000] [id=8032]
  0x00000247a6a5cc50 GCTaskThread "GC Thread#7" [stack: 0x0000008cc9b00000,0x0000008cc9c00000] [id=11628]
  0x00000247a6c88ec0 GCTaskThread "GC Thread#8" [stack: 0x0000008cc9200000,0x0000008cc9300000] [id=16564]
  0x00000247a7bb4ee0 GCTaskThread "GC Thread#9" [stack: 0x0000008cc9300000,0x0000008cc9400000] [id=16576]
  0x00000247a7a210f0 GCTaskThread "GC Thread#10" [stack: 0x0000008cc9000000,0x0000008cc9100000] [id=12352]
  0x00000247a7f56660 GCTaskThread "GC Thread#11" [stack: 0x0000008cc9100000,0x0000008cc9200000] [id=2968]
  0x00000247a7f56d30 GCTaskThread "GC Thread#12" [stack: 0x0000008cc9400000,0x0000008cc9500000] [id=19660]
  0x000002473d695630 ConcurrentGCThread "G1 Main Marker" [stack: 0x0000008cc7a00000,0x0000008cc7b00000] [id=10704]
  0x000002473d695f50 ConcurrentGCThread "G1 Conc#0" [stack: 0x0000008cc7b00000,0x0000008cc7c00000] [id=12548]
  0x00000247a82fda80 ConcurrentGCThread "G1 Conc#1" [stack: 0x0000008cc9f00000,0x0000008cca000000] [id=1916]
  0x00000247a82fd240 ConcurrentGCThread "G1 Conc#2" [stack: 0x0000008cca000000,0x0000008cca100000] [id=6120]
  0x000002473d6de980 ConcurrentGCThread "G1 Refine#0" [stack: 0x0000008cc7c00000,0x0000008cc7d00000] [id=17016]
  0x00000247abb329e0 ConcurrentGCThread "G1 Refine#1" [stack: 0x0000008cca300000,0x0000008cca400000] [id=2508]
  0x00000247a87a12c0 ConcurrentGCThread "G1 Refine#2" [stack: 0x0000008cca400000,0x0000008cca500000] [id=16608]
  0x00000247a7629c20 ConcurrentGCThread "G1 Refine#3" [stack: 0x0000008cca500000,0x0000008cca600000] [id=12864]
  0x00000247aa792c80 ConcurrentGCThread "G1 Refine#4" [stack: 0x0000008cca600000,0x0000008cca700000] [id=3512]
  0x00000247aa792f70 ConcurrentGCThread "G1 Refine#5" [stack: 0x0000008cca700000,0x0000008cca800000] [id=8200]
  0x00000247acc30a70 ConcurrentGCThread "G1 Refine#6" [stack: 0x0000008cc9e00000,0x0000008cc9f00000] [id=13672]
  0x0000024760a875b0 ConcurrentGCThread "G1 Service" [stack: 0x0000008cc7d00000,0x0000008cc7e00000] [id=15196]

Threads with active compile tasks:
C2 CompilerThread0    22587 13785       4       com.sun.tools.javac.comp.Resolve$4::checkArg (22 bytes)
C2 CompilerThread1    22587 13597       4       com.sun.tools.javac.comp.TransTypes::visitSelect (166 bytes)
C2 CompilerThread2    22587 13895       4       com.sun.tools.javac.code.Types$SignatureGenerator::assembleSig (525 bytes)
C2 CompilerThread3    22587 13939       4       com.sun.tools.javac.code.Types$SignatureGenerator::assembleClassSig (221 bytes)
C2 CompilerThread4    22587 13894       4       com.sun.tools.javac.jvm.PoolWriter::enterInner (86 bytes)
C2 CompilerThread5    22587 13453       4       com.sun.tools.javac.tree.TreeInfo$DeclScanner::visitMethodDef (25 bytes)
C2 CompilerThread6    22587 13834       4       com.sun.tools.javac.code.Types::closure (153 bytes)
C2 CompilerThread7    22587 13846       4       com.sun.tools.javac.comp.DeferredAttr$DeferredTypeMap::visitType (29 bytes)

VM state: not at safepoint (normal execution)

VM Mutex/Monitor currently owned by a thread: None

Heap address: 0x0000000705c00000, size: 4004 MB, Compressed Oops mode: Zero based, Oop shift amount: 3

CDS archive(s) mapped at: [0x0000024761000000-0x0000024761bd0000-0x0000024761bd0000), size 12386304, SharedBaseAddress: 0x0000024761000000, ArchiveRelocationMode: 1.
Compressed class space mapped at: 0x0000024762000000-0x00000247a2000000, reserved size: 1073741824
Narrow klass base: 0x0000024761000000, Narrow klass shift: 0, Narrow klass range: 0x100000000

GC Precious Log:
 CPUs: 16 total, 16 available
 Memory: 16008M
 Large Page Support: Disabled
 NUMA Support: Disabled
 Compressed Oops: Enabled (Zero based)
 Heap Region Size: 2M
 Heap Min Capacity: 8M
 Heap Initial Capacity: 252M
 Heap Max Capacity: 4004M
 Pre-touch: Disabled
 Parallel Workers: 13
 Concurrent Workers: 3
 Concurrent Refinement Workers: 13
 Periodic GC: Disabled

Heap:
 garbage-first heap   total 530432K, used 232817K [0x0000000705c00000, 0x0000000800000000)
  region size 2048K, 45 young (92160K), 9 survivors (18432K)
 Metaspace       used 35393K, committed 35840K, reserved 1114112K
  class space    used 3750K, committed 3968K, reserved 1048576K

Heap Regions: E=young(eden), S=young(survivor), O=old, HS=humongous(starts), HC=humongous(continues), CS=collection set, F=free, OA=open archive, CA=closed archive, TAMS=top-at-mark-start (previous, next)
|   0|0x0000000705c00000, 0x0000000705e00000, 0x0000000705e00000|100%| O|  |TAMS 0x0000000705e00000, 0x0000000705c00000| Untracked 
|   1|0x0000000705e00000, 0x0000000706000000, 0x0000000706000000|100%| O|  |TAMS 0x0000000706000000, 0x0000000705e00000| Untracked 
|   2|0x0000000706000000, 0x0000000706200000, 0x0000000706200000|100%| O|  |TAMS 0x0000000706200000, 0x0000000706000000| Untracked 
|   3|0x0000000706200000, 0x0000000706400000, 0x0000000706400000|100%| O|  |TAMS 0x0000000706400000, 0x0000000706200000| Untracked 
|   4|0x0000000706400000, 0x0000000706600000, 0x0000000706600000|100%| O|  |TAMS 0x0000000706600000, 0x0000000706400000| Untracked 
|   5|0x0000000706600000, 0x0000000706800000, 0x0000000706800000|100%| O|  |TAMS 0x0000000706800000, 0x0000000706600000| Untracked 
|   6|0x0000000706800000, 0x0000000706a00000, 0x0000000706a00000|100%|HS|  |TAMS 0x0000000706800000, 0x0000000706800000| Complete 
|   7|0x0000000706a00000, 0x0000000706c00000, 0x0000000706c00000|100%| O|  |TAMS 0x0000000706c00000, 0x0000000706a00000| Untracked 
|   8|0x0000000706c00000, 0x0000000706e00000, 0x0000000706e00000|100%| O|  |TAMS 0x0000000706e00000, 0x0000000706c00000| Untracked 
|   9|0x0000000706e00000, 0x0000000707000000, 0x0000000707000000|100%| O|  |TAMS 0x0000000706e00000, 0x0000000706e00000| Untracked 
|  10|0x0000000707000000, 0x0000000707200000, 0x0000000707200000|100%| O|  |TAMS 0x0000000707200000, 0x0000000707000000| Untracked 
|  11|0x0000000707200000, 0x0000000707400000, 0x0000000707400000|100%| O|  |TAMS 0x0000000707400000, 0x0000000707200000| Untracked 
|  12|0x0000000707400000, 0x0000000707600000, 0x0000000707600000|100%| O|  |TAMS 0x0000000707600000, 0x0000000707400000| Untracked 
|  13|0x0000000707600000, 0x0000000707800000, 0x0000000707800000|100%| O|  |TAMS 0x0000000707800000, 0x0000000707600000| Untracked 
|  14|0x0000000707800000, 0x0000000707a00000, 0x0000000707a00000|100%| O|  |TAMS 0x0000000707a00000, 0x0000000707800000| Untracked 
|  15|0x0000000707a00000, 0x0000000707c00000, 0x0000000707c00000|100%| O|  |TAMS 0x0000000707c00000, 0x0000000707a00000| Untracked 
|  16|0x0000000707c00000, 0x0000000707e00000, 0x0000000707e00000|100%| O|  |TAMS 0x0000000707e00000, 0x0000000707c00000| Untracked 
|  17|0x0000000707e00000, 0x0000000708000000, 0x0000000708000000|100%| O|  |TAMS 0x0000000708000000, 0x0000000707e00000| Untracked 
|  18|0x0000000708000000, 0x0000000708200000, 0x0000000708200000|100%| O|  |TAMS 0x0000000708200000, 0x0000000708000000| Untracked 
|  19|0x0000000708200000, 0x0000000708400000, 0x0000000708400000|100%|HS|  |TAMS 0x0000000708400000, 0x0000000708200000| Complete 
|  20|0x0000000708400000, 0x0000000708600000, 0x0000000708600000|100%| O|  |TAMS 0x0000000708600000, 0x0000000708400000| Untracked 
|  21|0x0000000708600000, 0x0000000708800000, 0x0000000708800000|100%| O|  |TAMS 0x0000000708800000, 0x0000000708600000| Untracked 
|  22|0x0000000708800000, 0x0000000708a00000, 0x0000000708a00000|100%| O|  |TAMS 0x0000000708a00000, 0x0000000708800000| Untracked 
|  23|0x0000000708a00000, 0x0000000708c00000, 0x0000000708c00000|100%| O|  |TAMS 0x0000000708c00000, 0x0000000708a00000| Untracked 
|  24|0x0000000708c00000, 0x0000000708e00000, 0x0000000708e00000|100%| O|  |TAMS 0x0000000708e00000, 0x0000000708c00000| Untracked 
|  25|0x0000000708e00000, 0x0000000708fe4c00, 0x0000000709000000| 94%| O|  |TAMS 0x0000000708fe4c00, 0x0000000708e00000| Untracked 
|  26|0x0000000709000000, 0x0000000709200000, 0x0000000709200000|100%| O|  |TAMS 0x0000000709200000, 0x0000000709000000| Untracked 
|  27|0x0000000709200000, 0x0000000709400000, 0x0000000709400000|100%| O|  |TAMS 0x0000000709400000, 0x0000000709200000| Untracked 
|  28|0x0000000709400000, 0x0000000709600000, 0x0000000709600000|100%| O|  |TAMS 0x0000000709600000, 0x0000000709400000| Untracked 
|  29|0x0000000709600000, 0x0000000709800000, 0x0000000709800000|100%| O|  |TAMS 0x0000000709800000, 0x0000000709600000| Untracked 
|  30|0x0000000709800000, 0x0000000709a00000, 0x0000000709a00000|100%| O|  |TAMS 0x0000000709a00000, 0x0000000709800000| Untracked 
|  31|0x0000000709a00000, 0x0000000709c00000, 0x0000000709c00000|100%| O|  |TAMS 0x0000000709c00000, 0x0000000709a00000| Untracked 
|  32|0x0000000709c00000, 0x0000000709e00000, 0x0000000709e00000|100%| O|  |TAMS 0x0000000709e00000, 0x0000000709c00000| Untracked 
|  33|0x0000000709e00000, 0x000000070a000000, 0x000000070a000000|100%| O|  |TAMS 0x0000000709e57800, 0x0000000709e00000| Untracked 
|  34|0x000000070a000000, 0x000000070a200000, 0x000000070a200000|100%| O|  |TAMS 0x000000070a000000, 0x000000070a000000| Untracked 
|  35|0x000000070a200000, 0x000000070a400000, 0x000000070a400000|100%| O|  |TAMS 0x000000070a200000, 0x000000070a200000| Untracked 
|  36|0x000000070a400000, 0x000000070a600000, 0x000000070a600000|100%| O|  |TAMS 0x000000070a400000, 0x000000070a400000| Untracked 
|  37|0x000000070a600000, 0x000000070a800000, 0x000000070a800000|100%| O|  |TAMS 0x000000070a600000, 0x000000070a600000| Untracked 
|  38|0x000000070a800000, 0x000000070aa00000, 0x000000070aa00000|100%| O|  |TAMS 0x000000070a800000, 0x000000070a800000| Untracked 
|  39|0x000000070aa00000, 0x000000070ac00000, 0x000000070ac00000|100%| O|  |TAMS 0x000000070aa00000, 0x000000070aa00000| Untracked 
|  40|0x000000070ac00000, 0x000000070ae00000, 0x000000070ae00000|100%| O|  |TAMS 0x000000070ac00000, 0x000000070ac00000| Untracked 
|  41|0x000000070ae00000, 0x000000070b000000, 0x000000070b000000|100%| O|  |TAMS 0x000000070ae00000, 0x000000070ae00000| Untracked 
|  42|0x000000070b000000, 0x000000070b200000, 0x000000070b200000|100%|HS|  |TAMS 0x000000070b000000, 0x000000070b000000| Complete 
|  43|0x000000070b200000, 0x000000070b400000, 0x000000070b400000|100%|HC|  |TAMS 0x000000070b200000, 0x000000070b200000| Complete 
|  44|0x000000070b400000, 0x000000070b600000, 0x000000070b600000|100%|HS|  |TAMS 0x000000070b400000, 0x000000070b400000| Complete 
|  45|0x000000070b600000, 0x000000070b800000, 0x000000070b800000|100%| O|  |TAMS 0x000000070b600000, 0x000000070b600000| Untracked 
|  46|0x000000070b800000, 0x000000070ba00000, 0x000000070ba00000|100%| O|  |TAMS 0x000000070b800000, 0x000000070b800000| Untracked 
|  47|0x000000070ba00000, 0x000000070bc00000, 0x000000070bc00000|100%| O|  |TAMS 0x000000070ba00000, 0x000000070ba00000| Untracked 
|  48|0x000000070bc00000, 0x000000070be00000, 0x000000070be00000|100%| O|  |TAMS 0x000000070bc00000, 0x000000070bc00000| Untracked 
|  49|0x000000070be00000, 0x000000070c000000, 0x000000070c000000|100%| O|  |TAMS 0x000000070be00000, 0x000000070be00000| Untracked 
|  50|0x000000070c000000, 0x000000070c200000, 0x000000070c200000|100%| O|  |TAMS 0x000000070c000000, 0x000000070c000000| Untracked 
|  51|0x000000070c200000, 0x000000070c400000, 0x000000070c400000|100%| O|  |TAMS 0x000000070c200000, 0x000000070c200000| Untracked 
|  52|0x000000070c400000, 0x000000070c600000, 0x000000070c600000|100%| O|  |TAMS 0x000000070c400000, 0x000000070c400000| Untracked 
|  53|0x000000070c600000, 0x000000070c800000, 0x000000070c800000|100%| O|  |TAMS 0x000000070c600000, 0x000000070c600000| Untracked 
|  54|0x000000070c800000, 0x000000070ca00000, 0x000000070ca00000|100%| O|  |TAMS 0x000000070c800000, 0x000000070c800000| Untracked 
|  55|0x000000070ca00000, 0x000000070cc00000, 0x000000070cc00000|100%| O|  |TAMS 0x000000070ca00000, 0x000000070ca00000| Untracked 
|  56|0x000000070cc00000, 0x000000070ce00000, 0x000000070ce00000|100%| O|  |TAMS 0x000000070cc00000, 0x000000070cc00000| Untracked 
|  57|0x000000070ce00000, 0x000000070d000000, 0x000000070d000000|100%| O|  |TAMS 0x000000070ce00000, 0x000000070ce00000| Untracked 
|  58|0x000000070d000000, 0x000000070d200000, 0x000000070d200000|100%| O|  |TAMS 0x000000070d000000, 0x000000070d000000| Untracked 
|  59|0x000000070d200000, 0x000000070d400000, 0x000000070d400000|100%| O|  |TAMS 0x000000070d200000, 0x000000070d200000| Untracked 
|  60|0x000000070d400000, 0x000000070d600000, 0x000000070d600000|100%| O|  |TAMS 0x000000070d400000, 0x000000070d400000| Untracked 
|  61|0x000000070d600000, 0x000000070d800000, 0x000000070d800000|100%| O|  |TAMS 0x000000070d600000, 0x000000070d600000| Untracked 
|  62|0x000000070d800000, 0x000000070da00000, 0x000000070da00000|100%| O|  |TAMS 0x000000070d800000, 0x000000070d800000| Untracked 
|  63|0x000000070da00000, 0x000000070dc00000, 0x000000070dc00000|100%| O|  |TAMS 0x000000070da00000, 0x000000070da00000| Untracked 
|  64|0x000000070dc00000, 0x000000070de00000, 0x000000070de00000|100%| O|  |TAMS 0x000000070dc00000, 0x000000070dc00000| Untracked 
|  65|0x000000070de00000, 0x000000070e000000, 0x000000070e000000|100%| O|  |TAMS 0x000000070de00000, 0x000000070de00000| Untracked 
|  66|0x000000070e000000, 0x000000070e08b600, 0x000000070e200000| 27%| O|  |TAMS 0x000000070e000000, 0x000000070e000000| Untracked 
|  67|0x000000070e200000, 0x000000070e200000, 0x000000070e400000|  0%| F|  |TAMS 0x000000070e200000, 0x000000070e200000| Untracked 
|  68|0x000000070e400000, 0x000000070e400000, 0x000000070e600000|  0%| F|  |TAMS 0x000000070e400000, 0x000000070e400000| Untracked 
|  69|0x000000070e600000, 0x000000070e600000, 0x000000070e800000|  0%| F|  |TAMS 0x000000070e600000, 0x000000070e600000| Untracked 
|  70|0x000000070e800000, 0x000000070e800000, 0x000000070ea00000|  0%| F|  |TAMS 0x000000070e800000, 0x000000070e800000| Untracked 
|  71|0x000000070ea00000, 0x000000070ea00000, 0x000000070ec00000|  0%| F|  |TAMS 0x000000070ea00000, 0x000000070ea00000| Untracked 
|  72|0x000000070ec00000, 0x000000070ec00000, 0x000000070ee00000|  0%| F|  |TAMS 0x000000070ec00000, 0x000000070ec00000| Untracked 
|  73|0x000000070ee00000, 0x000000070ee00000, 0x000000070f000000|  0%| F|  |TAMS 0x000000070ee00000, 0x000000070ee00000| Untracked 
|  74|0x000000070f000000, 0x000000070f000000, 0x000000070f200000|  0%| F|  |TAMS 0x000000070f000000, 0x000000070f000000| Untracked 
|  75|0x000000070f200000, 0x000000070f200000, 0x000000070f400000|  0%| F|  |TAMS 0x000000070f200000, 0x000000070f200000| Untracked 
|  76|0x000000070f400000, 0x000000070f400000, 0x000000070f600000|  0%| F|  |TAMS 0x000000070f400000, 0x000000070f400000| Untracked 
|  77|0x000000070f600000, 0x000000070f600000, 0x000000070f800000|  0%| F|  |TAMS 0x000000070f600000, 0x000000070f600000| Untracked 
|  78|0x000000070f800000, 0x000000070f800000, 0x000000070fa00000|  0%| F|  |TAMS 0x000000070f800000, 0x000000070f800000| Untracked 
|  79|0x000000070fa00000, 0x000000070fa00000, 0x000000070fc00000|  0%| F|  |TAMS 0x000000070fa00000, 0x000000070fa00000| Untracked 
|  80|0x000000070fc00000, 0x000000070fc00000, 0x000000070fe00000|  0%| F|  |TAMS 0x000000070fc00000, 0x000000070fc00000| Untracked 
|  81|0x000000070fe00000, 0x000000070fe00000, 0x0000000710000000|  0%| F|  |TAMS 0x000000070fe00000, 0x000000070fe00000| Untracked 
|  82|0x0000000710000000, 0x0000000710000000, 0x0000000710200000|  0%| F|  |TAMS 0x0000000710000000, 0x0000000710000000| Untracked 
|  83|0x0000000710200000, 0x0000000710200000, 0x0000000710400000|  0%| F|  |TAMS 0x0000000710200000, 0x0000000710200000| Untracked 
|  84|0x0000000710400000, 0x0000000710400000, 0x0000000710600000|  0%| F|  |TAMS 0x0000000710400000, 0x0000000710400000| Untracked 
|  85|0x0000000710600000, 0x0000000710600000, 0x0000000710800000|  0%| F|  |TAMS 0x0000000710600000, 0x0000000710600000| Untracked 
|  86|0x0000000710800000, 0x0000000710800000, 0x0000000710a00000|  0%| F|  |TAMS 0x0000000710800000, 0x0000000710800000| Untracked 
|  87|0x0000000710a00000, 0x0000000710a00000, 0x0000000710c00000|  0%| F|  |TAMS 0x0000000710a00000, 0x0000000710a00000| Untracked 
|  88|0x0000000710c00000, 0x0000000710c00000, 0x0000000710e00000|  0%| F|  |TAMS 0x0000000710c00000, 0x0000000710c00000| Untracked 
|  89|0x0000000710e00000, 0x0000000710e00000, 0x0000000711000000|  0%| F|  |TAMS 0x0000000710e00000, 0x0000000710e00000| Untracked 
|  90|0x0000000711000000, 0x0000000711000000, 0x0000000711200000|  0%| F|  |TAMS 0x0000000711000000, 0x0000000711000000| Untracked 
|  91|0x0000000711200000, 0x0000000711200000, 0x0000000711400000|  0%| F|  |TAMS 0x0000000711200000, 0x0000000711200000| Untracked 
|  92|0x0000000711400000, 0x0000000711400000, 0x0000000711600000|  0%| F|  |TAMS 0x0000000711400000, 0x0000000711400000| Untracked 
|  93|0x0000000711600000, 0x0000000711600000, 0x0000000711800000|  0%| F|  |TAMS 0x0000000711600000, 0x0000000711600000| Untracked 
|  94|0x0000000711800000, 0x0000000711800000, 0x0000000711a00000|  0%| F|  |TAMS 0x0000000711800000, 0x0000000711800000| Untracked 
|  95|0x0000000711a00000, 0x0000000711a00000, 0x0000000711c00000|  0%| F|  |TAMS 0x0000000711a00000, 0x0000000711a00000| Untracked 
|  96|0x0000000711c00000, 0x0000000711c00000, 0x0000000711e00000|  0%| F|  |TAMS 0x0000000711c00000, 0x0000000711c00000| Untracked 
|  97|0x0000000711e00000, 0x0000000711e00000, 0x0000000712000000|  0%| F|  |TAMS 0x0000000711e00000, 0x0000000711e00000| Untracked 
|  98|0x0000000712000000, 0x0000000712000000, 0x0000000712200000|  0%| F|  |TAMS 0x0000000712000000, 0x0000000712000000| Untracked 
|  99|0x0000000712200000, 0x0000000712200000, 0x0000000712400000|  0%| F|  |TAMS 0x0000000712200000, 0x0000000712200000| Untracked 
| 100|0x0000000712400000, 0x0000000712400000, 0x0000000712600000|  0%| F|  |TAMS 0x0000000712400000, 0x0000000712400000| Untracked 
| 101|0x0000000712600000, 0x0000000712600000, 0x0000000712800000|  0%| F|  |TAMS 0x0000000712600000, 0x0000000712600000| Untracked 
| 102|0x0000000712800000, 0x0000000712800000, 0x0000000712a00000|  0%| F|  |TAMS 0x0000000712800000, 0x0000000712800000| Untracked 
| 103|0x0000000712a00000, 0x0000000712a00000, 0x0000000712c00000|  0%| F|  |TAMS 0x0000000712a00000, 0x0000000712a00000| Untracked 
| 104|0x0000000712c00000, 0x0000000712c00000, 0x0000000712e00000|  0%| F|  |TAMS 0x0000000712c00000, 0x0000000712c00000| Untracked 
| 105|0x0000000712e00000, 0x0000000712e00000, 0x0000000713000000|  0%| F|  |TAMS 0x0000000712e00000, 0x0000000712e00000| Untracked 
| 106|0x0000000713000000, 0x0000000713000000, 0x0000000713200000|  0%| F|  |TAMS 0x0000000713000000, 0x0000000713000000| Untracked 
| 107|0x0000000713200000, 0x0000000713200000, 0x0000000713400000|  0%| F|  |TAMS 0x0000000713200000, 0x0000000713200000| Untracked 
| 108|0x0000000713400000, 0x0000000713400000, 0x0000000713600000|  0%| F|  |TAMS 0x0000000713400000, 0x0000000713400000| Untracked 
| 109|0x0000000713600000, 0x0000000713600000, 0x0000000713800000|  0%| F|  |TAMS 0x0000000713600000, 0x0000000713600000| Untracked 
| 110|0x0000000713800000, 0x0000000713800000, 0x0000000713a00000|  0%| F|  |TAMS 0x0000000713800000, 0x0000000713800000| Untracked 
| 111|0x0000000713a00000, 0x0000000713aec540, 0x0000000713c00000| 46%| S|CS|TAMS 0x0000000713a00000, 0x0000000713a00000| Complete 
| 112|0x0000000713c00000, 0x0000000713e00000, 0x0000000713e00000|100%| S|CS|TAMS 0x0000000713c00000, 0x0000000713c00000| Complete 
| 113|0x0000000713e00000, 0x0000000714000000, 0x0000000714000000|100%| S|CS|TAMS 0x0000000713e00000, 0x0000000713e00000| Complete 
| 114|0x0000000714000000, 0x0000000714200000, 0x0000000714200000|100%| S|CS|TAMS 0x0000000714000000, 0x0000000714000000| Complete 
| 115|0x0000000714200000, 0x0000000714400000, 0x0000000714400000|100%| S|CS|TAMS 0x0000000714200000, 0x0000000714200000| Complete 
| 116|0x0000000714400000, 0x0000000714600000, 0x0000000714600000|100%| S|CS|TAMS 0x0000000714400000, 0x0000000714400000| Complete 
| 117|0x0000000714600000, 0x0000000714800000, 0x0000000714800000|100%| S|CS|TAMS 0x0000000714600000, 0x0000000714600000| Complete 
| 118|0x0000000714800000, 0x0000000714a00000, 0x0000000714a00000|100%| S|CS|TAMS 0x0000000714800000, 0x0000000714800000| Complete 
| 119|0x0000000714a00000, 0x0000000714c00000, 0x0000000714c00000|100%| S|CS|TAMS 0x0000000714a00000, 0x0000000714a00000| Complete 
| 120|0x0000000714c00000, 0x0000000714c00000, 0x0000000714e00000|  0%| F|  |TAMS 0x0000000714c00000, 0x0000000714c00000| Untracked 
| 121|0x0000000714e00000, 0x0000000714e00000, 0x0000000715000000|  0%| F|  |TAMS 0x0000000714e00000, 0x0000000714e00000| Untracked 
| 122|0x0000000715000000, 0x0000000715000000, 0x0000000715200000|  0%| F|  |TAMS 0x0000000715000000, 0x0000000715000000| Untracked 
| 123|0x0000000715200000, 0x0000000715200000, 0x0000000715400000|  0%| F|  |TAMS 0x0000000715200000, 0x0000000715200000| Untracked 
| 124|0x0000000715400000, 0x0000000715400000, 0x0000000715600000|  0%| F|  |TAMS 0x0000000715400000, 0x0000000715400000| Untracked 
| 125|0x0000000715600000, 0x0000000715600000, 0x0000000715800000|  0%| F|  |TAMS 0x0000000715600000, 0x0000000715600000| Untracked 
| 126|0x0000000715800000, 0x0000000715800000, 0x0000000715a00000|  0%| F|  |TAMS 0x0000000715800000, 0x0000000715800000| Untracked 
| 127|0x0000000715a00000, 0x0000000715a00000, 0x0000000715c00000|  0%| F|  |TAMS 0x0000000715a00000, 0x0000000715a00000| Untracked 
| 128|0x0000000715c00000, 0x0000000715c00000, 0x0000000715e00000|  0%| F|  |TAMS 0x0000000715c00000, 0x0000000715c00000| Untracked 
| 129|0x0000000715e00000, 0x0000000715e00000, 0x0000000716000000|  0%| F|  |TAMS 0x0000000715e00000, 0x0000000715e00000| Untracked 
| 130|0x0000000716000000, 0x0000000716000000, 0x0000000716200000|  0%| F|  |TAMS 0x0000000716000000, 0x0000000716000000| Untracked 
| 131|0x0000000716200000, 0x0000000716200000, 0x0000000716400000|  0%| F|  |TAMS 0x0000000716200000, 0x0000000716200000| Untracked 
| 132|0x0000000716400000, 0x0000000716400000, 0x0000000716600000|  0%| F|  |TAMS 0x0000000716400000, 0x0000000716400000| Untracked 
| 133|0x0000000716600000, 0x0000000716600000, 0x0000000716800000|  0%| F|  |TAMS 0x0000000716600000, 0x0000000716600000| Untracked 
| 134|0x0000000716800000, 0x0000000716800000, 0x0000000716a00000|  0%| F|  |TAMS 0x0000000716800000, 0x0000000716800000| Untracked 
| 135|0x0000000716a00000, 0x0000000716a00000, 0x0000000716c00000|  0%| F|  |TAMS 0x0000000716a00000, 0x0000000716a00000| Untracked 
| 136|0x0000000716c00000, 0x0000000716c00000, 0x0000000716e00000|  0%| F|  |TAMS 0x0000000716c00000, 0x0000000716c00000| Untracked 
| 137|0x0000000716e00000, 0x0000000716e00000, 0x0000000717000000|  0%| F|  |TAMS 0x0000000716e00000, 0x0000000716e00000| Untracked 
| 138|0x0000000717000000, 0x0000000717000000, 0x0000000717200000|  0%| F|  |TAMS 0x0000000717000000, 0x0000000717000000| Untracked 
| 139|0x0000000717200000, 0x0000000717200000, 0x0000000717400000|  0%| F|  |TAMS 0x0000000717200000, 0x0000000717200000| Untracked 
| 140|0x0000000717400000, 0x0000000717400000, 0x0000000717600000|  0%| F|  |TAMS 0x0000000717400000, 0x0000000717400000| Untracked 
| 141|0x0000000717600000, 0x0000000717600000, 0x0000000717800000|  0%| F|  |TAMS 0x0000000717600000, 0x0000000717600000| Untracked 
| 142|0x0000000717800000, 0x0000000717800000, 0x0000000717a00000|  0%| F|  |TAMS 0x0000000717800000, 0x0000000717800000| Untracked 
| 143|0x0000000717a00000, 0x0000000717a00000, 0x0000000717c00000|  0%| F|  |TAMS 0x0000000717a00000, 0x0000000717a00000| Untracked 
| 144|0x0000000717c00000, 0x0000000717c00000, 0x0000000717e00000|  0%| F|  |TAMS 0x0000000717c00000, 0x0000000717c00000| Untracked 
| 145|0x0000000717e00000, 0x0000000717e00000, 0x0000000718000000|  0%| F|  |TAMS 0x0000000717e00000, 0x0000000717e00000| Untracked 
| 146|0x0000000718000000, 0x0000000718000000, 0x0000000718200000|  0%| F|  |TAMS 0x0000000718000000, 0x0000000718000000| Untracked 
| 147|0x0000000718200000, 0x0000000718200000, 0x0000000718400000|  0%| F|  |TAMS 0x0000000718200000, 0x0000000718200000| Untracked 
| 148|0x0000000718400000, 0x0000000718400000, 0x0000000718600000|  0%| F|  |TAMS 0x0000000718400000, 0x0000000718400000| Untracked 
| 149|0x0000000718600000, 0x0000000718600000, 0x0000000718800000|  0%| F|  |TAMS 0x0000000718600000, 0x0000000718600000| Untracked 
| 150|0x0000000718800000, 0x0000000718800000, 0x0000000718a00000|  0%| F|  |TAMS 0x0000000718800000, 0x0000000718800000| Untracked 
| 151|0x0000000718a00000, 0x0000000718a00000, 0x0000000718c00000|  0%| F|  |TAMS 0x0000000718a00000, 0x0000000718a00000| Untracked 
| 152|0x0000000718c00000, 0x0000000718c00000, 0x0000000718e00000|  0%| F|  |TAMS 0x0000000718c00000, 0x0000000718c00000| Untracked 
| 153|0x0000000718e00000, 0x0000000718e00000, 0x0000000719000000|  0%| F|  |TAMS 0x0000000718e00000, 0x0000000718e00000| Untracked 
| 154|0x0000000719000000, 0x0000000719000000, 0x0000000719200000|  0%| F|  |TAMS 0x0000000719000000, 0x0000000719000000| Untracked 
| 155|0x0000000719200000, 0x0000000719200000, 0x0000000719400000|  0%| F|  |TAMS 0x0000000719200000, 0x0000000719200000| Untracked 
| 156|0x0000000719400000, 0x0000000719400000, 0x0000000719600000|  0%| F|  |TAMS 0x0000000719400000, 0x0000000719400000| Untracked 
| 157|0x0000000719600000, 0x0000000719600000, 0x0000000719800000|  0%| F|  |TAMS 0x0000000719600000, 0x0000000719600000| Untracked 
| 158|0x0000000719800000, 0x0000000719800000, 0x0000000719a00000|  0%| F|  |TAMS 0x0000000719800000, 0x0000000719800000| Untracked 
| 159|0x0000000719a00000, 0x0000000719a00000, 0x0000000719c00000|  0%| F|  |TAMS 0x0000000719a00000, 0x0000000719a00000| Untracked 
| 160|0x0000000719c00000, 0x0000000719c00000, 0x0000000719e00000|  0%| F|  |TAMS 0x0000000719c00000, 0x0000000719c00000| Untracked 
| 161|0x0000000719e00000, 0x0000000719e00000, 0x000000071a000000|  0%| F|  |TAMS 0x0000000719e00000, 0x0000000719e00000| Untracked 
| 162|0x000000071a000000, 0x000000071a000000, 0x000000071a200000|  0%| F|  |TAMS 0x000000071a000000, 0x000000071a000000| Untracked 
| 163|0x000000071a200000, 0x000000071a200000, 0x000000071a400000|  0%| F|  |TAMS 0x000000071a200000, 0x000000071a200000| Untracked 
| 164|0x000000071a400000, 0x000000071a400000, 0x000000071a600000|  0%| F|  |TAMS 0x000000071a400000, 0x000000071a400000| Untracked 
| 165|0x000000071a600000, 0x000000071a600000, 0x000000071a800000|  0%| F|  |TAMS 0x000000071a600000, 0x000000071a600000| Untracked 
| 166|0x000000071a800000, 0x000000071a800000, 0x000000071aa00000|  0%| F|  |TAMS 0x000000071a800000, 0x000000071a800000| Untracked 
| 167|0x000000071aa00000, 0x000000071aa00000, 0x000000071ac00000|  0%| F|  |TAMS 0x000000071aa00000, 0x000000071aa00000| Untracked 
| 168|0x000000071ac00000, 0x000000071ac00000, 0x000000071ae00000|  0%| F|  |TAMS 0x000000071ac00000, 0x000000071ac00000| Untracked 
| 169|0x000000071ae00000, 0x000000071ae00000, 0x000000071b000000|  0%| F|  |TAMS 0x000000071ae00000, 0x000000071ae00000| Untracked 
| 170|0x000000071b000000, 0x000000071b000000, 0x000000071b200000|  0%| F|  |TAMS 0x000000071b000000, 0x000000071b000000| Untracked 
| 171|0x000000071b200000, 0x000000071b200000, 0x000000071b400000|  0%| F|  |TAMS 0x000000071b200000, 0x000000071b200000| Untracked 
| 172|0x000000071b400000, 0x000000071b400000, 0x000000071b600000|  0%| F|  |TAMS 0x000000071b400000, 0x000000071b400000| Untracked 
| 173|0x000000071b600000, 0x000000071b600000, 0x000000071b800000|  0%| F|  |TAMS 0x000000071b600000, 0x000000071b600000| Untracked 
| 174|0x000000071b800000, 0x000000071b800000, 0x000000071ba00000|  0%| F|  |TAMS 0x000000071b800000, 0x000000071b800000| Untracked 
| 175|0x000000071ba00000, 0x000000071ba00000, 0x000000071bc00000|  0%| F|  |TAMS 0x000000071ba00000, 0x000000071ba00000| Untracked 
| 176|0x000000071bc00000, 0x000000071bc00000, 0x000000071be00000|  0%| F|  |TAMS 0x000000071bc00000, 0x000000071bc00000| Untracked 
| 177|0x000000071be00000, 0x000000071be00000, 0x000000071c000000|  0%| F|  |TAMS 0x000000071be00000, 0x000000071be00000| Untracked 
| 178|0x000000071c000000, 0x000000071c000000, 0x000000071c200000|  0%| F|  |TAMS 0x000000071c000000, 0x000000071c000000| Untracked 
| 179|0x000000071c200000, 0x000000071c200000, 0x000000071c400000|  0%| F|  |TAMS 0x000000071c200000, 0x000000071c200000| Untracked 
| 180|0x000000071c400000, 0x000000071c400000, 0x000000071c600000|  0%| F|  |TAMS 0x000000071c400000, 0x000000071c400000| Untracked 
| 181|0x000000071c600000, 0x000000071c600000, 0x000000071c800000|  0%| F|  |TAMS 0x000000071c600000, 0x000000071c600000| Untracked 
| 182|0x000000071c800000, 0x000000071c800000, 0x000000071ca00000|  0%| F|  |TAMS 0x000000071c800000, 0x000000071c800000| Untracked 
| 183|0x000000071ca00000, 0x000000071ca00000, 0x000000071cc00000|  0%| F|  |TAMS 0x000000071ca00000, 0x000000071ca00000| Untracked 
| 184|0x000000071cc00000, 0x000000071cc00000, 0x000000071ce00000|  0%| F|  |TAMS 0x000000071cc00000, 0x000000071cc00000| Untracked 
| 185|0x000000071ce00000, 0x000000071ce00000, 0x000000071d000000|  0%| F|  |TAMS 0x000000071ce00000, 0x000000071ce00000| Untracked 
| 186|0x000000071d000000, 0x000000071d000000, 0x000000071d200000|  0%| F|  |TAMS 0x000000071d000000, 0x000000071d000000| Untracked 
| 187|0x000000071d200000, 0x000000071d200000, 0x000000071d400000|  0%| F|  |TAMS 0x000000071d200000, 0x000000071d200000| Untracked 
| 188|0x000000071d400000, 0x000000071d400000, 0x000000071d600000|  0%| F|  |TAMS 0x000000071d400000, 0x000000071d400000| Untracked 
| 189|0x000000071d600000, 0x000000071d600000, 0x000000071d800000|  0%| F|  |TAMS 0x000000071d600000, 0x000000071d600000| Untracked 
| 190|0x000000071d800000, 0x000000071d800000, 0x000000071da00000|  0%| F|  |TAMS 0x000000071d800000, 0x000000071d800000| Untracked 
| 191|0x000000071da00000, 0x000000071da00000, 0x000000071dc00000|  0%| F|  |TAMS 0x000000071da00000, 0x000000071da00000| Untracked 
| 192|0x000000071dc00000, 0x000000071dc00000, 0x000000071de00000|  0%| F|  |TAMS 0x000000071dc00000, 0x000000071dc00000| Untracked 
| 193|0x000000071de00000, 0x000000071de00000, 0x000000071e000000|  0%| F|  |TAMS 0x000000071de00000, 0x000000071de00000| Untracked 
| 194|0x000000071e000000, 0x000000071e000000, 0x000000071e200000|  0%| F|  |TAMS 0x000000071e000000, 0x000000071e000000| Untracked 
| 195|0x000000071e200000, 0x000000071e200000, 0x000000071e400000|  0%| F|  |TAMS 0x000000071e200000, 0x000000071e200000| Untracked 
| 196|0x000000071e400000, 0x000000071e400000, 0x000000071e600000|  0%| F|  |TAMS 0x000000071e400000, 0x000000071e400000| Untracked 
| 197|0x000000071e600000, 0x000000071e600000, 0x000000071e800000|  0%| F|  |TAMS 0x000000071e600000, 0x000000071e600000| Untracked 
| 198|0x000000071e800000, 0x000000071e800000, 0x000000071ea00000|  0%| F|  |TAMS 0x000000071e800000, 0x000000071e800000| Untracked 
| 199|0x000000071ea00000, 0x000000071ea00000, 0x000000071ec00000|  0%| F|  |TAMS 0x000000071ea00000, 0x000000071ea00000| Untracked 
| 200|0x000000071ec00000, 0x000000071ec00000, 0x000000071ee00000|  0%| F|  |TAMS 0x000000071ec00000, 0x000000071ec00000| Untracked 
| 201|0x000000071ee00000, 0x000000071ee00000, 0x000000071f000000|  0%| F|  |TAMS 0x000000071ee00000, 0x000000071ee00000| Untracked 
| 202|0x000000071f000000, 0x000000071f000000, 0x000000071f200000|  0%| F|  |TAMS 0x000000071f000000, 0x000000071f000000| Untracked 
| 203|0x000000071f200000, 0x000000071f200000, 0x000000071f400000|  0%| F|  |TAMS 0x000000071f200000, 0x000000071f200000| Untracked 
| 204|0x000000071f400000, 0x000000071f400000, 0x000000071f600000|  0%| F|  |TAMS 0x000000071f400000, 0x000000071f400000| Untracked 
| 205|0x000000071f600000, 0x000000071f600000, 0x000000071f800000|  0%| F|  |TAMS 0x000000071f600000, 0x000000071f600000| Untracked 
| 206|0x000000071f800000, 0x000000071f800000, 0x000000071fa00000|  0%| F|  |TAMS 0x000000071f800000, 0x000000071f800000| Untracked 
| 207|0x000000071fa00000, 0x000000071fa00000, 0x000000071fc00000|  0%| F|  |TAMS 0x000000071fa00000, 0x000000071fa00000| Untracked 
| 208|0x000000071fc00000, 0x000000071fc00000, 0x000000071fe00000|  0%| F|  |TAMS 0x000000071fc00000, 0x000000071fc00000| Untracked 
| 209|0x000000071fe00000, 0x000000071fe00000, 0x0000000720000000|  0%| F|  |TAMS 0x000000071fe00000, 0x000000071fe00000| Untracked 
| 210|0x0000000720000000, 0x0000000720000000, 0x0000000720200000|  0%| F|  |TAMS 0x0000000720000000, 0x0000000720000000| Untracked 
| 211|0x0000000720200000, 0x0000000720200000, 0x0000000720400000|  0%| F|  |TAMS 0x0000000720200000, 0x0000000720200000| Untracked 
| 212|0x0000000720400000, 0x0000000720400000, 0x0000000720600000|  0%| F|  |TAMS 0x0000000720400000, 0x0000000720400000| Untracked 
| 213|0x0000000720600000, 0x0000000720600000, 0x0000000720800000|  0%| F|  |TAMS 0x0000000720600000, 0x0000000720600000| Untracked 
| 214|0x0000000720800000, 0x0000000720800000, 0x0000000720a00000|  0%| F|  |TAMS 0x0000000720800000, 0x0000000720800000| Untracked 
| 215|0x0000000720a00000, 0x0000000720a00000, 0x0000000720c00000|  0%| F|  |TAMS 0x0000000720a00000, 0x0000000720a00000| Untracked 
| 216|0x0000000720c00000, 0x0000000720c00000, 0x0000000720e00000|  0%| F|  |TAMS 0x0000000720c00000, 0x0000000720c00000| Untracked 
| 217|0x0000000720e00000, 0x0000000720e00000, 0x0000000721000000|  0%| F|  |TAMS 0x0000000720e00000, 0x0000000720e00000| Untracked 
| 218|0x0000000721000000, 0x0000000721000000, 0x0000000721200000|  0%| F|  |TAMS 0x0000000721000000, 0x0000000721000000| Untracked 
| 219|0x0000000721200000, 0x0000000721400000, 0x0000000721400000|100%| E|  |TAMS 0x0000000721200000, 0x0000000721200000| Complete 
| 220|0x0000000721400000, 0x0000000721600000, 0x0000000721600000|100%| E|CS|TAMS 0x0000000721400000, 0x0000000721400000| Complete 
| 221|0x0000000721600000, 0x0000000721800000, 0x0000000721800000|100%| E|CS|TAMS 0x0000000721600000, 0x0000000721600000| Complete 
| 222|0x0000000721800000, 0x0000000721a00000, 0x0000000721a00000|100%| E|CS|TAMS 0x0000000721800000, 0x0000000721800000| Complete 
| 223|0x0000000721a00000, 0x0000000721c00000, 0x0000000721c00000|100%| E|CS|TAMS 0x0000000721a00000, 0x0000000721a00000| Complete 
| 224|0x0000000721c00000, 0x0000000721e00000, 0x0000000721e00000|100%| E|CS|TAMS 0x0000000721c00000, 0x0000000721c00000| Complete 
| 225|0x0000000721e00000, 0x0000000722000000, 0x0000000722000000|100%| E|CS|TAMS 0x0000000721e00000, 0x0000000721e00000| Complete 
| 226|0x0000000722000000, 0x0000000722200000, 0x0000000722200000|100%| E|CS|TAMS 0x0000000722000000, 0x0000000722000000| Complete 
| 227|0x0000000722200000, 0x0000000722400000, 0x0000000722400000|100%| E|CS|TAMS 0x0000000722200000, 0x0000000722200000| Complete 
| 228|0x0000000722400000, 0x0000000722600000, 0x0000000722600000|100%| E|CS|TAMS 0x0000000722400000, 0x0000000722400000| Complete 
| 229|0x0000000722600000, 0x0000000722800000, 0x0000000722800000|100%| E|CS|TAMS 0x0000000722600000, 0x0000000722600000| Complete 
| 230|0x0000000722800000, 0x0000000722a00000, 0x0000000722a00000|100%| E|CS|TAMS 0x0000000722800000, 0x0000000722800000| Complete 
| 231|0x0000000722a00000, 0x0000000722c00000, 0x0000000722c00000|100%| E|CS|TAMS 0x0000000722a00000, 0x0000000722a00000| Complete 
| 232|0x0000000722c00000, 0x0000000722e00000, 0x0000000722e00000|100%| E|CS|TAMS 0x0000000722c00000, 0x0000000722c00000| Complete 
| 233|0x0000000722e00000, 0x0000000723000000, 0x0000000723000000|100%| E|CS|TAMS 0x0000000722e00000, 0x0000000722e00000| Complete 
| 234|0x0000000723000000, 0x0000000723200000, 0x0000000723200000|100%| E|CS|TAMS 0x0000000723000000, 0x0000000723000000| Complete 
| 235|0x0000000723200000, 0x0000000723400000, 0x0000000723400000|100%| E|CS|TAMS 0x0000000723200000, 0x0000000723200000| Complete 
| 236|0x0000000723400000, 0x0000000723600000, 0x0000000723600000|100%| E|CS|TAMS 0x0000000723400000, 0x0000000723400000| Complete 
| 237|0x0000000723600000, 0x0000000723800000, 0x0000000723800000|100%| E|CS|TAMS 0x0000000723600000, 0x0000000723600000| Complete 
| 238|0x0000000723800000, 0x0000000723a00000, 0x0000000723a00000|100%| E|CS|TAMS 0x0000000723800000, 0x0000000723800000| Complete 
| 239|0x0000000723a00000, 0x0000000723c00000, 0x0000000723c00000|100%| E|CS|TAMS 0x0000000723a00000, 0x0000000723a00000| Complete 
| 240|0x0000000723c00000, 0x0000000723e00000, 0x0000000723e00000|100%| E|CS|TAMS 0x0000000723c00000, 0x0000000723c00000| Complete 
| 241|0x0000000723e00000, 0x0000000724000000, 0x0000000724000000|100%| E|CS|TAMS 0x0000000723e00000, 0x0000000723e00000| Complete 
| 242|0x0000000724000000, 0x0000000724200000, 0x0000000724200000|100%| E|CS|TAMS 0x0000000724000000, 0x0000000724000000| Complete 
| 243|0x0000000724200000, 0x0000000724400000, 0x0000000724400000|100%| E|CS|TAMS 0x0000000724200000, 0x0000000724200000| Complete 
| 244|0x0000000724400000, 0x0000000724600000, 0x0000000724600000|100%| E|CS|TAMS 0x0000000724400000, 0x0000000724400000| Complete 
| 245|0x0000000724600000, 0x0000000724800000, 0x0000000724800000|100%| E|CS|TAMS 0x0000000724600000, 0x0000000724600000| Complete 
| 246|0x0000000724800000, 0x0000000724a00000, 0x0000000724a00000|100%| E|CS|TAMS 0x0000000724800000, 0x0000000724800000| Complete 
| 247|0x0000000724a00000, 0x0000000724c00000, 0x0000000724c00000|100%| E|CS|TAMS 0x0000000724a00000, 0x0000000724a00000| Complete 
| 248|0x0000000724c00000, 0x0000000724e00000, 0x0000000724e00000|100%| E|CS|TAMS 0x0000000724c00000, 0x0000000724c00000| Complete 
| 249|0x0000000724e00000, 0x0000000725000000, 0x0000000725000000|100%| E|CS|TAMS 0x0000000724e00000, 0x0000000724e00000| Complete 
| 250|0x0000000725000000, 0x0000000725200000, 0x0000000725200000|100%| E|CS|TAMS 0x0000000725000000, 0x0000000725000000| Complete 
| 251|0x0000000725200000, 0x0000000725400000, 0x0000000725400000|100%| E|CS|TAMS 0x0000000725200000, 0x0000000725200000| Complete 
| 252|0x0000000725400000, 0x0000000725600000, 0x0000000725600000|100%| E|CS|TAMS 0x0000000725400000, 0x0000000725400000| Complete 
| 253|0x0000000725600000, 0x0000000725800000, 0x0000000725800000|100%| E|CS|TAMS 0x0000000725600000, 0x0000000725600000| Complete 
| 254|0x0000000725800000, 0x0000000725a00000, 0x0000000725a00000|100%| E|CS|TAMS 0x0000000725800000, 0x0000000725800000| Complete 
|1998|0x00000007ff800000, 0x00000007ffa00000, 0x00000007ffa00000|100%| O|  |TAMS 0x00000007ffa00000, 0x00000007ff800000| Untracked 
|1999|0x00000007ffa00000, 0x00000007ffc00000, 0x00000007ffc00000|100%| O|  |TAMS 0x00000007ffc00000, 0x00000007ffa00000| Untracked 
|2000|0x00000007ffc00000, 0x00000007ffe00000, 0x00000007ffe00000|100%| O|  |TAMS 0x00000007ffe00000, 0x00000007ffc00000| Untracked 
|2001|0x00000007ffe00000, 0x0000000800000000, 0x0000000800000000|100%| O|  |TAMS 0x0000000800000000, 0x00000007ffe00000| Untracked 

Card table byte_map: [0x0000024754f20000,0x0000024755700000] _byte_map_base: 0x00000247516f2000

Marking Bits (Prev, Next): (CMBitMap*) 0x000002473d6852c0, (CMBitMap*) 0x000002473d685300
 Prev Bits: [0x0000024755ee0000, 0x0000024759d70000)
 Next Bits: [0x0000024759d70000, 0x000002475dc00000)

Polling page: 0x000002473b600000

Metaspace:

Usage:
  Non-class:     30.90 MB used.
      Class:      3.66 MB used.
       Both:     34.56 MB used.

Virtual space:
  Non-class space:       64.00 MB reserved,      31.12 MB ( 49%) committed,  1 nodes.
      Class space:        1.00 GB reserved,       3.88 MB ( <1%) committed,  1 nodes.
             Both:        1.06 GB reserved,      35.00 MB (  3%) committed. 

Chunk freelists:
   Non-Class:  608.00 KB
       Class:  12.11 MB
        Both:  12.70 MB

MaxMetaspaceSize: unlimited
CompressedClassSpaceSize: 1.00 GB
Initial GC threshold: 21.00 MB
Current GC threshold: 49.69 MB
CDS: on
MetaspaceReclaimPolicy: balanced
 - commit_granule_bytes: 65536.
 - commit_granule_words: 8192.
 - virtual_space_node_default_size: 8388608.
 - enlarge_chunks_in_place: 1.
 - new_chunks_are_fully_committed: 0.
 - uncommit_free_chunks: 1.
 - use_allocation_guard: 0.
 - handle_deallocations: 1.


Internal statistics:

num_allocs_failed_limit: 3.
num_arena_births: 304.
num_arena_deaths: 0.
num_vsnodes_births: 2.
num_vsnodes_deaths: 0.
num_space_committed: 560.
num_space_uncommitted: 0.
num_chunks_returned_to_freelist: 3.
num_chunks_taken_from_freelist: 1671.
num_chunk_merges: 3.
num_chunk_splits: 1137.
num_chunks_enlarged: 845.
num_inconsistent_stats: 0.

CodeHeap 'non-profiled nmethods': size=119168Kb used=10162Kb max_used=10162Kb free=109005Kb
 bounds [0x000002474ca50000, 0x000002474d450000, 0x0000024753eb0000]
CodeHeap 'profiled nmethods': size=119104Kb used=24420Kb max_used=24420Kb free=94683Kb
 bounds [0x0000024744eb0000, 0x00000247466c0000, 0x000002474c300000]
CodeHeap 'non-nmethods': size=7488Kb used=2908Kb max_used=3038Kb free=4579Kb
 bounds [0x000002474c300000, 0x000002474c600000, 0x000002474ca50000]
 total_blobs=11124 nmethods=10597 adapters=436
 compilation: enabled
              stopped_count=0, restarted_count=0
 full_count=0

Compilation events (20 events):
Event: 22.538 Thread 0x00000247a60d8d10 13948       2       jdk.nio.zipfs.ZipFileSystem$$Lambda$220/0x0000024762272858::run (8 bytes)
Event: 22.538 Thread 0x00000247a6139ee0 13949       2       jdk.nio.zipfs.ZipFileSystem::lambda$close$10 (6 bytes)
Event: 22.538 Thread 0x00000247a60c4ef0 nmethod 13947 0x0000024745bbbb90 code [0x0000024745bbbd20, 0x0000024745bbbe78]
Event: 22.538 Thread 0x00000247a6139ee0 nmethod 13949 0x0000024745c99010 code [0x0000024745c991a0, 0x0000024745c992c8]
Event: 22.538 Thread 0x00000247a60d8d10 nmethod 13948 0x0000024745d9f990 code [0x0000024745d9fb20, 0x0000024745d9fc68]
Event: 22.539 Thread 0x00000247a60c4ef0 13950   !   2       jdk.nio.zipfs.ZipFileSystem::sync (581 bytes)
Event: 22.539 Thread 0x00000247a6139ee0 13951   !   2       jdk.nio.zipfs.ZipFileSystemProvider::removeFileSystem (85 bytes)
Event: 22.539 Thread 0x00000247a60d8d10 13952       2       jdk.nio.zipfs.ZipFileSystemProvider$$Lambda$221/0x0000024762272a78::<init> (10 bytes)
Event: 22.539 Thread 0x00000247a60d8d10 nmethod 13952 0x0000024745d57290 code [0x0000024745d57420, 0x0000024745d57578]
Event: 22.540 Thread 0x00000247a60d8d10 13953       2       jdk.nio.zipfs.ZipFileSystemProvider$$Lambda$221/0x0000024762272a78::run (8 bytes)
Event: 22.540 Thread 0x00000247a60d8d10 nmethod 13953 0x0000024745ea9790 code [0x0000024745ea9940, 0x0000024745ea9b08]
Event: 22.540 Thread 0x00000247a6139ee0 nmethod 13951 0x00000247453e4510 code [0x00000247453e4720, 0x00000247453e4c38]
Event: 22.541 Thread 0x00000247a60d8d10 13954       2       jdk.nio.zipfs.ZipFileSystemProvider::lambda$removeFileSystem$0 (11 bytes)
Event: 22.541 Thread 0x00000247a6139ee0 13955       2       com.sun.tools.javac.file.JavacFileManager$ArchiveContainer::close (8 bytes)
Event: 22.541 Thread 0x00000247a60d8d10 nmethod 13954 0x00000247462c5c10 code [0x00000247462c5da0, 0x00000247462c5f48]
Event: 22.541 Thread 0x00000247a6139ee0 nmethod 13955 0x0000024745fa3210 code [0x0000024745fa33a0, 0x0000024745fa34c8]
Event: 22.544 Thread 0x00000247a6010190 nmethod 13946 0x00000247461c4210 code [0x00000247461c46c0, 0x00000247461c5d38]
Event: 22.546 Thread 0x00000247a60c4ef0 nmethod 13950 0x0000024746000610 code [0x0000024746000ae0, 0x0000024746002e28]
Event: 22.551 Thread 0x00000247a67c03c0 nmethod 13434 0x000002474cdd9f90 code [0x000002474cdda1a0, 0x000002474cdda9a8]
Event: 22.553 Thread 0x00000247a67c03c0 13597       4       com.sun.tools.javac.comp.TransTypes::visitSelect (166 bytes)

GC Heap History (20 events):
Event: 10.439 GC heap before
{Heap before GC invocations=19 (full 0):
 garbage-first heap   total 169984K, used 137826K [0x0000000705c00000, 0x0000000800000000)
  region size 2048K, 29 young (59392K), 3 survivors (6144K)
 Metaspace       used 30260K, committed 30656K, reserved 1114112K
  class space    used 3299K, committed 3520K, reserved 1048576K
}
Event: 10.450 GC heap after
{Heap after GC invocations=20 (full 0):
 garbage-first heap   total 169984K, used 87388K [0x0000000705c00000, 0x0000000800000000)
  region size 2048K, 3 young (6144K), 3 survivors (6144K)
 Metaspace       used 30260K, committed 30656K, reserved 1114112K
  class space    used 3299K, committed 3520K, reserved 1048576K
}
Event: 10.458 GC heap before
{Heap before GC invocations=20 (full 0):
 garbage-first heap   total 169984K, used 89436K [0x0000000705c00000, 0x0000000800000000)
  region size 2048K, 4 young (8192K), 3 survivors (6144K)
 Metaspace       used 30260K, committed 30656K, reserved 1114112K
  class space    used 3299K, committed 3520K, reserved 1048576K
}
Event: 10.466 GC heap after
{Heap after GC invocations=21 (full 0):
 garbage-first heap   total 241664K, used 86842K [0x0000000705c00000, 0x0000000800000000)
  region size 2048K, 1 young (2048K), 1 survivors (2048K)
 Metaspace       used 30260K, committed 30656K, reserved 1114112K
  class space    used 3299K, committed 3520K, reserved 1048576K
}
Event: 10.797 GC heap before
{Heap before GC invocations=21 (full 0):
 garbage-first heap   total 241664K, used 185146K [0x0000000705c00000, 0x0000000800000000)
  region size 2048K, 49 young (100352K), 1 survivors (2048K)
 Metaspace       used 30358K, committed 30720K, reserved 1114112K
  class space    used 3301K, committed 3520K, reserved 1048576K
}
Event: 10.803 GC heap after
{Heap after GC invocations=22 (full 0):
 garbage-first heap   total 241664K, used 91001K [0x0000000705c00000, 0x0000000800000000)
  region size 2048K, 3 young (6144K), 3 survivors (6144K)
 Metaspace       used 30358K, committed 30720K, reserved 1114112K
  class space    used 3301K, committed 3520K, reserved 1048576K
}
Event: 11.045 GC heap before
{Heap before GC invocations=22 (full 0):
 garbage-first heap   total 241664K, used 191353K [0x0000000705c00000, 0x0000000800000000)
  region size 2048K, 51 young (104448K), 3 survivors (6144K)
 Metaspace       used 30386K, committed 30784K, reserved 1114112K
  class space    used 3301K, committed 3520K, reserved 1048576K
}
Event: 11.056 GC heap after
{Heap after GC invocations=23 (full 0):
 garbage-first heap   total 241664K, used 97933K [0x0000000705c00000, 0x0000000800000000)
  region size 2048K, 5 young (10240K), 5 survivors (10240K)
 Metaspace       used 30386K, committed 30784K, reserved 1114112K
  class space    used 3301K, committed 3520K, reserved 1048576K
}
Event: 11.264 GC heap before
{Heap before GC invocations=23 (full 0):
 garbage-first heap   total 241664K, used 194189K [0x0000000705c00000, 0x0000000800000000)
  region size 2048K, 52 young (106496K), 5 survivors (10240K)
 Metaspace       used 30412K, committed 30784K, reserved 1114112K
  class space    used 3305K, committed 3520K, reserved 1048576K
}
Event: 11.274 GC heap after
{Heap after GC invocations=24 (full 0):
 garbage-first heap   total 241664K, used 99751K [0x0000000705c00000, 0x0000000800000000)
  region size 2048K, 4 young (8192K), 4 survivors (8192K)
 Metaspace       used 30412K, committed 30784K, reserved 1114112K
  class space    used 3305K, committed 3520K, reserved 1048576K
}
Event: 11.473 GC heap before
{Heap before GC invocations=24 (full 0):
 garbage-first heap   total 241664K, used 196007K [0x0000000705c00000, 0x0000000800000000)
  region size 2048K, 51 young (104448K), 4 survivors (8192K)
 Metaspace       used 30465K, committed 30784K, reserved 1114112K
  class space    used 3309K, committed 3520K, reserved 1048576K
}
Event: 11.487 GC heap after
{Heap after GC invocations=25 (full 0):
 garbage-first heap   total 530432K, used 102981K [0x0000000705c00000, 0x0000000800000000)
  region size 2048K, 5 young (10240K), 5 survivors (10240K)
 Metaspace       used 30465K, committed 30784K, reserved 1114112K
  class space    used 3309K, committed 3520K, reserved 1048576K
}
Event: 12.516 GC heap before
{Heap before GC invocations=25 (full 0):
 garbage-first heap   total 530432K, used 410181K [0x0000000705c00000, 0x0000000800000000)
  region size 2048K, 155 young (317440K), 5 survivors (10240K)
 Metaspace       used 30501K, committed 30848K, reserved 1114112K
  class space    used 3309K, committed 3520K, reserved 1048576K
}
Event: 12.522 GC heap after
{Heap after GC invocations=26 (full 0):
 garbage-first heap   total 530432K, used 104758K [0x0000000705c00000, 0x0000000800000000)
  region size 2048K, 6 young (12288K), 6 survivors (12288K)
 Metaspace       used 30501K, committed 30848K, reserved 1114112K
  class space    used 3309K, committed 3520K, reserved 1048576K
}
Event: 14.758 GC heap before
{Heap before GC invocations=26 (full 0):
 garbage-first heap   total 530432K, used 409910K [0x0000000705c00000, 0x0000000800000000)
  region size 2048K, 155 young (317440K), 6 survivors (12288K)
 Metaspace       used 32494K, committed 32896K, reserved 1114112K
  class space    used 3517K, committed 3712K, reserved 1048576K
}
Event: 14.766 GC heap after
{Heap after GC invocations=27 (full 0):
 garbage-first heap   total 530432K, used 106065K [0x0000000705c00000, 0x0000000800000000)
  region size 2048K, 7 young (14336K), 7 survivors (14336K)
 Metaspace       used 32494K, committed 32896K, reserved 1114112K
  class space    used 3517K, committed 3712K, reserved 1048576K
}
Event: 19.236 GC heap before
{Heap before GC invocations=27 (full 0):
 garbage-first heap   total 530432K, used 415313K [0x0000000705c00000, 0x0000000800000000)
  region size 2048K, 155 young (317440K), 7 survivors (14336K)
 Metaspace       used 33681K, committed 34048K, reserved 1114112K
  class space    used 3570K, committed 3776K, reserved 1048576K
}
Event: 19.251 GC heap after
{Heap after GC invocations=28 (full 0):
 garbage-first heap   total 530432K, used 143942K [0x0000000705c00000, 0x0000000800000000)
  region size 2048K, 20 young (40960K), 20 survivors (40960K)
 Metaspace       used 33681K, committed 34048K, reserved 1114112K
  class space    used 3570K, committed 3776K, reserved 1048576K
}
Event: 21.995 GC heap before
{Heap before GC invocations=28 (full 0):
 garbage-first heap   total 530432K, used 420422K [0x0000000705c00000, 0x0000000800000000)
  region size 2048K, 155 young (317440K), 20 survivors (40960K)
 Metaspace       used 35297K, committed 35712K, reserved 1114112K
  class space    used 3750K, committed 3968K, reserved 1048576K
}
Event: 22.009 GC heap after
{Heap after GC invocations=29 (full 0):
 garbage-first heap   total 530432K, used 161137K [0x0000000705c00000, 0x0000000800000000)
  region size 2048K, 9 young (18432K), 9 survivors (18432K)
 Metaspace       used 35297K, committed 35712K, reserved 1114112K
  class space    used 3750K, committed 3968K, reserved 1048576K
}

Deoptimization events (20 events):
Event: 22.333 Thread 0x000002473d617ca0 Uncommon trap: trap_request=0xffffffc6 fr.pc=0x000002474ce8c08c relative=0x00000000000019ac
Event: 22.333 Thread 0x000002473d617ca0 Uncommon trap: reason=bimorphic_or_optimized_type_check action=maybe_recompile pc=0x000002474ce8c08c method=com.sun.tools.javac.code.Types$SignatureGenerator.assembleSig(Lcom/sun/tools/javac/code/Type;)V @ 182 c2
Event: 22.333 Thread 0x000002473d617ca0 DEOPT PACKING pc=0x000002474ce8c08c sp=0x0000008cc78fc8f0
Event: 22.333 Thread 0x000002473d617ca0 DEOPT UNPACKING pc=0x000002474c3523a3 sp=0x0000008cc78fc8f8 mode 2
Event: 22.333 Thread 0x000002473d617ca0 Uncommon trap: trap_request=0xffffffc6 fr.pc=0x000002474ce8c08c relative=0x00000000000019ac
Event: 22.333 Thread 0x000002473d617ca0 Uncommon trap: reason=bimorphic_or_optimized_type_check action=maybe_recompile pc=0x000002474ce8c08c method=com.sun.tools.javac.code.Types$SignatureGenerator.assembleSig(Lcom/sun/tools/javac/code/Type;)V @ 182 c2
Event: 22.333 Thread 0x000002473d617ca0 DEOPT PACKING pc=0x000002474ce8c08c sp=0x0000008cc78fcab0
Event: 22.333 Thread 0x000002473d617ca0 DEOPT UNPACKING pc=0x000002474c3523a3 sp=0x0000008cc78fcab8 mode 2
Event: 22.333 Thread 0x000002473d617ca0 Uncommon trap: trap_request=0xffffffc6 fr.pc=0x000002474ce8c08c relative=0x00000000000019ac
Event: 22.333 Thread 0x000002473d617ca0 Uncommon trap: reason=bimorphic_or_optimized_type_check action=maybe_recompile pc=0x000002474ce8c08c method=com.sun.tools.javac.code.Types$SignatureGenerator.assembleSig(Lcom/sun/tools/javac/code/Type;)V @ 182 c2
Event: 22.334 Thread 0x000002473d617ca0 DEOPT PACKING pc=0x000002474ce8c08c sp=0x0000008cc78fc8f0
Event: 22.334 Thread 0x000002473d617ca0 DEOPT UNPACKING pc=0x000002474c3523a3 sp=0x0000008cc78fc8f8 mode 2
Event: 22.478 Thread 0x000002473d617ca0 Uncommon trap: trap_request=0xffffff45 fr.pc=0x000002474d42de24 relative=0x0000000000001624
Event: 22.479 Thread 0x000002473d617ca0 Uncommon trap: reason=unstable_if action=reinterpret pc=0x000002474d42de24 method=com.sun.tools.javac.util.JCDiagnostic$DiagnosticInfo.of(Lcom/sun/tools/javac/util/JCDiagnostic$DiagnosticType;Ljava/lang/String;Ljava/lang/String;[Ljava/lang/Object;)Lcom/su
Event: 22.479 Thread 0x000002473d617ca0 DEOPT PACKING pc=0x000002474d42de24 sp=0x0000008cc78fd330
Event: 22.479 Thread 0x000002473d617ca0 DEOPT UNPACKING pc=0x000002474c3523a3 sp=0x0000008cc78fd268 mode 2
Event: 22.479 Thread 0x000002473d617ca0 Uncommon trap: trap_request=0xffffff45 fr.pc=0x000002474d427dec relative=0x0000000000000f6c
Event: 22.479 Thread 0x000002473d617ca0 Uncommon trap: reason=unstable_if action=reinterpret pc=0x000002474d427dec method=com.sun.tools.javac.util.JCDiagnostic$DiagnosticInfo.of(Lcom/sun/tools/javac/util/JCDiagnostic$DiagnosticType;Ljava/lang/String;Ljava/lang/String;[Ljava/lang/Object;)Lcom/su
Event: 22.479 Thread 0x000002473d617ca0 DEOPT PACKING pc=0x000002474d427dec sp=0x0000008cc78fd2f0
Event: 22.479 Thread 0x000002473d617ca0 DEOPT UNPACKING pc=0x000002474c3523a3 sp=0x0000008cc78fd268 mode 2

Classes unloaded (0 events):
No events

Classes redefined (0 events):
No events

Internal exceptions (20 events):
Event: 22.100 Thread 0x000002473d617ca0 Exception <a 'sun/nio/fs/WindowsException'{0x0000000724c56b78}> (0x0000000724c56b78) 
thrown [s\open\src\hotspot\share\prims\jni.cpp, line 516]
Event: 22.100 Thread 0x000002473d617ca0 Exception <a 'sun/nio/fs/WindowsException'{0x0000000724c573e8}> (0x0000000724c573e8) 
thrown [s\open\src\hotspot\share\prims\jni.cpp, line 516]
Event: 22.144 Thread 0x000002473d617ca0 Exception <a 'sun/nio/fs/WindowsException'{0x0000000724408d60}> (0x0000000724408d60) 
thrown [s\open\src\hotspot\share\prims\jni.cpp, line 516]
Event: 22.144 Thread 0x000002473d617ca0 Exception <a 'sun/nio/fs/WindowsException'{0x0000000724409428}> (0x0000000724409428) 
thrown [s\open\src\hotspot\share\prims\jni.cpp, line 516]
Event: 22.144 Thread 0x000002473d617ca0 Exception <a 'sun/nio/fs/WindowsException'{0x0000000724409ce8}> (0x0000000724409ce8) 
thrown [s\open\src\hotspot\share\prims\jni.cpp, line 516]
Event: 22.190 Thread 0x000002473d617ca0 Exception <a 'sun/nio/fs/WindowsException'{0x0000000723daf448}> (0x0000000723daf448) 
thrown [s\open\src\hotspot\share\prims\jni.cpp, line 516]
Event: 22.191 Thread 0x000002473d617ca0 Exception <a 'sun/nio/fs/WindowsException'{0x0000000723dafb10}> (0x0000000723dafb10) 
thrown [s\open\src\hotspot\share\prims\jni.cpp, line 516]
Event: 22.191 Thread 0x000002473d617ca0 Exception <a 'sun/nio/fs/WindowsException'{0x0000000723db03d0}> (0x0000000723db03d0) 
thrown [s\open\src\hotspot\share\prims\jni.cpp, line 516]
Event: 22.332 Thread 0x000002473d617ca0 Exception <a 'sun/nio/fs/WindowsException'{0x00000007224aa5f8}> (0x00000007224aa5f8) 
thrown [s\open\src\hotspot\share\prims\jni.cpp, line 516]
Event: 22.332 Thread 0x000002473d617ca0 Exception <a 'sun/nio/fs/WindowsException'{0x00000007224aacb8}> (0x00000007224aacb8) 
thrown [s\open\src\hotspot\share\prims\jni.cpp, line 516]
Event: 22.332 Thread 0x000002473d617ca0 Exception <a 'sun/nio/fs/WindowsException'{0x00000007224ab540}> (0x00000007224ab540) 
thrown [s\open\src\hotspot\share\prims\jni.cpp, line 516]
Event: 22.396 Thread 0x000002473d617ca0 Exception <a 'sun/nio/fs/WindowsException'{0x0000000721d81ef0}> (0x0000000721d81ef0) 
thrown [s\open\src\hotspot\share\prims\jni.cpp, line 516]
Event: 22.397 Thread 0x000002473d617ca0 Exception <a 'sun/nio/fs/WindowsException'{0x0000000721d825c0}> (0x0000000721d825c0) 
thrown [s\open\src\hotspot\share\prims\jni.cpp, line 516]
Event: 22.397 Thread 0x000002473d617ca0 Exception <a 'sun/nio/fs/WindowsException'{0x0000000721d82e88}> (0x0000000721d82e88) 
thrown [s\open\src\hotspot\share\prims\jni.cpp, line 516]
Event: 22.426 Thread 0x000002473d617ca0 Exception <a 'sun/nio/fs/WindowsException'{0x0000000721808b88}> (0x0000000721808b88) 
thrown [s\open\src\hotspot\share\prims\jni.cpp, line 516]
Event: 22.426 Thread 0x000002473d617ca0 Exception <a 'sun/nio/fs/WindowsException'{0x0000000721809248}> (0x0000000721809248) 
thrown [s\open\src\hotspot\share\prims\jni.cpp, line 516]
Event: 22.426 Thread 0x000002473d617ca0 Exception <a 'sun/nio/fs/WindowsException'{0x0000000721809ad0}> (0x0000000721809ad0) 
thrown [s\open\src\hotspot\share\prims\jni.cpp, line 516]
Event: 22.476 Thread 0x000002473d617ca0 Exception <a 'sun/nio/fs/WindowsException'{0x0000000721207ce8}> (0x0000000721207ce8) 
thrown [s\open\src\hotspot\share\prims\jni.cpp, line 516]
Event: 22.477 Thread 0x000002473d617ca0 Exception <a 'sun/nio/fs/WindowsException'{0x00000007212083b8}> (0x00000007212083b8) 
thrown [s\open\src\hotspot\share\prims\jni.cpp, line 516]
Event: 22.477 Thread 0x000002473d617ca0 Exception <a 'sun/nio/fs/WindowsException'{0x0000000721208c80}> (0x0000000721208c80) 
thrown [s\open\src\hotspot\share\prims\jni.cpp, line 516]

VM Operations (20 events):
Event: 21.074 Executing VM operation: HandshakeAllThreads
Event: 21.078 Executing VM operation: HandshakeAllThreads done
Event: 21.087 Executing VM operation: ICBufferFull
Event: 21.090 Executing VM operation: ICBufferFull done
Event: 21.137 Executing VM operation: ICBufferFull
Event: 21.138 Executing VM operation: ICBufferFull done
Event: 21.225 Executing VM operation: HandshakeAllThreads
Event: 21.225 Executing VM operation: HandshakeAllThreads done
Event: 21.289 Executing VM operation: ICBufferFull
Event: 21.289 Executing VM operation: ICBufferFull done
Event: 21.600 Executing VM operation: ICBufferFull
Event: 21.601 Executing VM operation: ICBufferFull done
Event: 21.962 Executing VM operation: ICBufferFull
Event: 21.966 Executing VM operation: ICBufferFull done
Event: 21.995 Executing VM operation: G1CollectForAllocation
Event: 22.009 Executing VM operation: G1CollectForAllocation done
Event: 22.411 Executing VM operation: HandshakeAllThreads
Event: 22.411 Executing VM operation: HandshakeAllThreads done
Event: 22.468 Executing VM operation: ICBufferFull
Event: 22.468 Executing VM operation: ICBufferFull done

Events (20 events):
Event: 22.425 Thread 0x00000247a6012eb0 flushing nmethod 0x00000247450b2490
Event: 22.428 Thread 0x00000247a6012eb0 flushing nmethod 0x00000247452a0b90
Event: 22.430 Thread 0x00000247a6012eb0 flushing nmethod 0x00000247453e1710
Event: 22.430 Thread 0x00000247a6012eb0 flushing nmethod 0x00000247453e4510
Event: 22.431 Thread 0x00000247a6012eb0 flushing nmethod 0x0000024745432610
Event: 22.432 Thread 0x00000247a6012eb0 flushing nmethod 0x00000247454cdb90
Event: 22.433 Thread 0x00000247a6012eb0 flushing nmethod 0x00000247455a5090
Event: 22.445 Thread 0x00000247a6012eb0 flushing nmethod 0x0000024745bbbb90
Event: 22.447 Thread 0x00000247a6012eb0 flushing nmethod 0x0000024745c99010
Event: 22.449 Thread 0x00000247a6012eb0 flushing nmethod 0x0000024745d57290
Event: 22.450 Thread 0x00000247a6012eb0 flushing nmethod 0x0000024745d9f990
Event: 22.450 Thread 0x00000247a6012eb0 flushing nmethod 0x0000024745dc9190
Event: 22.452 Thread 0x00000247a6012eb0 flushing nmethod 0x0000024745ea9790
Event: 22.452 Thread 0x00000247a6012eb0 flushing nmethod 0x0000024745eabb90
Event: 22.453 Thread 0x00000247a6012eb0 flushing nmethod 0x0000024745ed1a10
Event: 22.453 Thread 0x00000247a6012eb0 flushing nmethod 0x0000024745f03990
Event: 22.454 Thread 0x00000247a6012eb0 flushing nmethod 0x0000024745fa3210
Event: 22.454 Thread 0x00000247a6012eb0 flushing nmethod 0x0000024745fbff10
Event: 22.463 Thread 0x00000247a6012eb0 flushing nmethod 0x00000247462c5c10
Event: 22.463 Thread 0x00000247a6012eb0 flushing nmethod 0x00000247462cb190


Dynamic libraries:
0x00007ff64e5d0000 - 0x00007ff64e5e0000 	C:\Program Files\Java\jdk-17\bin\java.exe
0x00007ff983e70000 - 0x00007ff984087000 	C:\WINDOWS\SYSTEM32\ntdll.dll
0x00007ff982970000 - 0x00007ff982a34000 	C:\WINDOWS\System32\KERNEL32.DLL
0x00007ff9811a0000 - 0x00007ff98154d000 	C:\WINDOWS\System32\KERNELBASE.dll
0x00007ff981550000 - 0x00007ff981661000 	C:\WINDOWS\System32\ucrtbase.dll
0x00007ff969000000 - 0x00007ff969019000 	C:\Program Files\Java\jdk-17\bin\jli.dll
0x00007ff968f50000 - 0x00007ff968f6b000 	C:\Program Files\Java\jdk-17\bin\VCRUNTIME140.dll
0x00007ff982a40000 - 0x00007ff982af2000 	C:\WINDOWS\System32\ADVAPI32.dll
0x00007ff9821b0000 - 0x00007ff982257000 	C:\WINDOWS\System32\msvcrt.dll
0x00007ff983a30000 - 0x00007ff983ad9000 	C:\WINDOWS\System32\sechost.dll
0x00007ff981670000 - 0x00007ff981698000 	C:\WINDOWS\System32\bcrypt.dll
0x00007ff983cd0000 - 0x00007ff983de4000 	C:\WINDOWS\System32\RPCRT4.dll
0x00007ff982260000 - 0x00007ff98240e000 	C:\WINDOWS\System32\USER32.dll
0x00007ff981b00000 - 0x00007ff981b26000 	C:\WINDOWS\System32\win32u.dll
0x00007ff96f740000 - 0x00007ff96f9d3000 	C:\WINDOWS\WinSxS\amd64_microsoft.windows.common-controls_6595b64144ccf1df_6.0.22621.3672_none_2713b9d173822955\COMCTL32.dll
0x00007ff983bf0000 - 0x00007ff983c19000 	C:\WINDOWS\System32\GDI32.dll
0x00007ff9817b0000 - 0x00007ff9818c9000 	C:\WINDOWS\System32\gdi32full.dll
0x00007ff981710000 - 0x00007ff9817aa000 	C:\WINDOWS\System32\msvcp_win.dll
0x00007ff9664a0000 - 0x00007ff9664aa000 	C:\WINDOWS\SYSTEM32\VERSION.dll
0x00007ff983df0000 - 0x00007ff983e21000 	C:\WINDOWS\System32\IMM32.DLL
0x00007ff974cb0000 - 0x00007ff974cbc000 	C:\Program Files\Java\jdk-17\bin\vcruntime140_1.dll
0x00007ff95b510000 - 0x00007ff95b59e000 	C:\Program Files\Java\jdk-17\bin\msvcp140.dll
0x00007ff93bad0000 - 0x00007ff93c6b1000 	C:\Program Files\Java\jdk-17\bin\server\jvm.dll
0x00007ff983ae0000 - 0x00007ff983ae8000 	C:\WINDOWS\System32\PSAPI.DLL
0x00007ff979bb0000 - 0x00007ff979bb9000 	C:\WINDOWS\SYSTEM32\WSOCK32.dll
0x00007ff9784b0000 - 0x00007ff9784e4000 	C:\WINDOWS\SYSTEM32\WINMM.dll
0x00007ff982c00000 - 0x00007ff982c71000 	C:\WINDOWS\System32\WS2_32.dll
0x00007ff9802c0000 - 0x00007ff9802d8000 	C:\WINDOWS\SYSTEM32\kernel.appcore.dll
0x00007ff96f460000 - 0x00007ff96f46a000 	C:\Program Files\Java\jdk-17\bin\jimage.dll
0x00007ff97ec70000 - 0x00007ff97eea2000 	C:\WINDOWS\SYSTEM32\DBGHELP.DLL
0x00007ff982530000 - 0x00007ff9828b8000 	C:\WINDOWS\System32\combase.dll
0x00007ff982ee0000 - 0x00007ff982fb7000 	C:\WINDOWS\System32\OLEAUT32.dll
0x00007ff95faa0000 - 0x00007ff95fad2000 	C:\WINDOWS\SYSTEM32\dbgcore.DLL
0x00007ff981b30000 - 0x00007ff981bab000 	C:\WINDOWS\System32\bcryptPrimitives.dll
0x00007ff967d70000 - 0x00007ff967d95000 	C:\Program Files\Java\jdk-17\bin\java.dll
0x00007ff956a90000 - 0x00007ff956b67000 	C:\Program Files\Java\jdk-17\bin\jsvml.dll
0x00007ff9831d0000 - 0x00007ff983a2f000 	C:\WINDOWS\System32\SHELL32.dll
0x00007ff97f0c0000 - 0x00007ff97f9bc000 	C:\WINDOWS\SYSTEM32\windows.storage.dll
0x00007ff97ef70000 - 0x00007ff97f0af000 	C:\WINDOWS\SYSTEM32\wintypes.dll
0x00007ff982b00000 - 0x00007ff982bf4000 	C:\WINDOWS\System32\SHCORE.dll
0x00007ff9824c0000 - 0x00007ff98251e000 	C:\WINDOWS\System32\shlwapi.dll
0x00007ff9810d0000 - 0x00007ff9810f1000 	C:\WINDOWS\SYSTEM32\profapi.dll
0x00007ff967c70000 - 0x00007ff967c89000 	C:\Program Files\Java\jdk-17\bin\net.dll
0x00007ff97b1d0000 - 0x00007ff97b306000 	C:\WINDOWS\SYSTEM32\WINHTTP.dll
0x00007ff980730000 - 0x00007ff980799000 	C:\WINDOWS\system32\mswsock.dll
0x00007ff967c10000 - 0x00007ff967c26000 	C:\Program Files\Java\jdk-17\bin\nio.dll
0x00007ff9675c0000 - 0x00007ff9675d8000 	C:\Program Files\Java\jdk-17\bin\zip.dll
0x0000000069ac0000 - 0x0000000069ae4000 	C:\Program Files\apache-maven-3.9.6-bin\apache-maven-3.9.6\lib\jansi-native\Windows\x86_64\jansi.dll
0x00007ff96e4a0000 - 0x00007ff96e4b0000 	C:\Program Files\Java\jdk-17\bin\verify.dll

dbghelp: loaded successfully - version: 4.0.5 - missing functions: none
symbol engine: initialized successfully - sym options: 0x614 - pdb path: .;C:\Program Files\Java\jdk-17\bin;C:\WINDOWS\SYSTEM32;C:\WINDOWS\WinSxS\amd64_microsoft.windows.common-controls_6595b64144ccf1df_6.0.22621.3672_none_2713b9d173822955;C:\Program Files\Java\jdk-17\bin\server;C:\Program Files\apache-maven-3.9.6-bin\apache-maven-3.9.6\lib\jansi-native\Windows\x86_64

VM Arguments:
jvm_args: -Dclassworlds.conf=C:\Program Files\apache-maven-3.9.6-bin\apache-maven-3.9.6\bin\m2.conf -Dmaven.home=C:\Program Files\apache-maven-3.9.6-bin\apache-maven-3.9.6 -Dlibrary.jansi.path=C:\Program Files\apache-maven-3.9.6-bin\apache-maven-3.9.6\lib\jansi-native -Dmaven.multiModuleProjectDirectory=D:\SEP490_BE\SEP490_G54_BE 
java_command: org.codehaus.plexus.classworlds.launcher.Launcher install -DskipTests=true
java_class_path (initial): C:\Program Files\apache-maven-3.9.6-bin\apache-maven-3.9.6\boot\plexus-classworlds-2.7.0.jar
Launcher Type: SUN_STANDARD

[Global flags]
     intx CICompilerCount                          = 12                                        {product} {ergonomic}
     uint ConcGCThreads                            = 3                                         {product} {ergonomic}
     uint G1ConcRefinementThreads                  = 13                                        {product} {ergonomic}
   size_t G1HeapRegionSize                         = 2097152                                   {product} {ergonomic}
    uintx GCDrainStackTargetSize                   = 64                                        {product} {ergonomic}
   size_t InitialHeapSize                          = 264241152                                 {product} {ergonomic}
   size_t MarkStackSize                            = 4194304                                   {product} {ergonomic}
   size_t MaxHeapSize                              = 4198498304                                {product} {ergonomic}
   size_t MaxNewSize                               = 2518679552                                {product} {ergonomic}
   size_t MinHeapDeltaBytes                        = 2097152                                   {product} {ergonomic}
   size_t MinHeapSize                              = 8388608                                   {product} {ergonomic}
    uintx NonNMethodCodeHeapSize                   = 7602480                                {pd product} {ergonomic}
    uintx NonProfiledCodeHeapSize                  = 122027880                              {pd product} {ergonomic}
    uintx ProfiledCodeHeapSize                     = 122027880                              {pd product} {ergonomic}
    uintx ReservedCodeCacheSize                    = 251658240                              {pd product} {ergonomic}
     bool SegmentedCodeCache                       = true                                      {product} {ergonomic}
   size_t SoftMaxHeapSize                          = 4198498304                             {manageable} {ergonomic}
     bool UseCompressedClassPointers               = true                           {product lp64_product} {ergonomic}
     bool UseCompressedOops                        = true                           {product lp64_product} {ergonomic}
     bool UseG1GC                                  = true                                      {product} {ergonomic}
     bool UseLargePagesIndividualAllocation        = false                                  {pd product} {ergonomic}

Logging:
Log output configuration:
 #0: stdout all=warning uptime,level,tags
 #1: stderr all=off uptime,level,tags

Environment Variables:
JAVA_HOME=C:\Program Files\Java\jdk-17
PATH=C:\Program Files (x86)\VMware\VMware Workstation\bin\;C:\Python312\Scripts\;C:\Python312\;C:\Program Files\Java\jdk-17\bin;C:\Python311\Scripts\;C:\Python311\;C:\WINDOWS\system32;C:\WINDOWS;C:\WINDOWS\System32\Wbem;C:\WINDOWS\System32\WindowsPowerShell\v1.0\;C:\WINDOWS\System32\OpenSSH\;C:\ProgramData\chocolatey\bin;C:\Program Files (x86)\Microsoft SQL Server\160\Tools\Binn\;C:\Program Files\Microsoft SQL Server\160\Tools\Binn\;C:\Program Files\Microsoft SQL Server\Client SDK\ODBC\170\Tools\Binn\;C:\Program Files\Microsoft SQL Server\160\DTS\Binn\;z\C:\Program Files\Common Files\Oracle\Java\javapath;C:\Program Files (x86)\Microsoft SQL Server\160\DTS\Binn\;C:\Program Files\Azure Data Studio\bin;C:\Program Files\dotnet\;C:\Program Files\Microsoft SQL Server\150\Tools\Binn\;C:\Program Files\Git LFS;C:\Program Files\Go\bin;C:\protoc-25.1-win64\bin;C:\Program Files\apache-maven-3.9.6-bin\apache-maven-3.9.6\bin;C:\minikube;C:\kubectl;C:\Program Files\Git\cmd;C:\Program Files\Amazon\AWSCLIV2\;C:\Program Files\Amazon Corretto\jdk11.0.19_7\bin;C:\Users\Asus\AppData\Roaming\nvm;C:\Program Files\nodejs;C:\Program Files\Docker\Docker\resources\bin;C:\Program Files\PuTTY\;C:\Program Files\nodejs\;C:\Users\Asus\AppData\Local\Microsoft\WindowsApps;C:\Users\Asus\AppData\Local\Programs\Microsoft VS Code\bin;C:\Program Files\Java\jdk-17\bin;C:\Program Files\Azure Data Studio\bin;C:\Program Files\Oracle\VirtualBox;C:\Users\Asus\.dotnet\tools;C:\Program Files\JetBrains\GoLand 2023.2.5\bin;;C:\Users\Asus\go\bin;C:\Users\Asus\AppData\Roaming\nvm;C:\Program Files\nodejs;C:\Program Files\JetBrains\IntelliJ IDEA Community Edition 2024.1\bin;;C:\Users\Asus\AppData\Roaming\npm;C:\Users\Asus\AppData\Local\Android\sdk\platform-tools;;C:\Program Files\JetBrains\IntelliJ IDEA 2024.1.2\bin;
USERNAME=Asus
OS=Windows_NT
PROCESSOR_IDENTIFIER=Intel64 Family 6 Model 154 Stepping 3, GenuineIntel



---------------  S Y S T E M  ---------------

OS:
 Windows 11 , 64 bit Build 22621 (10.0.22621.3672)
OS uptime: 0 days 5:01 hours
Hyper-V role detected

CPU: total 16 (initial active 16) (8 cores per cpu, 2 threads per core) family 6 model 154 stepping 3 microcode 0x421, cx8, cmov, fxsr, ht, mmx, 3dnowpref, sse, sse2, sse3, ssse3, sse4.1, sse4.2, popcnt, lzcnt, tsc, tscinvbit, avx, avx2, aes, erms, clmul, bmi1, bmi2, adx, sha, fma, vzeroupper, clflush, clflushopt, clwb, hv

Memory: 4k page, system-wide physical 16008M (2656M free)
TotalPageFile size 18056M (AvailPageFile size 6M)
current process WorkingSet (physical memory assigned to process): 808M, peak: 820M
current process commit charge ("private bytes"): 865M, peak: 877M

vm_info: Java HotSpot(TM) 64-Bit Server VM (17.0.9+11-LTS-201) for windows-amd64 JRE (17.0.9+11-LTS-201), built on Oct 10 2023 23:16:06 by "mach5one" with MS VC++ 17.1 (VS2022)

END.
